Log file open, 02/03/21 22:18:58
LogWindows: Failed to load 'aqProf.dll' (GetLastError=126)
LogWindows: File 'aqProf.dll' does not exist
LogWindows: Failed to load 'VtuneApi.dll' (GetLastError=126)
LogWindows: File 'VtuneApi.dll' does not exist
LogWindows: Failed to load 'VtuneApi32e.dll' (GetLastError=126)
LogWindows: File 'VtuneApi32e.dll' does not exist
LogConsoleResponse: Display: Failed to find resolution value strings in scalability ini. Falling back to default.
LogInit: Display: Running engine for game: Umbraculo
LogPlatformFile: Not using cached read wrapper
LogTaskGraph: Started task graph with 5 named threads and 23 total threads with 3 sets of task threads.
LogStats: Stats thread started at 0.066948
LogD3D11RHI: Loaded GFSDK_Aftermath_Lib.x64.dll
LogICUInternationalization: ICU TimeZone Detection - Raw Offset: +1:00, Platform Override: ''
LogPluginManager: Mounting plugin Paper2D
LogPluginManager: Mounting plugin AISupport
LogPluginManager: Mounting plugin LightPropagationVolume
LogPluginManager: Mounting plugin ActorLayerUtilities
LogPluginManager: Mounting plugin AnimationSharing
LogPluginManager: Mounting plugin CLionSourceCodeAccess
LogPluginManager: Mounting plugin CodeLiteSourceCodeAccess
LogPluginManager: Mounting plugin GitSourceControl
LogPluginManager: Mounting plugin KDevelopSourceCodeAccess
LogPluginManager: Mounting plugin NullSourceCodeAccess
LogPluginManager: Mounting plugin PerforceSourceControl
LogPluginManager: Mounting plugin PlasticSourceControl
LogPluginManager: Mounting plugin SubversionSourceControl
LogPluginManager: Mounting plugin UObjectPlugin
LogPluginManager: Mounting plugin VisualStudioCodeSourceCodeAccess
LogPluginManager: Mounting plugin VisualStudioSourceCodeAccess
LogPluginManager: Mounting plugin XCodeSourceCodeAccess
LogPluginManager: Mounting plugin AssetManagerEditor
LogPluginManager: Mounting plugin CryptoKeys
LogPluginManager: Mounting plugin CurveEditorTools
LogPluginManager: Mounting plugin DataValidation
LogPluginManager: Mounting plugin EditorScriptingUtilities
LogPluginManager: Mounting plugin FacialAnimation
LogPluginManager: Mounting plugin GameplayTagsEditor
LogPluginManager: Mounting plugin MacGraphicsSwitching
LogPluginManager: Mounting plugin MaterialAnalyzer
LogPluginManager: Mounting plugin MobileLauncherProfileWizard
LogPluginManager: Mounting plugin PluginBrowser
LogPluginManager: Mounting plugin SpeedTreeImporter
LogPluginManager: Mounting plugin DatasmithContent
LogPluginManager: Mounting plugin VariantManagerContent
LogPluginManager: Mounting plugin AlembicImporter
LogPluginManager: Mounting plugin AutomationUtils
LogPluginManager: Mounting plugin BackChannel
LogPluginManager: Mounting plugin CharacterAI
LogPluginManager: Mounting plugin GeometryCache
LogPluginManager: Mounting plugin PlatformCrypto
LogPluginManager: Mounting plugin ProxyLODPlugin
LogPluginManager: Mounting plugin PythonScriptPlugin
LogPluginManager: Mounting plugin SkeletalReduction
LogPluginManager: Mounting plugin MagicLeap
LogPluginManager: Mounting plugin MagicLeapMedia
LogPluginManager: Mounting plugin MLSDK
LogPluginManager: Mounting plugin AndroidMedia
LogPluginManager: Mounting plugin AvfMedia
LogPluginManager: Mounting plugin ImgMedia
LogPluginManager: Mounting plugin MediaCompositing
LogPluginManager: Mounting plugin MediaPlayerEditor
LogPluginManager: Mounting plugin WebMMedia
LogPluginManager: Mounting plugin WmfMedia
LogPluginManager: Mounting plugin TcpMessaging
LogPluginManager: Mounting plugin UdpMessaging
LogPluginManager: Mounting plugin ActorSequence
LogPluginManager: Mounting plugin LevelSequenceEditor
LogPluginManager: Mounting plugin MatineeToLevelSequence
LogPluginManager: Mounting plugin NetcodeUnitTest
LogPluginManager: Mounting plugin NUTUnrealEngine4
LogPluginManager: Mounting plugin OnlineSubsystemGooglePlay
LogPluginManager: Mounting plugin OnlineSubsystemIOS
LogPluginManager: Mounting plugin OnlineSubsystem
LogPluginManager: Mounting plugin OnlineSubsystemNull
LogPluginManager: Mounting plugin OnlineSubsystemUtils
LogPluginManager: Mounting plugin LauncherChunkInstaller
LogPluginManager: Mounting plugin AndroidDeviceProfileSelector
LogPluginManager: Mounting plugin AndroidMoviePlayer
LogPluginManager: Mounting plugin AndroidPermission
LogPluginManager: Mounting plugin AppleImageUtils
LogPluginManager: Mounting plugin AppleMoviePlayer
LogPluginManager: Mounting plugin ArchVisCharacter
LogPluginManager: Mounting plugin AssetTags
LogPluginManager: Mounting plugin AudioCapture
LogPluginManager: Mounting plugin CableComponent
LogPluginManager: Mounting plugin CustomMeshComponent
LogPluginManager: Mounting plugin EditableMesh
LogPluginManager: Mounting plugin ExampleDeviceProfileSelector
LogPluginManager: Mounting plugin GoogleCloudMessaging
LogPluginManager: Mounting plugin IOSDeviceProfileSelector
LogPluginManager: Mounting plugin LinuxDeviceProfileSelector
LogPluginManager: Mounting plugin LocationServicesBPLibrary
LogPluginManager: Mounting plugin MobilePatchingUtils
LogPluginManager: Mounting plugin OculusVR
LogPluginManager: Mounting plugin PhysXVehicles
LogPluginManager: Mounting plugin PostSplashScreen
LogPluginManager: Mounting plugin ProceduralMeshComponent
LogPluginManager: Mounting plugin RuntimePhysXCooking
LogPluginManager: Mounting plugin SignificanceManager
LogPluginManager: Mounting plugin SteamVR
LogPluginManager: Mounting plugin WebMMoviePlayer
LogPluginManager: Mounting plugin WindowsMoviePlayer
LogPluginManager: Mounting plugin ScreenshotTools
LogInit: Using libcurl 7.55.1-DEV
LogInit:  - built for x86_64-pc-win32
LogInit:  - supports SSL with OpenSSL/1.1.1
LogInit:  - supports HTTP deflate (compression) using libz 1.2.8
LogInit:  - other features:
LogInit:      CURL_VERSION_SSL
LogInit:      CURL_VERSION_LIBZ
LogInit:      CURL_VERSION_IPV6
LogInit:      CURL_VERSION_ASYNCHDNS
LogInit:      CURL_VERSION_LARGEFILE
LogInit:      CURL_VERSION_IDN
LogInit:  CurlRequestOptions (configurable via config and command line):
LogInit:  - bVerifyPeer = true  - Libcurl will verify peer certificate
LogInit:  - bUseHttpProxy = false  - Libcurl will NOT use HTTP proxy
LogInit:  - bDontReuseConnections = false  - Libcurl will reuse connections
LogInit:  - MaxHostConnections = 16  - Libcurl will limit the number of connections to a host
LogInit:  - LocalHostAddr = Default
LogInit:  - BufferSize = 65536
LogOnline: OSS: Creating online subsystem instance for: NULL
LogInit: WinSock: version 1.1 (2.2), MaxSocks=32767, MaxUdp=65467
LogOnline: OSS: TryLoadSubsystemAndSetDefault: Loaded subsystem for module [NULL]
LogInit: Build: ++UE4+Release-4.24-CL-11590370
LogInit: Engine Version: 4.24.3-11590370+++UE4+Release-4.24
LogInit: Compatible Engine Version: 4.24.0-10570792+++UE4+Release-4.24
LogInit: Net CL: 10570792
LogInit: OS: Windows 10 (Release 1909) (), CPU: Intel(R) Core(TM) i7-7700K CPU @ 4.20GHz, GPU: NVIDIA GeForce GTX 1060 6GB
LogInit: Compiled (64-bit): Feb 24 2020 15:39:18
LogInit: Compiled with Visual C++: 19.16.27032.01
LogInit: Build Configuration: Development
LogInit: Branch Name: ++UE4+Release-4.24
LogInit: Command Line:  C:/Users/jose/Documents/Visita-al-Umbracle/Umbraculo/Umbraculo.uproject -run=GatherText -config=Config/Localization/Game_Compile.ini
LogInit: Base Directory: D:/Epic Games/Epic Games/UE_4.24/Engine/Binaries/Win64/
LogInit: Installed Engine Build: 1
LogDevObjectVersion: Number of dev versions registered: 25
LogDevObjectVersion:   Dev-Blueprints (B0D832E4-1F89-4F0D-ACCF-7EB736FD4AA2): 10
LogDevObjectVersion:   Dev-Build (E1C64328-A22C-4D53-A36C-8E866417BD8C): 0
LogDevObjectVersion:   Dev-Core (375EC13C-06E4-48FB-B500-84F0262A717E): 3
LogDevObjectVersion:   Dev-Editor (E4B068ED-F494-42E9-A231-DA0B2E46BB41): 37
LogDevObjectVersion:   Dev-Framework (CFFC743F-43B0-4480-9391-14DF171D2073): 36
LogDevObjectVersion:   Dev-Mobile (B02B49B5-BB20-44E9-A304-32B752E40360): 2
LogDevObjectVersion:   Dev-Networking (A4E4105C-59A1-49B5-A7C5-40C4547EDFEE): 0
LogDevObjectVersion:   Dev-Online (39C831C9-5AE6-47DC-9A44-9C173E1C8E7C): 0
LogDevObjectVersion:   Dev-Physics (78F01B33-EBEA-4F98-B9B4-84EACCB95AA2): 2
LogDevObjectVersion:   Dev-Platform (6631380F-2D4D-43E0-8009-CF276956A95A): 0
LogDevObjectVersion:   Dev-Rendering (12F88B9F-8875-4AFC-A67C-D90C383ABD29): 36
LogDevObjectVersion:   Dev-Sequencer (7B5AE74C-D270-4C10-A958-57980B212A5A): 11
LogDevObjectVersion:   Dev-VR (D7296918-1DD6-4BDD-9DE2-64A83CC13884): 2
LogDevObjectVersion:   Dev-LoadTimes (C2A15278-BFE7-4AFE-6C17-90FF531DF755): 1
LogDevObjectVersion:   Private-Geometry (6EACA3D4-40EC-4CC1-B786-8BED09428FC5): 3
LogDevObjectVersion:   Dev-AnimPhys (29E575DD-E0A3-4627-9D10-D276232CDCEA): 17
LogDevObjectVersion:   Dev-Anim (AF43A65D-7FD3-4947-9873-3E8ED9C1BB05): 2
LogDevObjectVersion:   Dev-ReflectionCapture (6B266CEC-1EC7-4B8F-A30B-E4D90942FC07): 1
LogDevObjectVersion:   Dev-Automation (0DF73D61-A23F-47EA-B727-89E90C41499A): 1
LogDevObjectVersion:   FortniteMain (601D1886-AC64-4F84-AA16-D3DE0DEAC7D6): 31
LogDevObjectVersion:   Dev-Enterprise (9DFFBCD6-494F-0158-E221-12823C92A888): 8
LogDevObjectVersion:   Dev-Niagara (F2AED0AC-9AFE-416F-8664-AA7FFA26D6FC): 1
LogDevObjectVersion:   Dev-Destruction (174F1F0B-B4C6-45A5-B13F-2EE8D0FB917D): 9
LogDevObjectVersion:   Dev-Physics-Ext (35F94A83-E258-406C-A318-09F59610247C): 8
LogDevObjectVersion:   Dev-CineCamera (B2E18506-4273-CFC2-A54E-F4BB758BBA07): 1
LogInit: Presizing for max 25165824 objects, including 0 objects not considered by GC, pre-allocating 0 bytes for permanent pool.
LogInit: Object subsystem initialized
LogConfig: Setting CVar [[con.DebugEarlyDefault:1]]
LogConfig: Setting CVar [[r.setres:1280x720]]
[2021.02.03-21.18.58:761][  0]LogConfig: Setting CVar [[con.DebugEarlyDefault:1]]
[2021.02.03-21.18.58:761][  0]LogConfig: Setting CVar [[r.setres:1280x720]]
[2021.02.03-21.18.58:761][  0]LogConfig: Applying CVar settings from Section [/Script/Engine.RendererSettings] File [C:/Users/jose/Documents/Visita-al-Umbracle/Umbraculo/Saved/Config/Windows/Engine.ini]
[2021.02.03-21.18.58:761][  0]LogConfig: Setting CVar [[r.GPUCrashDebugging:0]]
[2021.02.03-21.18.58:761][  0]LogConfig: Applying CVar settings from Section [/Script/Engine.RendererOverrideSettings] File [C:/Users/jose/Documents/Visita-al-Umbracle/Umbraculo/Saved/Config/Windows/Engine.ini]
[2021.02.03-21.18.58:761][  0]LogConfig: Applying CVar settings from Section [/Script/Engine.StreamingSettings] File [C:/Users/jose/Documents/Visita-al-Umbracle/Umbraculo/Saved/Config/Windows/Engine.ini]
[2021.02.03-21.18.58:761][  0]LogConfig: Setting CVar [[s.MinBulkDataSizeForAsyncLoading:131072]]
[2021.02.03-21.18.58:761][  0]LogConfig: Setting CVar [[s.AsyncLoadingThreadEnabled:0]]
[2021.02.03-21.18.58:761][  0]LogConfig: Setting CVar [[s.EventDrivenLoaderEnabled:1]]
[2021.02.03-21.18.58:761][  0]LogConfig: Setting CVar [[s.WarnIfTimeLimitExceeded:0]]
[2021.02.03-21.18.58:761][  0]LogConfig: Setting CVar [[s.TimeLimitExceededMultiplier:1.5]]
[2021.02.03-21.18.58:761][  0]LogConfig: Setting CVar [[s.TimeLimitExceededMinTime:0.005]]
[2021.02.03-21.18.58:761][  0]LogConfig: Setting CVar [[s.UseBackgroundLevelStreaming:1]]
[2021.02.03-21.18.58:761][  0]LogConfig: Setting CVar [[s.PriorityAsyncLoadingExtraTime:15.0]]
[2021.02.03-21.18.58:761][  0]LogConfig: Setting CVar [[s.LevelStreamingActorsUpdateTimeLimit:5.0]]
[2021.02.03-21.18.58:761][  0]LogConfig: Setting CVar [[s.PriorityLevelStreamingActorsUpdateExtraTime:5.0]]
[2021.02.03-21.18.58:761][  0]LogConfig: Setting CVar [[s.LevelStreamingComponentsRegistrationGranularity:10]]
[2021.02.03-21.18.58:761][  0]LogConfig: Setting CVar [[s.UnregisterComponentsTimeLimit:1.0]]
[2021.02.03-21.18.58:761][  0]LogConfig: Setting CVar [[s.LevelStreamingComponentsUnregistrationGranularity:5]]
[2021.02.03-21.18.58:761][  0]LogConfig: Setting CVar [[s.FlushStreamingOnExit:1]]
[2021.02.03-21.18.58:761][  0]LogConfig: Applying CVar settings from Section [/Script/Engine.GarbageCollectionSettings] File [C:/Users/jose/Documents/Visita-al-Umbracle/Umbraculo/Saved/Config/Windows/Engine.ini]
[2021.02.03-21.18.58:761][  0]LogConfig: Setting CVar [[gc.MaxObjectsNotConsideredByGC:1]]
[2021.02.03-21.18.58:761][  0]LogConfig: Setting CVar [[gc.SizeOfPermanentObjectPool:0]]
[2021.02.03-21.18.58:761][  0]LogConfig: Setting CVar [[gc.FlushStreamingOnGC:0]]
[2021.02.03-21.18.58:761][  0]LogConfig: Setting CVar [[gc.NumRetriesBeforeForcingGC:10]]
[2021.02.03-21.18.58:761][  0]LogConfig: Setting CVar [[gc.AllowParallelGC:1]]
[2021.02.03-21.18.58:761][  0]LogConfig: Setting CVar [[gc.TimeBetweenPurgingPendingKillObjects:61.1]]
[2021.02.03-21.18.58:761][  0]LogConfig: Setting CVar [[gc.MaxObjectsInEditor:25165824]]
[2021.02.03-21.18.58:761][  0]LogConfig: Setting CVar [[gc.IncrementalBeginDestroyEnabled:1]]
[2021.02.03-21.18.58:761][  0]LogConfig: Setting CVar [[gc.CreateGCClusters:1]]
[2021.02.03-21.18.58:761][  0]LogConfig: Setting CVar [[gc.MinGCClusterSize:5]]
[2021.02.03-21.18.58:761][  0]LogConfig: Setting CVar [[gc.ActorClusteringEnabled:0]]
[2021.02.03-21.18.58:761][  0]LogConfig: Setting CVar [[gc.BlueprintClusteringEnabled:0]]
[2021.02.03-21.18.58:761][  0]LogConfig: Setting CVar [[gc.UseDisregardForGCOnDedicatedServers:0]]
[2021.02.03-21.18.58:761][  0]LogConfig: Applying CVar settings from Section [/Script/Engine.NetworkSettings] File [C:/Users/jose/Documents/Visita-al-Umbracle/Umbraculo/Saved/Config/Windows/Engine.ini]
[2021.02.03-21.18.58:761][  0]LogConfig: Applying CVar settings from Section [/Script/UnrealEd.CookerSettings] File [C:/Users/jose/Documents/Visita-al-Umbracle/Umbraculo/Saved/Config/Windows/Engine.ini]
[2021.02.03-21.18.58:761][  0]LogConfig: Applying CVar settings from Section [ViewDistanceQuality@3] File [C:/Users/jose/Documents/Visita-al-Umbracle/Umbraculo/Saved/Config/Windows/Scalability.ini]
[2021.02.03-21.18.58:761][  0]LogConfig: Setting CVar [[r.SkeletalMeshLODBias:0]]
[2021.02.03-21.18.58:761][  0]LogConfig: Setting CVar [[r.ViewDistanceScale:1.0]]
[2021.02.03-21.18.58:761][  0]LogConfig: Applying CVar settings from Section [AntiAliasingQuality@3] File [C:/Users/jose/Documents/Visita-al-Umbracle/Umbraculo/Saved/Config/Windows/Scalability.ini]
[2021.02.03-21.18.58:761][  0]LogConfig: Setting CVar [[r.PostProcessAAQuality:4]]
[2021.02.03-21.18.58:761][  0]LogConfig: Applying CVar settings from Section [ShadowQuality@3] File [C:/Users/jose/Documents/Visita-al-Umbracle/Umbraculo/Saved/Config/Windows/Scalability.ini]
[2021.02.03-21.18.58:761][  0]LogConfig: Setting CVar [[r.LightFunctionQuality:1]]
[2021.02.03-21.18.58:761][  0]LogConfig: Setting CVar [[r.ShadowQuality:5]]
[2021.02.03-21.18.58:761][  0]LogConfig: Setting CVar [[r.Shadow.CSM.MaxCascades:10]]
[2021.02.03-21.18.58:761][  0]LogConfig: Setting CVar [[r.Shadow.MaxResolution:2048]]
[2021.02.03-21.18.58:762][  0]LogConfig: Setting CVar [[r.Shadow.MaxCSMResolution:2048]]
[2021.02.03-21.18.58:762][  0]LogConfig: Setting CVar [[r.Shadow.RadiusThreshold:0.01]]
[2021.02.03-21.18.58:762][  0]LogConfig: Setting CVar [[r.Shadow.DistanceScale:1.0]]
[2021.02.03-21.18.58:762][  0]LogConfig: Setting CVar [[r.Shadow.CSM.TransitionScale:1.0]]
[2021.02.03-21.18.58:762][  0]LogConfig: Setting CVar [[r.Shadow.PreShadowResolutionFactor:1.0]]
[2021.02.03-21.18.58:762][  0]LogConfig: Setting CVar [[r.DistanceFieldShadowing:1]]
[2021.02.03-21.18.58:762][  0]LogConfig: Setting CVar [[r.DistanceFieldAO:1]]
[2021.02.03-21.18.58:762][  0]LogConfig: Setting CVar [[r.AOQuality:2]]
[2021.02.03-21.18.58:762][  0]LogConfig: Setting CVar [[r.VolumetricFog:1]]
[2021.02.03-21.18.58:762][  0]LogConfig: Setting CVar [[r.VolumetricFog.GridPixelSize:8]]
[2021.02.03-21.18.58:762][  0]LogConfig: Setting CVar [[r.VolumetricFog.GridSizeZ:128]]
[2021.02.03-21.18.58:762][  0]LogConfig: Setting CVar [[r.VolumetricFog.HistoryMissSupersampleCount:4]]
[2021.02.03-21.18.58:762][  0]LogConfig: Setting CVar [[r.LightMaxDrawDistanceScale:1]]
[2021.02.03-21.18.58:762][  0]LogConfig: Setting CVar [[r.CapsuleShadows:1]]
[2021.02.03-21.18.58:762][  0]LogConfig: Applying CVar settings from Section [PostProcessQuality@3] File [C:/Users/jose/Documents/Visita-al-Umbracle/Umbraculo/Saved/Config/Windows/Scalability.ini]
[2021.02.03-21.18.58:762][  0]LogConfig: Setting CVar [[r.MotionBlurQuality:4]]
[2021.02.03-21.18.58:762][  0]LogConfig: Setting CVar [[r.AmbientOcclusionMipLevelFactor:0.4]]
[2021.02.03-21.18.58:762][  0]LogConfig: Setting CVar [[r.AmbientOcclusionMaxQuality:100]]
[2021.02.03-21.18.58:762][  0]LogConfig: Setting CVar [[r.AmbientOcclusionLevels:-1]]
[2021.02.03-21.18.58:762][  0]LogConfig: Setting CVar [[r.AmbientOcclusionRadiusScale:1.0]]
[2021.02.03-21.18.58:762][  0]LogConfig: Setting CVar [[r.DepthOfFieldQuality:2]]
[2021.02.03-21.18.58:762][  0]LogConfig: Setting CVar [[r.RenderTargetPoolMin:400]]
[2021.02.03-21.18.58:762][  0]LogConfig: Setting CVar [[r.LensFlareQuality:2]]
[2021.02.03-21.18.58:762][  0]LogConfig: Setting CVar [[r.SceneColorFringeQuality:1]]
[2021.02.03-21.18.58:762][  0]LogConfig: Setting CVar [[r.EyeAdaptationQuality:2]]
[2021.02.03-21.18.58:762][  0]LogConfig: Setting CVar [[r.BloomQuality:5]]
[2021.02.03-21.18.58:762][  0]LogConfig: Setting CVar [[r.FastBlurThreshold:100]]
[2021.02.03-21.18.58:762][  0]LogConfig: Setting CVar [[r.Upscale.Quality:3]]
[2021.02.03-21.18.58:762][  0]LogConfig: Setting CVar [[r.Tonemapper.GrainQuantization:1]]
[2021.02.03-21.18.58:762][  0]LogConfig: Setting CVar [[r.LightShaftQuality:1]]
[2021.02.03-21.18.58:762][  0]LogConfig: Setting CVar [[r.Filter.SizeScale:1]]
[2021.02.03-21.18.58:762][  0]LogConfig: Setting CVar [[r.Tonemapper.Quality:5]]
[2021.02.03-21.18.58:762][  0]LogConfig: Setting CVar [[r.DOF.Gather.AccumulatorQuality:1        ; higher gathering accumulator quality]]
[2021.02.03-21.18.58:762][  0]LogConfig: Setting CVar [[r.DOF.Gather.PostfilterMethod:1          ; Median3x3 postfilering method]]
[2021.02.03-21.18.58:762][  0]LogConfig: Setting CVar [[r.DOF.Gather.EnableBokehSettings:0       ; no bokeh simulation when gathering]]
[2021.02.03-21.18.58:762][  0]LogConfig: Setting CVar [[r.DOF.Gather.RingCount:4                 ; medium number of samples when gathering]]
[2021.02.03-21.18.58:762][  0]LogConfig: Setting CVar [[r.DOF.Scatter.ForegroundCompositing:1    ; additive foreground scattering]]
[2021.02.03-21.18.58:762][  0]LogConfig: Setting CVar [[r.DOF.Scatter.BackgroundCompositing:2    ; additive background scattering]]
[2021.02.03-21.18.58:762][  0]LogConfig: Setting CVar [[r.DOF.Scatter.EnableBokehSettings:1      ; bokeh simulation when scattering]]
[2021.02.03-21.18.58:762][  0]LogConfig: Setting CVar [[r.DOF.Scatter.MaxSpriteRatio:0.1         ; only a maximum of 10% of scattered bokeh]]
[2021.02.03-21.18.58:762][  0]LogConfig: Setting CVar [[r.DOF.Recombine.Quality:1                ; cheap slight out of focus]]
[2021.02.03-21.18.58:762][  0]LogConfig: Setting CVar [[r.DOF.Recombine.EnableBokehSettings:0    ; no bokeh simulation on slight out of focus]]
[2021.02.03-21.18.58:762][  0]LogConfig: Setting CVar [[r.DOF.TemporalAAQuality:1                ; more stable temporal accumulation]]
[2021.02.03-21.18.58:762][  0]LogConfig: Setting CVar [[r.DOF.Kernel.MaxForegroundRadius:0.025]]
[2021.02.03-21.18.58:762][  0]LogConfig: Setting CVar [[r.DOF.Kernel.MaxBackgroundRadius:0.025]]
[2021.02.03-21.18.58:762][  0]LogConfig: Applying CVar settings from Section [TextureQuality@3] File [C:/Users/jose/Documents/Visita-al-Umbracle/Umbraculo/Saved/Config/Windows/Scalability.ini]
[2021.02.03-21.18.58:762][  0]LogConfig: Setting CVar [[r.Streaming.MipBias:0]]
[2021.02.03-21.18.58:762][  0]LogConfig: Setting CVar [[r.Streaming.AmortizeCPUToGPUCopy:0]]
[2021.02.03-21.18.58:762][  0]LogConfig: Setting CVar [[r.Streaming.MaxNumTexturesToStreamPerFrame:0]]
[2021.02.03-21.18.58:762][  0]LogConfig: Setting CVar [[r.Streaming.Boost:1]]
[2021.02.03-21.18.58:762][  0]LogConfig: Setting CVar [[r.MaxAnisotropy:8]]
[2021.02.03-21.18.58:762][  0]LogConfig: Setting CVar [[r.VT.MaxAnisotropy:8]]
[2021.02.03-21.18.58:762][  0]LogConfig: Setting CVar [[r.Streaming.LimitPoolSizeToVRAM:0]]
[2021.02.03-21.18.58:762][  0]LogConfig: Setting CVar [[r.Streaming.PoolSize:1000]]
[2021.02.03-21.18.58:762][  0]LogConfig: Setting CVar [[r.Streaming.MaxEffectiveScreenSize:0]]
[2021.02.03-21.18.58:762][  0]LogConfig: Applying CVar settings from Section [EffectsQuality@3] File [C:/Users/jose/Documents/Visita-al-Umbracle/Umbraculo/Saved/Config/Windows/Scalability.ini]
[2021.02.03-21.18.58:762][  0]LogConfig: Setting CVar [[r.TranslucencyLightingVolumeDim:64]]
[2021.02.03-21.18.58:762][  0]LogConfig: Setting CVar [[r.RefractionQuality:2]]
[2021.02.03-21.18.58:762][  0]LogConfig: Setting CVar [[r.SSR.Quality:3]]
[2021.02.03-21.18.58:762][  0]LogConfig: Setting CVar [[r.SSR.HalfResSceneColor:0]]
[2021.02.03-21.18.58:762][  0]LogConfig: Setting CVar [[r.SceneColorFormat:4]]
[2021.02.03-21.18.58:762][  0]LogConfig: Setting CVar [[r.DetailMode:2]]
[2021.02.03-21.18.58:762][  0]LogConfig: Setting CVar [[r.TranslucencyVolumeBlur:1]]
[2021.02.03-21.18.58:762][  0]LogConfig: Setting CVar [[r.MaterialQualityLevel:1 ; High quality]]
[2021.02.03-21.18.58:762][  0]LogConfig: Setting CVar [[r.SSS.Scale:1]]
[2021.02.03-21.18.58:762][  0]LogConfig: Setting CVar [[r.SSS.SampleSet:2]]
[2021.02.03-21.18.58:762][  0]LogConfig: Setting CVar [[r.SSS.Quality:1]]
[2021.02.03-21.18.58:762][  0]LogConfig: Setting CVar [[r.SSS.HalfRes:1]]
[2021.02.03-21.18.58:762][  0]LogConfig: Setting CVar [[r.SSGI.Quality:3]]
[2021.02.03-21.18.58:762][  0]LogConfig: Setting CVar [[r.EmitterSpawnRateScale:1.0]]
[2021.02.03-21.18.58:762][  0]LogConfig: Setting CVar [[r.ParticleLightQuality:2]]
[2021.02.03-21.18.58:762][  0]LogConfig: Setting CVar [[r.SkyAtmosphere.AerialPerspectiveLUT.FastApplyOnOpaque:1 ; Always have FastSkyLUT 1 in this case to avoid wrong sky]]
[2021.02.03-21.18.58:762][  0]LogConfig: Setting CVar [[r.SkyAtmosphere.AerialPerspectiveLUT.SampleCountPerSlice:1]]
[2021.02.03-21.18.58:762][  0]LogConfig: Setting CVar [[r.SkyAtmosphere.AerialPerspectiveLUT.DepthResolution:16.0]]
[2021.02.03-21.18.58:762][  0]LogConfig: Setting CVar [[r.SkyAtmosphere.FastSkyLUT:1]]
[2021.02.03-21.18.58:762][  0]LogConfig: Setting CVar [[r.SkyAtmosphere.FastSkyLUT.SampleCountMin:4.0]]
[2021.02.03-21.18.58:762][  0]LogConfig: Setting CVar [[r.SkyAtmosphere.FastSkyLUT.SampleCountMax:32.0]]
[2021.02.03-21.18.58:762][  0]LogConfig: Setting CVar [[r.SkyAtmosphere.SampleCountMin:4.0]]
[2021.02.03-21.18.58:762][  0]LogConfig: Setting CVar [[r.SkyAtmosphere.SampleCountMax:32.0]]
[2021.02.03-21.18.58:762][  0]LogConfig: Setting CVar [[r.SkyAtmosphere.TransmittanceLUT.UseSmallFormat:0]]
[2021.02.03-21.18.58:762][  0]LogConfig: Setting CVar [[r.SkyAtmosphere.TransmittanceLUT.SampleCount:10.0]]
[2021.02.03-21.18.58:762][  0]LogConfig: Setting CVar [[r.SkyAtmosphere.MultiScatteringLUT.SampleCount:15.0]]
[2021.02.03-21.18.58:762][  0]LogConfig: Applying CVar settings from Section [FoliageQuality@3] File [C:/Users/jose/Documents/Visita-al-Umbracle/Umbraculo/Saved/Config/Windows/Scalability.ini]
[2021.02.03-21.18.58:762][  0]LogConfig: Setting CVar [[foliage.DensityScale:1.0]]
[2021.02.03-21.18.58:762][  0]LogConfig: Setting CVar [[grass.DensityScale:1.0]]
[2021.02.03-21.18.58:762][  0]LogConfig: Applying CVar settings from Section [ShadingQuality@3] File [C:/Users/jose/Documents/Visita-al-Umbracle/Umbraculo/Saved/Config/Windows/Scalability.ini]
[2021.02.03-21.18.58:762][  0]LogConfig: Setting CVar [[r.HairStrands.SkyLighting.SampleCount:16]]
[2021.02.03-21.18.58:762][  0]LogConfig: Setting CVar [[r.HairStrands.SkyLighting.JitterIntegration:0]]
[2021.02.03-21.18.58:762][  0]LogConfig: Setting CVar [[r.HairStrands.SkyAO.SampleCount:16]]
[2021.02.03-21.18.58:763][  0]LogInit: Selected Device Profile: [Windows]
[2021.02.03-21.18.58:763][  0]LogInit: Applying CVar settings loaded from the selected device profile: [Windows]
[2021.02.03-21.18.58:765][  0]LogHAL: Display: Platform has ~ 16 GB [17111044096 / 17179869184 / 16], which maps to Larger [LargestMinGB=32, LargerMinGB=12, DefaultMinGB=8, SmallerMinGB=6, SmallestMinGB=0)
[2021.02.03-21.18.58:765][  0]LogInit: Going up to parent DeviceProfile []
[2021.02.03-21.18.58:765][  0]LogConfig: Applying CVar settings from Section [ViewDistanceQuality@3] File [C:/Users/jose/Documents/Visita-al-Umbracle/Umbraculo/Saved/Config/Windows/Scalability.ini]
[2021.02.03-21.18.58:765][  0]LogConfig: Setting CVar [[r.SkeletalMeshLODBias:0]]
[2021.02.03-21.18.58:765][  0]LogConfig: Setting CVar [[r.ViewDistanceScale:1.0]]
[2021.02.03-21.18.58:765][  0]LogConfig: Applying CVar settings from Section [AntiAliasingQuality@3] File [C:/Users/jose/Documents/Visita-al-Umbracle/Umbraculo/Saved/Config/Windows/Scalability.ini]
[2021.02.03-21.18.58:765][  0]LogConfig: Setting CVar [[r.PostProcessAAQuality:4]]
[2021.02.03-21.18.58:765][  0]LogConfig: Applying CVar settings from Section [ShadowQuality@3] File [C:/Users/jose/Documents/Visita-al-Umbracle/Umbraculo/Saved/Config/Windows/Scalability.ini]
[2021.02.03-21.18.58:765][  0]LogConfig: Setting CVar [[r.LightFunctionQuality:1]]
[2021.02.03-21.18.58:765][  0]LogConfig: Setting CVar [[r.ShadowQuality:5]]
[2021.02.03-21.18.58:765][  0]LogConfig: Setting CVar [[r.Shadow.CSM.MaxCascades:10]]
[2021.02.03-21.18.58:765][  0]LogConfig: Setting CVar [[r.Shadow.MaxResolution:2048]]
[2021.02.03-21.18.58:765][  0]LogConfig: Setting CVar [[r.Shadow.MaxCSMResolution:2048]]
[2021.02.03-21.18.58:765][  0]LogConfig: Setting CVar [[r.Shadow.RadiusThreshold:0.01]]
[2021.02.03-21.18.58:765][  0]LogConfig: Setting CVar [[r.Shadow.DistanceScale:1.0]]
[2021.02.03-21.18.58:765][  0]LogConfig: Setting CVar [[r.Shadow.CSM.TransitionScale:1.0]]
[2021.02.03-21.18.58:765][  0]LogConfig: Setting CVar [[r.Shadow.PreShadowResolutionFactor:1.0]]
[2021.02.03-21.18.58:765][  0]LogConfig: Setting CVar [[r.DistanceFieldShadowing:1]]
[2021.02.03-21.18.58:765][  0]LogConfig: Setting CVar [[r.DistanceFieldAO:1]]
[2021.02.03-21.18.58:765][  0]LogConfig: Setting CVar [[r.AOQuality:2]]
[2021.02.03-21.18.58:765][  0]LogConfig: Setting CVar [[r.VolumetricFog:1]]
[2021.02.03-21.18.58:765][  0]LogConfig: Setting CVar [[r.VolumetricFog.GridPixelSize:8]]
[2021.02.03-21.18.58:765][  0]LogConfig: Setting CVar [[r.VolumetricFog.GridSizeZ:128]]
[2021.02.03-21.18.58:765][  0]LogConfig: Setting CVar [[r.VolumetricFog.HistoryMissSupersampleCount:4]]
[2021.02.03-21.18.58:765][  0]LogConfig: Setting CVar [[r.LightMaxDrawDistanceScale:1]]
[2021.02.03-21.18.58:765][  0]LogConfig: Setting CVar [[r.CapsuleShadows:1]]
[2021.02.03-21.18.58:765][  0]LogConfig: Applying CVar settings from Section [PostProcessQuality@3] File [C:/Users/jose/Documents/Visita-al-Umbracle/Umbraculo/Saved/Config/Windows/Scalability.ini]
[2021.02.03-21.18.58:765][  0]LogConfig: Setting CVar [[r.MotionBlurQuality:4]]
[2021.02.03-21.18.58:765][  0]LogConfig: Setting CVar [[r.AmbientOcclusionMipLevelFactor:0.4]]
[2021.02.03-21.18.58:765][  0]LogConfig: Setting CVar [[r.AmbientOcclusionMaxQuality:100]]
[2021.02.03-21.18.58:765][  0]LogConfig: Setting CVar [[r.AmbientOcclusionLevels:-1]]
[2021.02.03-21.18.58:765][  0]LogConfig: Setting CVar [[r.AmbientOcclusionRadiusScale:1.0]]
[2021.02.03-21.18.58:765][  0]LogConfig: Setting CVar [[r.DepthOfFieldQuality:2]]
[2021.02.03-21.18.58:765][  0]LogConfig: Setting CVar [[r.RenderTargetPoolMin:400]]
[2021.02.03-21.18.58:765][  0]LogConfig: Setting CVar [[r.LensFlareQuality:2]]
[2021.02.03-21.18.58:765][  0]LogConfig: Setting CVar [[r.SceneColorFringeQuality:1]]
[2021.02.03-21.18.58:765][  0]LogConfig: Setting CVar [[r.EyeAdaptationQuality:2]]
[2021.02.03-21.18.58:765][  0]LogConfig: Setting CVar [[r.BloomQuality:5]]
[2021.02.03-21.18.58:765][  0]LogConfig: Setting CVar [[r.FastBlurThreshold:100]]
[2021.02.03-21.18.58:765][  0]LogConfig: Setting CVar [[r.Upscale.Quality:3]]
[2021.02.03-21.18.58:765][  0]LogConfig: Setting CVar [[r.Tonemapper.GrainQuantization:1]]
[2021.02.03-21.18.58:765][  0]LogConfig: Setting CVar [[r.LightShaftQuality:1]]
[2021.02.03-21.18.58:765][  0]LogConfig: Setting CVar [[r.Filter.SizeScale:1]]
[2021.02.03-21.18.58:765][  0]LogConfig: Setting CVar [[r.Tonemapper.Quality:5]]
[2021.02.03-21.18.58:765][  0]LogConfig: Setting CVar [[r.DOF.Gather.AccumulatorQuality:1        ; higher gathering accumulator quality]]
[2021.02.03-21.18.58:765][  0]LogConfig: Setting CVar [[r.DOF.Gather.PostfilterMethod:1          ; Median3x3 postfilering method]]
[2021.02.03-21.18.58:765][  0]LogConfig: Setting CVar [[r.DOF.Gather.EnableBokehSettings:0       ; no bokeh simulation when gathering]]
[2021.02.03-21.18.58:765][  0]LogConfig: Setting CVar [[r.DOF.Gather.RingCount:4                 ; medium number of samples when gathering]]
[2021.02.03-21.18.58:765][  0]LogConfig: Setting CVar [[r.DOF.Scatter.ForegroundCompositing:1    ; additive foreground scattering]]
[2021.02.03-21.18.58:765][  0]LogConfig: Setting CVar [[r.DOF.Scatter.BackgroundCompositing:2    ; additive background scattering]]
[2021.02.03-21.18.58:765][  0]LogConfig: Setting CVar [[r.DOF.Scatter.EnableBokehSettings:1      ; bokeh simulation when scattering]]
[2021.02.03-21.18.58:765][  0]LogConfig: Setting CVar [[r.DOF.Scatter.MaxSpriteRatio:0.1         ; only a maximum of 10% of scattered bokeh]]
[2021.02.03-21.18.58:765][  0]LogConfig: Setting CVar [[r.DOF.Recombine.Quality:1                ; cheap slight out of focus]]
[2021.02.03-21.18.58:765][  0]LogConfig: Setting CVar [[r.DOF.Recombine.EnableBokehSettings:0    ; no bokeh simulation on slight out of focus]]
[2021.02.03-21.18.58:765][  0]LogConfig: Setting CVar [[r.DOF.TemporalAAQuality:1                ; more stable temporal accumulation]]
[2021.02.03-21.18.58:765][  0]LogConfig: Setting CVar [[r.DOF.Kernel.MaxForegroundRadius:0.025]]
[2021.02.03-21.18.58:765][  0]LogConfig: Setting CVar [[r.DOF.Kernel.MaxBackgroundRadius:0.025]]
[2021.02.03-21.18.58:765][  0]LogConfig: Applying CVar settings from Section [TextureQuality@3] File [C:/Users/jose/Documents/Visita-al-Umbracle/Umbraculo/Saved/Config/Windows/Scalability.ini]
[2021.02.03-21.18.58:765][  0]LogConfig: Setting CVar [[r.Streaming.MipBias:0]]
[2021.02.03-21.18.58:765][  0]LogConfig: Setting CVar [[r.Streaming.AmortizeCPUToGPUCopy:0]]
[2021.02.03-21.18.58:765][  0]LogConfig: Setting CVar [[r.Streaming.MaxNumTexturesToStreamPerFrame:0]]
[2021.02.03-21.18.58:765][  0]LogConfig: Setting CVar [[r.Streaming.Boost:1]]
[2021.02.03-21.18.58:765][  0]LogConfig: Setting CVar [[r.MaxAnisotropy:8]]
[2021.02.03-21.18.58:765][  0]LogConfig: Setting CVar [[r.VT.MaxAnisotropy:8]]
[2021.02.03-21.18.58:765][  0]LogConfig: Setting CVar [[r.Streaming.LimitPoolSizeToVRAM:0]]
[2021.02.03-21.18.58:765][  0]LogConfig: Setting CVar [[r.Streaming.PoolSize:1000]]
[2021.02.03-21.18.58:765][  0]LogConfig: Setting CVar [[r.Streaming.MaxEffectiveScreenSize:0]]
[2021.02.03-21.18.58:765][  0]LogConfig: Applying CVar settings from Section [EffectsQuality@3] File [C:/Users/jose/Documents/Visita-al-Umbracle/Umbraculo/Saved/Config/Windows/Scalability.ini]
[2021.02.03-21.18.58:765][  0]LogConfig: Setting CVar [[r.TranslucencyLightingVolumeDim:64]]
[2021.02.03-21.18.58:765][  0]LogConfig: Setting CVar [[r.RefractionQuality:2]]
[2021.02.03-21.18.58:765][  0]LogConfig: Setting CVar [[r.SSR.Quality:3]]
[2021.02.03-21.18.58:765][  0]LogConfig: Setting CVar [[r.SSR.HalfResSceneColor:0]]
[2021.02.03-21.18.58:765][  0]LogConfig: Setting CVar [[r.SceneColorFormat:4]]
[2021.02.03-21.18.58:765][  0]LogConfig: Setting CVar [[r.DetailMode:2]]
[2021.02.03-21.18.58:765][  0]LogConfig: Setting CVar [[r.TranslucencyVolumeBlur:1]]
[2021.02.03-21.18.58:765][  0]LogConfig: Setting CVar [[r.MaterialQualityLevel:1 ; High quality]]
[2021.02.03-21.18.58:765][  0]LogConfig: Setting CVar [[r.SSS.Scale:1]]
[2021.02.03-21.18.58:765][  0]LogConfig: Setting CVar [[r.SSS.SampleSet:2]]
[2021.02.03-21.18.58:765][  0]LogConfig: Setting CVar [[r.SSS.Quality:1]]
[2021.02.03-21.18.58:765][  0]LogConfig: Setting CVar [[r.SSS.HalfRes:1]]
[2021.02.03-21.18.58:765][  0]LogConfig: Setting CVar [[r.SSGI.Quality:3]]
[2021.02.03-21.18.58:765][  0]LogConfig: Setting CVar [[r.EmitterSpawnRateScale:1.0]]
[2021.02.03-21.18.58:765][  0]LogConfig: Setting CVar [[r.ParticleLightQuality:2]]
[2021.02.03-21.18.58:765][  0]LogConfig: Setting CVar [[r.SkyAtmosphere.AerialPerspectiveLUT.FastApplyOnOpaque:1 ; Always have FastSkyLUT 1 in this case to avoid wrong sky]]
[2021.02.03-21.18.58:766][  0]LogConfig: Setting CVar [[r.SkyAtmosphere.AerialPerspectiveLUT.SampleCountPerSlice:1]]
[2021.02.03-21.18.58:766][  0]LogConfig: Setting CVar [[r.SkyAtmosphere.AerialPerspectiveLUT.DepthResolution:16.0]]
[2021.02.03-21.18.58:766][  0]LogConfig: Setting CVar [[r.SkyAtmosphere.FastSkyLUT:1]]
[2021.02.03-21.18.58:766][  0]LogConfig: Setting CVar [[r.SkyAtmosphere.FastSkyLUT.SampleCountMin:4.0]]
[2021.02.03-21.18.58:766][  0]LogConfig: Setting CVar [[r.SkyAtmosphere.FastSkyLUT.SampleCountMax:32.0]]
[2021.02.03-21.18.58:766][  0]LogConfig: Setting CVar [[r.SkyAtmosphere.SampleCountMin:4.0]]
[2021.02.03-21.18.58:766][  0]LogConfig: Setting CVar [[r.SkyAtmosphere.SampleCountMax:32.0]]
[2021.02.03-21.18.58:766][  0]LogConfig: Setting CVar [[r.SkyAtmosphere.TransmittanceLUT.UseSmallFormat:0]]
[2021.02.03-21.18.58:766][  0]LogConfig: Setting CVar [[r.SkyAtmosphere.TransmittanceLUT.SampleCount:10.0]]
[2021.02.03-21.18.58:766][  0]LogConfig: Setting CVar [[r.SkyAtmosphere.MultiScatteringLUT.SampleCount:15.0]]
[2021.02.03-21.18.58:766][  0]LogConfig: Applying CVar settings from Section [FoliageQuality@3] File [C:/Users/jose/Documents/Visita-al-Umbracle/Umbraculo/Saved/Config/Windows/Scalability.ini]
[2021.02.03-21.18.58:766][  0]LogConfig: Setting CVar [[foliage.DensityScale:1.0]]
[2021.02.03-21.18.58:766][  0]LogConfig: Setting CVar [[grass.DensityScale:1.0]]
[2021.02.03-21.18.58:766][  0]LogConfig: Applying CVar settings from Section [ShadingQuality@3] File [C:/Users/jose/Documents/Visita-al-Umbracle/Umbraculo/Saved/Config/Windows/Scalability.ini]
[2021.02.03-21.18.58:766][  0]LogConfig: Setting CVar [[r.HairStrands.SkyLighting.SampleCount:16]]
[2021.02.03-21.18.58:766][  0]LogConfig: Setting CVar [[r.HairStrands.SkyLighting.JitterIntegration:0]]
[2021.02.03-21.18.58:766][  0]LogConfig: Setting CVar [[r.HairStrands.SkyAO.SampleCount:16]]
[2021.02.03-21.18.58:766][  0]LogConfig: Applying CVar settings from Section [Startup] File [../../../Engine/Config/ConsoleVariables.ini]
[2021.02.03-21.18.58:766][  0]LogConfig: Setting CVar [[net.UseAdaptiveNetUpdateFrequency:0]]
[2021.02.03-21.18.58:766][  0]LogConfig: Setting CVar [[p.chaos.AllowCreatePhysxBodies:1]]
[2021.02.03-21.18.58:766][  0]LogConfig: Applying CVar settings from Section [ConsoleVariables] File [C:/Users/jose/Documents/Visita-al-Umbracle/Umbraculo/Saved/Config/Windows/Engine.ini]
[2021.02.03-21.18.58:766][  0]LogInit: Computer: DESKTOP-8FL2SNA
[2021.02.03-21.18.58:766][  0]LogInit: User: jose
[2021.02.03-21.18.58:766][  0]LogInit: CPU Page size=4096, Cores=4
[2021.02.03-21.18.58:766][  0]LogInit: High frequency timer resolution =10.000000 MHz
[2021.02.03-21.18.58:766][  0]LogMemory: Memory total: Physical=15.9GB (16GB approx)
[2021.02.03-21.18.58:766][  0]LogMemory: Platform Memory Stats for Windows
[2021.02.03-21.18.58:766][  0]LogMemory: Process Physical Memory: 105.30 MB used, 105.30 MB peak
[2021.02.03-21.18.58:766][  0]LogMemory: Process Virtual Memory: 101.15 MB used, 101.15 MB peak
[2021.02.03-21.18.58:766][  0]LogMemory: Physical Memory: 7366.17 MB used,  8952.20 MB free, 16318.36 MB total
[2021.02.03-21.18.58:766][  0]LogMemory: Virtual Memory: 5141.52 MB used,  134212584.00 MB free, 134217728.00 MB total
[2021.02.03-21.18.58:768][  0]LogWindows: WindowsPlatformFeatures enabled
[2021.02.03-21.18.58:794][  0]LogInit: Overriding language with editor language configuration option (en).
[2021.02.03-21.18.58:794][  0]LogInit: Overriding locale with editor culture configuration option ().
[2021.02.03-21.18.58:794][  0]LogInit: Using OS detected locale (es-ES).
[2021.02.03-21.18.59:357][  0]LogTargetPlatformManager: Display: Loaded TargetPlatform 'AllDesktop'
[2021.02.03-21.18.59:381][  0]LogTargetPlatformManager: Display: Loaded TargetPlatform 'Android'
[2021.02.03-21.18.59:381][  0]LogTargetPlatformManager: Display: Loaded TargetPlatform 'Android_ASTC'
[2021.02.03-21.18.59:381][  0]LogTargetPlatformManager: Display: Loaded TargetPlatform 'Android_ATC'
[2021.02.03-21.18.59:381][  0]LogTargetPlatformManager: Display: Loaded TargetPlatform 'Android_DXT'
[2021.02.03-21.18.59:381][  0]LogTargetPlatformManager: Display: Loaded TargetPlatform 'Android_ETC1'
[2021.02.03-21.18.59:381][  0]LogTargetPlatformManager: Display: Loaded TargetPlatform 'Android_ETC1a'
[2021.02.03-21.18.59:381][  0]LogTargetPlatformManager: Display: Loaded TargetPlatform 'Android_ETC2'
[2021.02.03-21.18.59:381][  0]LogTargetPlatformManager: Display: Loaded TargetPlatform 'Android_PVRTC'
[2021.02.03-21.18.59:381][  0]LogTargetPlatformManager: Display: Loaded TargetPlatform 'AndroidClient'
[2021.02.03-21.18.59:381][  0]LogTargetPlatformManager: Display: Loaded TargetPlatform 'Android_ASTCClient'
[2021.02.03-21.18.59:381][  0]LogTargetPlatformManager: Display: Loaded TargetPlatform 'Android_ATCClient'
[2021.02.03-21.18.59:381][  0]LogTargetPlatformManager: Display: Loaded TargetPlatform 'Android_DXTClient'
[2021.02.03-21.18.59:381][  0]LogTargetPlatformManager: Display: Loaded TargetPlatform 'Android_ETC1Client'
[2021.02.03-21.18.59:381][  0]LogTargetPlatformManager: Display: Loaded TargetPlatform 'Android_ETC1aClient'
[2021.02.03-21.18.59:381][  0]LogTargetPlatformManager: Display: Loaded TargetPlatform 'Android_ETC2Client'
[2021.02.03-21.18.59:381][  0]LogTargetPlatformManager: Display: Loaded TargetPlatform 'Android_PVRTCClient'
[2021.02.03-21.18.59:381][  0]LogTargetPlatformManager: Display: Loaded TargetPlatform 'Android_Multi'
[2021.02.03-21.18.59:381][  0]LogTargetPlatformManager: Display: Loaded TargetPlatform 'Android_MultiClient'
[2021.02.03-21.18.59:394][  0]LogTargetPlatformManager: Display: Loaded TargetPlatform 'IOSClient'
[2021.02.03-21.18.59:394][  0]LogTargetPlatformManager: Display: Loaded TargetPlatform 'IOS'
[2021.02.03-21.18.59:399][  0]LogTargetPlatformManager: Display: Loaded TargetPlatform 'LinuxNoEditor'
[2021.02.03-21.18.59:406][  0]LogTargetPlatformManager: Display: Loaded TargetPlatform 'LinuxClient'
[2021.02.03-21.18.59:411][  0]LogTargetPlatformManager: Display: Loaded TargetPlatform 'LinuxServer'
[2021.02.03-21.18.59:416][  0]LogTargetPlatformManager: Display: Loaded TargetPlatform 'LinuxAArch64NoEditor'
[2021.02.03-21.18.59:422][  0]LogTargetPlatformManager: Display: Loaded TargetPlatform 'LinuxAArch64Client'
[2021.02.03-21.18.59:427][  0]LogTargetPlatformManager: Display: Loaded TargetPlatform 'LinuxAArch64Server'
[2021.02.03-21.18.59:445][  0]LogTargetPlatformManager: Display: Loaded TargetPlatform 'Lumin'
[2021.02.03-21.18.59:445][  0]LogTargetPlatformManager: Display: Loaded TargetPlatform 'LuminClient'
[2021.02.03-21.18.59:455][  0]LogTargetPlatformManager: Display: Loaded TargetPlatform 'TVOSClient'
[2021.02.03-21.18.59:455][  0]LogTargetPlatformManager: Display: Loaded TargetPlatform 'TVOS'
[2021.02.03-21.18.59:464][  0]LogTargetPlatformManager: Display: Loaded TargetPlatform 'WindowsNoEditor'
[2021.02.03-21.18.59:470][  0]LogTargetPlatformManager: Display: Loaded TargetPlatform 'Windows'
[2021.02.03-21.18.59:478][  0]LogTargetPlatformManager: Display: Loaded TargetPlatform 'WindowsClient'
[2021.02.03-21.18.59:483][  0]LogTargetPlatformManager: Display: Loaded TargetPlatform 'WindowsServer'
[2021.02.03-21.18.59:483][  0]LogTargetPlatformManager: Display: Building Assets For Windows
[2021.02.03-21.18.59:486][  0]LogAudioDebug: Display: Lib vorbis DLL was dynamically loaded.
[2021.02.03-21.18.59:503][  0]LogShaderCompilers: Guid format shader working directory is -6 characters bigger than the processId version (C:/Users/jose/Documents/Visita-al-Umbracle/Umbraculo/Intermediate/Shaders/WorkingDirectory/432/).
[2021.02.03-21.18.59:503][  0]LogShaderCompilers: Cleaned the shader compiler working directory 'C:/Users/jose/AppData/Local/Temp/UnrealShaderWorkingDir/6EE4FA274C1C73A1C9F724BD9285964E/'.
[2021.02.03-21.18.59:503][  0]LogXGEController: Cannot use XGE Controller as Incredibuild is not installed on this machine.
[2021.02.03-21.18.59:503][  0]LogShaderCompilers: Cannot use XGE Shader Compiler as Incredibuild is not installed on this machine.
[2021.02.03-21.18.59:503][  0]LogShaderCompilers: Display: Using Local Shader Compiler.
[2021.02.03-21.19.00:127][  0]LogDerivedDataCache: Display: Max Cache Size: 512 MB
[2021.02.03-21.19.00:132][  0]LogDerivedDataCache: Loaded boot cache 0.01s 6MB C:/Users/jose/AppData/Local/UnrealEngine/4.24/DerivedDataCache/Boot.ddc.
[2021.02.03-21.19.00:132][  0]LogDerivedDataCache: Display: Loaded Boot cache: C:/Users/jose/AppData/Local/UnrealEngine/4.24/DerivedDataCache/Boot.ddc
[2021.02.03-21.19.00:132][  0]LogDerivedDataCache: FDerivedDataBackendGraph:  Pak pak cache file C:/Users/jose/Documents/Visita-al-Umbracle/Umbraculo/DerivedDataCache/DDC.ddp not found, will not use a pak cache.
[2021.02.03-21.19.00:132][  0]LogDerivedDataCache: Unable to find inner node Pak for hierarchical cache Hierarchy.
[2021.02.03-21.19.00:132][  0]LogDerivedDataCache: FDerivedDataBackendGraph:  CompressedPak pak cache file C:/Users/jose/Documents/Visita-al-Umbracle/Umbraculo/DerivedDataCache/Compressed.ddp not found, will not use a pak cache.
[2021.02.03-21.19.00:132][  0]LogDerivedDataCache: Unable to find inner node CompressedPak for hierarchical cache Hierarchy.
[2021.02.03-21.19.00:143][  0]LogDerivedDataCache: Display: Pak cache opened for reading ../../../Engine/DerivedDataCache/Compressed.ddp.
[2021.02.03-21.19.00:143][  0]LogDerivedDataCache: FDerivedDataBackendGraph:  EnterprisePak pak cache file ../../../Enterprise/DerivedDataCache/Compressed.ddp not found, will not use a pak cache.
[2021.02.03-21.19.00:143][  0]LogDerivedDataCache: Unable to find inner node EnterprisePak for hierarchical cache Hierarchy.
[2021.02.03-21.19.00:144][  0]LogDerivedDataCache: Using Local data cache path C:/Users/jose/AppData/Local/UnrealEngine/Common/DerivedDataCache: Writable
[2021.02.03-21.19.00:144][  0]LogDerivedDataCache: Shared data cache path not found in *engine.ini, will not use an Shared cache.
[2021.02.03-21.19.00:144][  0]LogDerivedDataCache: Unable to find inner node Shared for hierarchical cache Hierarchy.
[2021.02.03-21.19.00:163][  0]LogMaterial: Verifying Global Shaders for PCD3D_SM5
[2021.02.03-21.19.00:167][  0]LogAssetRegistry: FAssetRegistry took 0.0012 seconds to start up
[2021.02.03-21.19.00:398][  0]LogInit: Selected Device Profile: [Windows]
[2021.02.03-21.19.00:414][  0]LogMeshReduction: Using QuadricMeshReduction for automatic static mesh reduction
[2021.02.03-21.19.00:414][  0]LogMeshReduction: Using SimplygonMeshReduction for automatic skeletal mesh reduction
[2021.02.03-21.19.00:414][  0]LogMeshReduction: Using ProxyLODMeshReduction for automatic mesh merging
[2021.02.03-21.19.00:414][  0]LogMeshReduction: No distributed automatic mesh merging module available
[2021.02.03-21.19.00:414][  0]LogMeshMerging: No distributed automatic mesh merging module available
[2021.02.03-21.19.00:415][  0]LogNetVersion: Umbraculo 1.0.0, NetCL: 10570792, EngineNetVer: 13, GameNetVer: 0 (Checksum: 2149783940)
[2021.02.03-21.19.00:580][  0]LogPackageLocalizationCache: Processed 11 localized package path(s) for 1 prioritized culture(s) in 0.039427 seconds
[2021.02.03-21.19.00:619][  0]LogCollectionManager: Loaded 0 collections in 0.001387 seconds
[2021.02.03-21.19.00:621][  0]LogFileCache: Scanning file cache for directory 'C:/Users/jose/Documents/Visita-al-Umbracle/Umbraculo/Saved/Collections/' took 0.00s
[2021.02.03-21.19.00:621][  0]LogFileCache: Scanning file cache for directory 'C:/Users/jose/Documents/Visita-al-Umbracle/Umbraculo/Content/Developers/jose/Collections/' took 0.00s
[2021.02.03-21.19.00:621][  0]LogFileCache: Scanning file cache for directory 'C:/Users/jose/Documents/Visita-al-Umbracle/Umbraculo/Content/Collections/' took 0.00s
[2021.02.03-21.19.00:621][  0]LogCollectionManager: Fixed up redirectors for 0 collections in 0.000007 seconds (updated 0 objects)
[2021.02.03-21.19.00:661][  0]LogPython: Using Python 2.7.14
[2021.02.03-21.19.01:203][  0]SourceControl: Source control is disabled
[2021.02.03-21.19.01:203][  0]SourceControl: Source control is disabled
[2021.02.03-21.19.01:204][  0]SourceControl: Source control is disabled
[2021.02.03-21.19.01:205][  0]SourceControl: Source control is disabled
[2021.02.03-21.19.01:206][  0]SourceControl: Source control is disabled
[2021.02.03-21.19.01:254][  0]LogAndroidPermission: UAndroidPermissionCallbackProxy::GetInstance
[2021.02.03-21.19.01:264][  0]LogAudioCaptureCore: Display: No Audio Capture implementations found. Audio input will be silent.
[2021.02.03-21.19.01:264][  0]LogAudioCaptureCore: Display: No Audio Capture implementations found. Audio input will be silent.
[2021.02.03-21.19.01:303][  0]LogOcInput: OculusInput pre-init called
[2021.02.03-21.19.01:307][  0]LogWindows: Failed to load 'OVRPlugin.dll' (GetLastError=126)
[2021.02.03-21.19.01:307][  0]LogWindows: File 'OVRPlugin.dll' does not exist
[2021.02.03-21.19.01:318][  0]LogUObjectArray: 55124 objects as part of root set at end of initial load.
[2021.02.03-21.19.01:318][  0]LogUObjectAllocator: 9856496 out of 0 bytes used by permanent object pool.
[2021.02.03-21.19.01:318][  0]LogUObjectArray: CloseDisregardForGC: 0/0 objects in disregard for GC pool
[2021.02.03-21.19.01:343][  0]LogInit: Executing Class /Script/UnrealEd.GatherTextCommandlet
[2021.02.03-21.19.01:343][  0]LogInit: Initializing Editor Engine...
[2021.02.03-21.19.01:343][  0]LogEngine: Initializing Engine...
[2021.02.03-21.19.01:345][  0]LogStats: UGameplayTagsManager::InitializeManager -  0.000 s
[2021.02.03-21.19.01:464][  0]LogInit: Initializing FReadOnlyCVARCache
[2021.02.03-21.19.01:475][  0]LogAIModule: Creating AISystem for world Untitled
[2021.02.03-21.19.01:476][  0]LogNetVersion: Set ProjectVersion to 1.0.0.0. Version Checksum will be recalculated on next use.
[2021.02.03-21.19.01:481][  0]LogDerivedDataCache: Saved boot cache 0.00s 6MB C:/Users/jose/AppData/Local/UnrealEngine/4.24/DerivedDataCache/Boot.ddc.
[2021.02.03-21.19.01:484][  0]LogInit: Texture streaming: Disabled
[2021.02.03-21.19.01:538][  0]LogInit: Initializing Editor Engine Completed
[2021.02.03-21.19.01:567][  0]BlueprintLog: New page: Editor Load
[2021.02.03-21.19.01:624][  0]LogGatherTextCommandlet: Display: Beginning GatherText Commandlet for 'C:/Users/jose/Documents/Visita-al-Umbracle/Umbraculo/Config/Localization/Game_Compile.ini'
[2021.02.03-21.19.01:625][  0]LogGatherTextCommandlet: Display: Executing GatherTextStep0: GenerateTextLocalizationResourceCommandlet
[2021.02.03-21.19.01:633][  0]LogGatherTextCommandlet: Display: Completed GatherTextStep0: GenerateTextLocalizationResourceCommandlet in 0.008438 seconds
[2021.02.03-21.19.01:634][  0]LogCore: Engine exit requested (reason: Commandlet GatherTextCommandlet_0 finished execution (result 0))
[2021.02.03-21.19.01:634][  0]LogInit: Display: 
[2021.02.03-21.19.01:634][  0]LogInit: Display: Success - 0 error(s), 0 warning(s)
[2021.02.03-21.19.01:634][  0]LogInit: Display: 
Execution of commandlet took:  0.01 seconds
[2021.02.03-21.19.01:634][  0]LogCore: Engine exit requested (reason: EngineExit() was called; note: exit was already requested)
[2021.02.03-21.19.01:635][  0]LogExit: Preparing to exit.
[2021.02.03-21.19.01:655][  0]LogUObjectHash: Compacting FUObjectHashTables data took   1.30ms
[2021.02.03-21.19.01:679][  0]LogWorld: UWorld::CleanupWorld for None, bSessionEnded=true, bCleanupResources=true
[2021.02.03-21.19.01:679][  0]LogExit: Editor shut down
[2021.02.03-21.19.01:680][  0]LogDemo: Cleaned up 0 splitscreen connections with owner deletion
[2021.02.03-21.19.01:728][  0]LogExit: Object subsystem successfully closed.
[2021.02.03-21.19.01:747][  0]LogShaderCompilers: Display: Shaders left to compile 0
[2021.02.03-21.19.01:752][  0]LogModuleManager: Shutting down and abandoning module SteamVREditor (536)
[2021.02.03-21.19.01:752][  0]LogModuleManager: Shutting down and abandoning module OculusMR (534)
[2021.02.03-21.19.01:752][  0]LogModuleManager: Shutting down and abandoning module AudioCaptureEditor (532)
[2021.02.03-21.19.01:752][  0]LogModuleManager: Shutting down and abandoning module MatineeToLevelSequence (530)
[2021.02.03-21.19.01:752][  0]LogModuleManager: Shutting down and abandoning module LevelSequenceEditor (528)
[2021.02.03-21.19.01:753][  0]LogModuleManager: Shutting down and abandoning module PlacementMode (527)
[2021.02.03-21.19.01:753][  0]LogModuleManager: Shutting down and abandoning module MaterialEditor (526)
[2021.02.03-21.19.01:753][  0]LogModuleManager: Shutting down and abandoning module ActorSequenceEditor (522)
[2021.02.03-21.19.01:753][  0]LogModuleManager: Shutting down and abandoning module WmfMediaFactory (520)
[2021.02.03-21.19.01:753][  0]LogModuleManager: Shutting down and abandoning module WmfMediaEditor (518)
[2021.02.03-21.19.01:753][  0]LogModuleManager: Shutting down and abandoning module WebMMediaFactory (516)
[2021.02.03-21.19.01:753][  0]LogModuleManager: Shutting down and abandoning module WebMMediaEditor (514)
[2021.02.03-21.19.01:753][  0]LogModuleManager: Shutting down and abandoning module MediaPlayerEditor (512)
[2021.02.03-21.19.01:753][  0]LogModuleManager: Shutting down and abandoning module MediaCompositingEditor (510)
[2021.02.03-21.19.01:753][  0]LogModuleManager: Shutting down and abandoning module SequenceRecorder (509)
[2021.02.03-21.19.01:753][  0]LogModuleManager: Shutting down and abandoning module Persona (508)
[2021.02.03-21.19.01:753][  0]LogModuleManager: Shutting down and abandoning module AdvancedPreviewScene (507)
[2021.02.03-21.19.01:753][  0]LogModuleManager: Shutting down and abandoning module AnimGraph (505)
[2021.02.03-21.19.01:753][  0]LogModuleManager: Shutting down and abandoning module Kismet (504)
[2021.02.03-21.19.01:753][  0]LogModuleManager: Shutting down and abandoning module KismetWidgets (503)
[2021.02.03-21.19.01:753][  0]LogModuleManager: Shutting down and abandoning module ImgMediaFactory (496)
[2021.02.03-21.19.01:753][  0]LogModuleManager: Shutting down and abandoning module ImgMediaEditor (494)
[2021.02.03-21.19.01:753][  0]LogModuleManager: Shutting down and abandoning module AvfMediaFactory (492)
[2021.02.03-21.19.01:753][  0]LogModuleManager: Shutting down and abandoning module AvfMediaEditor (490)
[2021.02.03-21.19.01:753][  0]LogModuleManager: Shutting down and abandoning module AndroidMediaFactory (488)
[2021.02.03-21.19.01:753][  0]LogModuleManager: Shutting down and abandoning module AndroidMediaEditor (486)
[2021.02.03-21.19.01:753][  0]LogModuleManager: Shutting down and abandoning module MagicLeapMediaEditor (484)
[2021.02.03-21.19.01:753][  0]LogModuleManager: Shutting down and abandoning module CharacterAI (482)
[2021.02.03-21.19.01:753][  0]LogModuleManager: Shutting down and abandoning module SmartSnapping (480)
[2021.02.03-21.19.01:753][  0]LogModuleManager: Shutting down and abandoning module ToolMenus (478)
[2021.02.03-21.19.01:753][  0]LogModuleManager: Shutting down and abandoning module MeshPaint (476)
[2021.02.03-21.19.01:753][  0]LogModuleManager: Shutting down and abandoning module Settings (475)
[2021.02.03-21.19.01:753][  0]LogModuleManager: Shutting down and abandoning module LiveCoding (472)
[2021.02.03-21.19.01:753][  0]LogModuleManager: Shutting down and abandoning module LevelSequence (470)
[2021.02.03-21.19.01:753][  0]LogModuleManager: Shutting down and abandoning module MovieSceneTracks (468)
[2021.02.03-21.19.01:753][  0]LogModuleManager: Shutting down and abandoning module MovieScene (466)
[2021.02.03-21.19.01:753][  0]LogModuleManager: Shutting down and abandoning module StreamingPauseRendering (464)
[2021.02.03-21.19.01:753][  0]LogModuleManager: Shutting down and abandoning module ImageWriteQueue (462)
[2021.02.03-21.19.01:755][  0]LogModuleManager: Shutting down and abandoning module AIModule (460)
[2021.02.03-21.19.01:755][  0]LogModuleManager: Shutting down and abandoning module GameplayDebugger (459)
[2021.02.03-21.19.01:755][  0]LogModuleManager: Shutting down and abandoning module AITestSuite (457)
[2021.02.03-21.19.01:755][  0]LogModuleManager: Shutting down and abandoning module NavigationSystem (455)
[2021.02.03-21.19.01:755][  0]LogModuleManager: Shutting down and abandoning module ScreenshotTools (452)
[2021.02.03-21.19.01:755][  0]LogModuleManager: Shutting down and abandoning module ProceduralMeshComponentEditor (450)
[2021.02.03-21.19.01:755][  0]LogModuleManager: Shutting down and abandoning module ProceduralMeshComponent (448)
[2021.02.03-21.19.01:755][  0]LogModuleManager: Shutting down and abandoning module OculusEditor (446)
[2021.02.03-21.19.01:755][  0]LogModuleManager: Shutting down and abandoning module OculusInput (444)
[2021.02.03-21.19.01:755][  0]LogModuleManager: Shutting down and abandoning module MobilePatchingUtils (442)
[2021.02.03-21.19.01:755][  0]LogModuleManager: Shutting down and abandoning module EditableMesh (440)
[2021.02.03-21.19.01:755][  0]LogModuleManager: Shutting down and abandoning module CustomMeshComponent (438)
[2021.02.03-21.19.01:755][  0]LogModuleManager: Shutting down and abandoning module CableComponent (436)
[2021.02.03-21.19.01:755][  0]LogModuleManager: Shutting down and abandoning module AudioCapture (434)
[2021.02.03-21.19.01:755][  0]LogModuleManager: Shutting down and abandoning module AudioCaptureRtAudio (433)
[2021.02.03-21.19.01:755][  0]LogModuleManager: Shutting down and abandoning module AssetTags (430)
[2021.02.03-21.19.01:755][  0]LogModuleManager: Shutting down and abandoning module ArchVisCharacter (428)
[2021.02.03-21.19.01:755][  0]LogModuleManager: Shutting down and abandoning module AppleImageUtilsBlueprintSupport (426)
[2021.02.03-21.19.01:755][  0]LogModuleManager: Shutting down and abandoning module AppleImageUtils (424)
[2021.02.03-21.19.01:755][  0]LogModuleManager: Shutting down and abandoning module AndroidPermission (422)
[2021.02.03-21.19.01:755][  0]LogModuleManager: Shutting down and abandoning module NUTUnrealEngine4 (420)
[2021.02.03-21.19.01:755][  0]LogModuleManager: Shutting down and abandoning module NetcodeUnitTest (418)
[2021.02.03-21.19.01:756][  0]LogModuleManager: Shutting down and abandoning module MediaCompositing (416)
[2021.02.03-21.19.01:756][  0]LogModuleManager: Shutting down and abandoning module MagicLeapHelperVulkan (414)
[2021.02.03-21.19.01:756][  0]LogModuleManager: Shutting down and abandoning module MagicLeapHelperOpenGL (412)
[2021.02.03-21.19.01:756][  0]LogModuleManager: Shutting down and abandoning module MagicLeapAudio (410)
[2021.02.03-21.19.01:756][  0]LogModuleManager: Shutting down and abandoning module GeometryCacheTracks (408)
[2021.02.03-21.19.01:756][  0]LogModuleManager: Shutting down and abandoning module GeometryCacheSequencer (406)
[2021.02.03-21.19.01:756][  0]LogModuleManager: Shutting down and abandoning module AutomationUtilsEditor (404)
[2021.02.03-21.19.01:756][  0]LogModuleManager: Shutting down and abandoning module AutomationUtils (402)
[2021.02.03-21.19.01:756][  0]LogModuleManager: Shutting down and abandoning module AlembicImporter (400)
[2021.02.03-21.19.01:756][  0]LogModuleManager: Shutting down and abandoning module AlembicLibrary (399)
[2021.02.03-21.19.01:756][  0]LogModuleManager: Shutting down and abandoning module GeometryCache (398)
[2021.02.03-21.19.01:756][  0]LogModuleManager: Shutting down and abandoning module GeometryCacheEd (397)
[2021.02.03-21.19.01:756][  0]LogModuleManager: Shutting down and abandoning module VariantManagerContentEditor (392)
[2021.02.03-21.19.01:756][  0]LogModuleManager: Shutting down and abandoning module DatasmithContentEditor (390)
[2021.02.03-21.19.01:756][  0]LogModuleManager: Shutting down and abandoning module SpeedTreeImporter (388)
[2021.02.03-21.19.01:756][  0]LogModuleManager: Shutting down and abandoning module PluginBrowser (386)
[2021.02.03-21.19.01:756][  0]LogModuleManager: Shutting down and abandoning module MobileLauncherProfileWizard (384)
[2021.02.03-21.19.01:756][  0]LogModuleManager: Shutting down and abandoning module MaterialAnalyzer (382)
[2021.02.03-21.19.01:756][  0]LogModuleManager: Shutting down and abandoning module EditorScriptingUtilities (380)
[2021.02.03-21.19.01:756][  0]LogModuleManager: Shutting down and abandoning module CurveEditorTools (378)
[2021.02.03-21.19.01:756][  0]LogModuleManager: Shutting down and abandoning module CryptoKeysOpenSSL (376)
[2021.02.03-21.19.01:756][  0]LogModuleManager: Shutting down and abandoning module CryptoKeys (374)
[2021.02.03-21.19.01:756][  0]LogModuleManager: Shutting down and abandoning module VisualStudioSourceCodeAccess (372)
[2021.02.03-21.19.01:756][  0]LogModuleManager: Shutting down and abandoning module VisualStudioCodeSourceCodeAccess (370)
[2021.02.03-21.19.01:756][  0]LogModuleManager: Shutting down and abandoning module UObjectPlugin (368)
[2021.02.03-21.19.01:756][  0]LogModuleManager: Shutting down and abandoning module SubversionSourceControl (366)
[2021.02.03-21.19.01:756][  0]LogModuleManager: Shutting down and abandoning module PlasticSourceControl (364)
[2021.02.03-21.19.01:756][  0]LogModuleManager: Shutting down and abandoning module PerforceSourceControl (362)
[2021.02.03-21.19.01:756][  0]LogModuleManager: Shutting down and abandoning module GitSourceControl (360)
[2021.02.03-21.19.01:756][  0]LogModuleManager: Shutting down and abandoning module SourceControl (359)
[2021.02.03-21.19.01:756][  0]LogModuleManager: Shutting down and abandoning module CLionSourceCodeAccess (356)
[2021.02.03-21.19.01:756][  0]LogModuleManager: Shutting down and abandoning module AnimationSharingEd (354)
[2021.02.03-21.19.01:756][  0]LogModuleManager: Shutting down and abandoning module ActorLayerUtilitiesEditor (352)
[2021.02.03-21.19.01:756][  0]LogModuleManager: Shutting down and abandoning module ActorLayerUtilities (350)
[2021.02.03-21.19.01:756][  0]LogModuleManager: Shutting down and abandoning module LightPropagationVolumeEditor (348)
[2021.02.03-21.19.01:756][  0]LogModuleManager: Shutting down and abandoning module PaperTiledImporter (346)
[2021.02.03-21.19.01:756][  0]LogModuleManager: Shutting down and abandoning module PaperSpriteSheetImporter (344)
[2021.02.03-21.19.01:756][  0]LogModuleManager: Shutting down and abandoning module Paper2DEditor (342)
[2021.02.03-21.19.01:756][  0]LogModuleManager: Shutting down and abandoning module SignificanceManager (340)
[2021.02.03-21.19.01:756][  0]LogModuleManager: Shutting down and abandoning module RuntimePhysXCooking (338)
[2021.02.03-21.19.01:756][  0]LogModuleManager: Shutting down and abandoning module PhysXVehiclesEditor (336)
[2021.02.03-21.19.01:756][  0]LogModuleManager: Shutting down and abandoning module LocationServicesBPLibrary (332)
[2021.02.03-21.19.01:756][  0]LogModuleManager: Shutting down and abandoning module ActorSequence (330)
[2021.02.03-21.19.01:756][  0]LogModuleManager: Shutting down and abandoning module UdpMessaging (328)
[2021.02.03-21.19.01:756][  0]LogModuleManager: Shutting down and abandoning module TcpMessaging (326)
[2021.02.03-21.19.01:756][  0]LogModuleManager: Shutting down and abandoning module MagicLeapPrivileges (324)
[2021.02.03-21.19.01:756][  0]LogModuleManager: Shutting down and abandoning module MagicLeapPlanes (322)
[2021.02.03-21.19.01:756][  0]LogMagicLeapPlanes: Planes tracker already destroyed.
[2021.02.03-21.19.01:756][  0]LogModuleManager: Shutting down and abandoning module MagicLeapIdentity (320)
[2021.02.03-21.19.01:756][  0]LogModuleManager: Shutting down and abandoning module MagicLeapSecureStorage (318)
[2021.02.03-21.19.01:756][  0]LogModuleManager: Shutting down and abandoning module MagicLeapImageTracker (316)
[2021.02.03-21.19.01:756][  0]LogModuleManager: Shutting down and abandoning module MagicLeapHandTracking (314)
[2021.02.03-21.19.01:756][  0]LogModuleManager: Shutting down and abandoning module MagicLeapHandMeshing (312)
[2021.02.03-21.19.01:756][  0]LogModuleManager: Shutting down and abandoning module MagicLeapEyeTracker (310)
[2021.02.03-21.19.01:756][  0]LogModuleManager: Shutting down and abandoning module MagicLeapController (308)
[2021.02.03-21.19.01:756][  0]LogModuleManager: Shutting down and abandoning module MagicLeapARPin (306)
[2021.02.03-21.19.01:756][  0]LogModuleManager: Shutting down and abandoning module MagicLeapAR (304)
[2021.02.03-21.19.01:756][  0]LogModuleManager: Shutting down and abandoning module AugmentedReality (303)
[2021.02.03-21.19.01:756][  0]LogModuleManager: Shutting down and abandoning module PythonScriptPlugin (300)
[2021.02.03-21.19.01:757][  0]LogModuleManager: Shutting down and abandoning module GameplayTagsEditor (298)
[2021.02.03-21.19.01:757][  0]LogModuleManager: Shutting down and abandoning module FacialAnimationEditor (296)
[2021.02.03-21.19.01:757][  0]LogModuleManager: Shutting down and abandoning module FacialAnimation (294)
[2021.02.03-21.19.01:757][  0]LogModuleManager: Shutting down and abandoning module DataValidation (292)
[2021.02.03-21.19.01:757][  0]LogModuleManager: Shutting down and abandoning module AssetManagerEditor (290)
[2021.02.03-21.19.01:757][  0]LogModuleManager: Shutting down and abandoning module TreeMap (289)
[2021.02.03-21.19.01:757][  0]LogModuleManager: Shutting down and abandoning module AnimationSharing (286)
[2021.02.03-21.19.01:757][  0]LogModuleManager: Shutting down and abandoning module LightPropagationVolumeRuntime (284)
[2021.02.03-21.19.01:757][  0]LogModuleManager: Shutting down and abandoning module Paper2D (282)
[2021.02.03-21.19.01:757][  0]LogModuleManager: Shutting down and abandoning module NetworkReplayStreaming (280)
[2021.02.03-21.19.01:757][  0]LogModuleManager: Shutting down and abandoning module PacketHandler (278)
[2021.02.03-21.19.01:757][  0]LogModuleManager: Shutting down and abandoning module ClothingSystemEditor (276)
[2021.02.03-21.19.01:757][  0]LogModuleManager: Shutting down and abandoning module ClothingSystemRuntimeNv (274)
[2021.02.03-21.19.01:757][  0]LogModuleManager: Shutting down and abandoning module MediaAssets (272)
[2021.02.03-21.19.01:757][  0]LogModuleManager: Shutting down and abandoning module Overlay (270)
[2021.02.03-21.19.01:757][  0]LogModuleManager: Shutting down and abandoning module OverlayEditor (269)
[2021.02.03-21.19.01:757][  0]LogModuleManager: Shutting down and abandoning module Blutility (266)
[2021.02.03-21.19.01:757][  0]LogModuleManager: Shutting down and abandoning module LevelEditor (265)
[2021.02.03-21.19.01:757][  0]LogModuleManager: Shutting down and abandoning module PixelInspectorModule (264)
[2021.02.03-21.19.01:757][  0]LogModuleManager: Shutting down and abandoning module CommonMenuExtensions (262)
[2021.02.03-21.19.01:757][  0]LogModuleManager: Shutting down and abandoning module MainFrame (260)
[2021.02.03-21.19.01:757][  0]LogModuleManager: Shutting down and abandoning module HotReload (259)
[2021.02.03-21.19.01:757][  0]LogModuleManager: Shutting down and abandoning module ContentBrowser (255)
[2021.02.03-21.19.01:758][  0]LogModuleManager: Shutting down and abandoning module CollectionManager (254)
[2021.02.03-21.19.01:758][  0]LogModuleManager: Shutting down and abandoning module IntroTutorials (250)
[2021.02.03-21.19.01:758][  0]LogModuleManager: Shutting down and abandoning module VREditor (248)
[2021.02.03-21.19.01:758][  0]LogModuleManager: Shutting down and abandoning module StringTableEditor (246)
[2021.02.03-21.19.01:758][  0]LogModuleManager: Shutting down and abandoning module GameplayTasksEditor (244)
[2021.02.03-21.19.01:758][  0]LogModuleManager: Shutting down and abandoning module BehaviorTreeEditor (242)
[2021.02.03-21.19.01:758][  0]LogModuleManager: Shutting down and abandoning module FunctionalTesting (240)
[2021.02.03-21.19.01:758][  0]LogModuleManager: Shutting down and abandoning module CollisionAnalyzer (238)
[2021.02.03-21.19.01:758][  0]LogModuleManager: Shutting down and abandoning module WorkspaceMenuStructure (237)
[2021.02.03-21.19.01:758][  0]LogModuleManager: Shutting down and abandoning module UMG (234)
[2021.02.03-21.19.01:758][  0]LogModuleManager: Shutting down and abandoning module UMGEditor (233)
[2021.02.03-21.19.01:758][  0]LogModuleManager: Shutting down and abandoning module MessageLog (231)
[2021.02.03-21.19.01:758][  0]LogModuleManager: Shutting down and abandoning module SlateReflector (226)
[2021.02.03-21.19.01:758][  0]LogModuleManager: Shutting down and abandoning module Slate (224)
[2021.02.03-21.19.01:758][  0]LogModuleManager: Shutting down and abandoning module SlateCore (222)
[2021.02.03-21.19.01:758][  0]LogModuleManager: Shutting down and abandoning module LandscapeEditorUtilities (220)
[2021.02.03-21.19.01:758][  0]LogModuleManager: Shutting down and abandoning module UnrealEd (218)
[2021.02.03-21.19.01:758][  0]LogModuleManager: Shutting down and abandoning module MRMesh (216)
[2021.02.03-21.19.01:758][  0]LogModuleManager: Shutting down and abandoning module SourceCodeAccess (214)
[2021.02.03-21.19.01:758][  0]LogModuleManager: Shutting down and abandoning module HeadMountedDisplay (212)
[2021.02.03-21.19.01:758][  0]LogModuleManager: Shutting down and abandoning module XAudio2 (210)
[2021.02.03-21.19.01:758][  0]LogModuleManager: Shutting down and abandoning module Networking (208)
[2021.02.03-21.19.01:758][  0]LogModuleManager: Shutting down and abandoning module Core (206)
[2021.02.03-21.19.01:758][  0]LogModuleManager: Shutting down and abandoning module MovieSceneTools (204)
[2021.02.03-21.19.01:758][  0]LogModuleManager: Shutting down and abandoning module CurveEditor (203)
[2021.02.03-21.19.01:758][  0]LogModuleManager: Shutting down and abandoning module Sequencer (201)
[2021.02.03-21.19.01:758][  0]LogModuleManager: Shutting down and abandoning module EditorStyle (200)
[2021.02.03-21.19.01:759][  0]LogModuleManager: Shutting down and abandoning module KismetCompiler (196)
[2021.02.03-21.19.01:759][  0]LogModuleManager: Shutting down and abandoning module MeshUtilities (194)
[2021.02.03-21.19.01:759][  0]LogModuleManager: Shutting down and abandoning module MeshMergeUtilities (193)
[2021.02.03-21.19.01:759][  0]LogModuleManager: Shutting down and abandoning module MeshReductionInterface (192)
[2021.02.03-21.19.01:759][  0]LogModuleManager: Shutting down and abandoning module MeshBoneReduction (191)
[2021.02.03-21.19.01:759][  0]LogModuleManager: Shutting down and abandoning module SkeletalMeshReduction (189)
[2021.02.03-21.19.01:759][  0]LogModuleManager: Shutting down and abandoning module ProxyLODMeshReduction (187)
[2021.02.03-21.19.01:759][  0]LogModuleManager: Shutting down and abandoning module QuadricMeshReduction (185)
[2021.02.03-21.19.01:759][  0]LogModuleManager: Shutting down and abandoning module MaterialBaking (181)
[2021.02.03-21.19.01:759][  0]LogModuleManager: Shutting down and abandoning module DirectoryWatcher (177)
[2021.02.03-21.19.01:759][  0]LogModuleManager: Shutting down and abandoning module NullInstallBundleManager (174)
[2021.02.03-21.19.01:759][  0]LogModuleManager: Shutting down and abandoning module DerivedDataCache (172)
[2021.02.03-21.19.01:759][  0]LogDerivedDataCache: Shutdown
[2021.02.03-21.19.01:759][  0]LogModuleManager: Shutting down and abandoning module XGEController (170)
[2021.02.03-21.19.01:759][  0]LogModuleManager: Shutting down and abandoning module TargetPlatform (168)
[2021.02.03-21.19.01:759][  0]LogModuleManager: Shutting down and abandoning module VulkanShaderFormat (167)
[2021.02.03-21.19.01:759][  0]LogModuleManager: Shutting down and abandoning module ShaderFormatVectorVM (165)
[2021.02.03-21.19.01:759][  0]LogModuleManager: Shutting down and abandoning module ShaderFormatOpenGL (163)
[2021.02.03-21.19.01:759][  0]LogModuleManager: Shutting down and abandoning module ShaderFormatD3D (161)
[2021.02.03-21.19.01:759][  0]LogModuleManager: Shutting down and abandoning module MetalShaderFormat (159)
[2021.02.03-21.19.01:759][  0]LogModuleManager: Shutting down and abandoning module TextureFormatUncompressed (157)
[2021.02.03-21.19.01:759][  0]LogModuleManager: Shutting down and abandoning module TextureFormatPVR (155)
[2021.02.03-21.19.01:759][  0]LogModuleManager: Shutting down and abandoning module TextureFormatDXT (153)
[2021.02.03-21.19.01:759][  0]LogModuleManager: Shutting down and abandoning module TextureFormatIntelISPCTexComp (151)
[2021.02.03-21.19.01:759][  0]LogModuleManager: Shutting down and abandoning module TextureFormatASTC (149)
[2021.02.03-21.19.01:759][  0]LogModuleManager: Shutting down and abandoning module ImageWrapper (148)
[2021.02.03-21.19.01:759][  0]LogModuleManager: Shutting down and abandoning module TextureFormatAndroid (145)
[2021.02.03-21.19.01:759][  0]LogModuleManager: Shutting down and abandoning module AudioFormatOpus (143)
[2021.02.03-21.19.01:759][  0]LogModuleManager: Shutting down and abandoning module AudioFormatOgg (141)
[2021.02.03-21.19.01:759][  0]LogModuleManager: Shutting down and abandoning module AudioFormatADPCM (139)
[2021.02.03-21.19.01:759][  0]LogModuleManager: Shutting down and abandoning module WindowsServerTargetPlatform (137)
[2021.02.03-21.19.01:759][  0]LogModuleManager: Shutting down and abandoning module WindowsClientTargetPlatform (135)
[2021.02.03-21.19.01:759][  0]LogModuleManager: Shutting down and abandoning module WindowsTargetPlatform (133)
[2021.02.03-21.19.01:759][  0]LogModuleManager: Shutting down and abandoning module WindowsNoEditorTargetPlatform (131)
[2021.02.03-21.19.01:759][  0]LogModuleManager: Shutting down and abandoning module TVOSTargetPlatform (129)
[2021.02.03-21.19.01:760][  0]LogModuleManager: Shutting down and abandoning module LuminTargetPlatform (127)
[2021.02.03-21.19.01:760][  0]LogModuleManager: Shutting down and abandoning module LinuxAArch64ServerTargetPlatform (125)
[2021.02.03-21.19.01:760][  0]LogModuleManager: Shutting down and abandoning module LinuxAArch64ClientTargetPlatform (123)
[2021.02.03-21.19.01:760][  0]LogModuleManager: Shutting down and abandoning module LinuxAArch64NoEditorTargetPlatform (121)
[2021.02.03-21.19.01:760][  0]LogModuleManager: Shutting down and abandoning module LinuxServerTargetPlatform (119)
[2021.02.03-21.19.01:760][  0]LogModuleManager: Shutting down and abandoning module LinuxClientTargetPlatform (117)
[2021.02.03-21.19.01:760][  0]LogModuleManager: Shutting down and abandoning module LinuxNoEditorTargetPlatform (115)
[2021.02.03-21.19.01:760][  0]LogModuleManager: Shutting down and abandoning module Messaging (113)
[2021.02.03-21.19.01:760][  0]LogModuleManager: Shutting down and abandoning module IOSTargetPlatform (111)
[2021.02.03-21.19.01:760][  0]LogModuleManager: Shutting down and abandoning module AndroidTargetPlatform (109)
[2021.02.03-21.19.01:764][  0]LogModuleManager: Shutting down and abandoning module AllDesktopTargetPlatform (107)
[2021.02.03-21.19.01:764][  0]LogModuleManager: Shutting down and abandoning module NullDrv (104)
[2021.02.03-21.19.01:764][  0]LogModuleManager: Shutting down and abandoning module PhysXCooking (102)
[2021.02.03-21.19.01:764][  0]LogModuleManager: Shutting down and abandoning module ChaosSolvers (100)
[2021.02.03-21.19.01:764][  0]LogModuleManager: Shutting down and abandoning module FieldSystemEngine (99)
[2021.02.03-21.19.01:764][  0]LogModuleManager: Shutting down and abandoning module Chaos (96)
[2021.02.03-21.19.01:764][  0]LogModuleManager: Shutting down and abandoning module WindowsPlatformFeatures (94)
[2021.02.03-21.19.01:764][  0]LogModuleManager: Shutting down and abandoning module GameplayMediaEncoder (93)
[2021.02.03-21.19.01:764][  0]LogModuleManager: Shutting down and abandoning module ExampleDeviceProfileSelector (90)
[2021.02.03-21.19.01:764][  0]LogModuleManager: Shutting down and abandoning module SteamVRInputDevice (88)
[2021.02.03-21.19.01:764][  0]LogModuleManager: Shutting down and abandoning module SteamVRInput (86)
[2021.02.03-21.19.01:764][  0]LogModuleManager: Shutting down and abandoning module SteamVR (84)
[2021.02.03-21.19.01:764][  0]LogHMD: Freeing OpenVRDLLHandle.
[2021.02.03-21.19.01:764][  0]LogModuleManager: Shutting down and abandoning module OculusHMD (82)
[2021.02.03-21.19.01:764][  0]LogModuleManager: Shutting down and abandoning module LauncherChunkInstaller (80)
[2021.02.03-21.19.01:764][  0]LogModuleManager: Shutting down and abandoning module OnlineBlueprintSupport (78)
[2021.02.03-21.19.01:764][  0]LogModuleManager: Shutting down and abandoning module OnlineSubsystem (74)
[2021.02.03-21.19.01:764][  0]LogModuleManager: Shutting down and abandoning module XMPP (69)
[2021.02.03-21.19.01:764][  0]LogModuleManager: Shutting down and abandoning module WebSockets (68)
[2021.02.03-21.19.01:790][  0]LogModuleManager: Shutting down and abandoning module HTTP (65)
[2021.02.03-21.19.01:813][  0]LogModuleManager: Shutting down and abandoning module SSL (64)
[2021.02.03-21.19.01:814][  0]LogModuleManager: Shutting down and abandoning module WmfMedia (60)
[2021.02.03-21.19.01:815][  0]LogModuleManager: Shutting down and abandoning module Media (59)
[2021.02.03-21.19.01:815][  0]LogModuleManager: Shutting down and abandoning module MagicLeap (56)
[2021.02.03-21.19.01:815][  0]LogModuleManager: Shutting down and abandoning module VariantManagerContent (54)
[2021.02.03-21.19.01:815][  0]LogModuleManager: Shutting down and abandoning module DatasmithContent (52)
[2021.02.03-21.19.01:815][  0]LogModuleManager: Shutting down and abandoning module AISupportModule (50)
[2021.02.03-21.19.01:815][  0]LogModuleManager: Shutting down and abandoning module DesktopPlatform (48)
[2021.02.03-21.19.01:815][  0]LogModuleManager: Shutting down and abandoning module PythonScriptPluginPreload (46)
[2021.02.03-21.19.01:815][  0]LogModuleManager: Shutting down and abandoning module PlatformCryptoOpenSSL (44)
[2021.02.03-21.19.01:815][  0]LogModuleManager: Shutting down and abandoning module PlatformCryptoTypes (42)
[2021.02.03-21.19.01:815][  0]LogModuleManager: Shutting down and abandoning module PlatformCrypto (40)
[2021.02.03-21.19.01:815][  0]LogModuleManager: Shutting down and abandoning module AnimationModifiers (38)
[2021.02.03-21.19.01:815][  0]LogModuleManager: Shutting down and abandoning module PropertyEditor (37)
[2021.02.03-21.19.01:815][  0]LogModuleManager: Shutting down and abandoning module AudioEditor (34)
[2021.02.03-21.19.01:816][  0]LogModuleManager: Shutting down and abandoning module TextureCompressor (32)
[2021.02.03-21.19.01:816][  0]LogModuleManager: Shutting down and abandoning module RenderCore (30)
[2021.02.03-21.19.01:816][  0]LogModuleManager: Shutting down and abandoning module Landscape (28)
[2021.02.03-21.19.01:816][  0]LogModuleManager: Shutting down and abandoning module SlateRHIRenderer (26)
[2021.02.03-21.19.01:816][  0]LogModuleManager: Shutting down and abandoning module OpenGLDrv (24)
[2021.02.03-21.19.01:816][  0]LogModuleManager: Shutting down and abandoning module D3D11RHI (22)
[2021.02.03-21.19.01:816][  0]LogModuleManager: Shutting down and abandoning module AnimGraphRuntime (20)
[2021.02.03-21.19.01:816][  0]LogModuleManager: Shutting down and abandoning module Renderer (18)
[2021.02.03-21.19.01:816][  0]LogModuleManager: Shutting down and abandoning module Engine (16)
[2021.02.03-21.19.01:816][  0]LogModuleManager: Shutting down and abandoning module CoreUObject (14)
[2021.02.03-21.19.01:816][  0]LogModuleManager: Shutting down and abandoning module NetworkFile (12)
[2021.02.03-21.19.01:816][  0]LogModuleManager: Shutting down and abandoning module CookedIterativeFile (10)
[2021.02.03-21.19.01:816][  0]LogModuleManager: Shutting down and abandoning module StreamingFile (8)
[2021.02.03-21.19.01:816][  0]LogModuleManager: Shutting down and abandoning module SandboxFile (6)
[2021.02.03-21.19.01:816][  0]LogModuleManager: Shutting down and abandoning module PakFile (4)
[2021.02.03-21.19.01:816][  0]LogModuleManager: Shutting down and abandoning module RSA (3)
[2021.02.03-21.19.01:820][  0]LogExit: Exiting.
[2021.02.03-21.19.01:857][  0]Log file closed, 02/03/21 22:19:01
