Log file open, 01/31/21 15:59:34
LogWindows: Failed to load 'aqProf.dll' (GetLastError=126)
LogWindows: File 'aqProf.dll' does not exist
LogWindows: Failed to load 'VtuneApi.dll' (GetLastError=126)
LogWindows: File 'VtuneApi.dll' does not exist
LogWindows: Failed to load 'VtuneApi32e.dll' (GetLastError=126)
LogWindows: File 'VtuneApi32e.dll' does not exist
LogConsoleResponse: Display: Failed to find resolution value strings in scalability ini. Falling back to default.
LogInit: Display: Running engine for game: Umbraculo
LogPlatformFile: Not using cached read wrapper
LogTaskGraph: Started task graph with 5 named threads and 23 total threads with 3 sets of task threads.
LogStats: Stats thread started at 5.901140
LogD3D11RHI: Loaded GFSDK_Aftermath_Lib.x64.dll
LogICUInternationalization: ICU TimeZone Detection - Raw Offset: +1:00, Platform Override: ''
LogPluginManager: Mounting plugin Paper2D
LogPluginManager: Mounting plugin AISupport
LogPluginManager: Mounting plugin LightPropagationVolume
LogPluginManager: Mounting plugin ActorLayerUtilities
LogPluginManager: Mounting plugin AnimationSharing
LogPluginManager: Mounting plugin CLionSourceCodeAccess
LogPluginManager: Mounting plugin CodeLiteSourceCodeAccess
LogPluginManager: Mounting plugin GitSourceControl
LogPluginManager: Mounting plugin KDevelopSourceCodeAccess
LogPluginManager: Mounting plugin NullSourceCodeAccess
LogPluginManager: Mounting plugin PerforceSourceControl
LogPluginManager: Mounting plugin PlasticSourceControl
LogPluginManager: Mounting plugin SubversionSourceControl
LogPluginManager: Mounting plugin UObjectPlugin
LogPluginManager: Mounting plugin VisualStudioCodeSourceCodeAccess
LogPluginManager: Mounting plugin VisualStudioSourceCodeAccess
LogPluginManager: Mounting plugin XCodeSourceCodeAccess
LogPluginManager: Mounting plugin AssetManagerEditor
LogPluginManager: Mounting plugin CryptoKeys
LogPluginManager: Mounting plugin CurveEditorTools
LogPluginManager: Mounting plugin DataValidation
LogPluginManager: Mounting plugin EditorScriptingUtilities
LogPluginManager: Mounting plugin FacialAnimation
LogPluginManager: Mounting plugin GameplayTagsEditor
LogPluginManager: Mounting plugin MacGraphicsSwitching
LogPluginManager: Mounting plugin MaterialAnalyzer
LogPluginManager: Mounting plugin MobileLauncherProfileWizard
LogPluginManager: Mounting plugin PluginBrowser
LogPluginManager: Mounting plugin SpeedTreeImporter
LogPluginManager: Mounting plugin DatasmithContent
LogPluginManager: Mounting plugin VariantManagerContent
LogPluginManager: Mounting plugin AlembicImporter
LogPluginManager: Mounting plugin AutomationUtils
LogPluginManager: Mounting plugin BackChannel
LogPluginManager: Mounting plugin CharacterAI
LogPluginManager: Mounting plugin GeometryCache
LogPluginManager: Mounting plugin PlatformCrypto
LogPluginManager: Mounting plugin ProxyLODPlugin
LogPluginManager: Mounting plugin PythonScriptPlugin
LogPluginManager: Mounting plugin SkeletalReduction
LogPluginManager: Mounting plugin MagicLeap
LogPluginManager: Mounting plugin MagicLeapMedia
LogPluginManager: Mounting plugin MLSDK
LogPluginManager: Mounting plugin AndroidMedia
LogPluginManager: Mounting plugin AvfMedia
LogPluginManager: Mounting plugin ImgMedia
LogPluginManager: Mounting plugin MediaCompositing
LogPluginManager: Mounting plugin MediaPlayerEditor
LogPluginManager: Mounting plugin WebMMedia
LogPluginManager: Mounting plugin WmfMedia
LogPluginManager: Mounting plugin TcpMessaging
LogPluginManager: Mounting plugin UdpMessaging
LogPluginManager: Mounting plugin ActorSequence
LogPluginManager: Mounting plugin LevelSequenceEditor
LogPluginManager: Mounting plugin MatineeToLevelSequence
LogPluginManager: Mounting plugin NetcodeUnitTest
LogPluginManager: Mounting plugin NUTUnrealEngine4
LogPluginManager: Mounting plugin OnlineSubsystemGooglePlay
LogPluginManager: Mounting plugin OnlineSubsystemIOS
LogPluginManager: Mounting plugin OnlineSubsystem
LogPluginManager: Mounting plugin OnlineSubsystemNull
LogPluginManager: Mounting plugin OnlineSubsystemUtils
LogPluginManager: Mounting plugin LauncherChunkInstaller
LogPluginManager: Mounting plugin AndroidDeviceProfileSelector
LogPluginManager: Mounting plugin AndroidMoviePlayer
LogPluginManager: Mounting plugin AndroidPermission
LogPluginManager: Mounting plugin AppleImageUtils
LogPluginManager: Mounting plugin AppleMoviePlayer
LogPluginManager: Mounting plugin ArchVisCharacter
LogPluginManager: Mounting plugin AssetTags
LogPluginManager: Mounting plugin AudioCapture
LogPluginManager: Mounting plugin CableComponent
LogPluginManager: Mounting plugin CustomMeshComponent
LogPluginManager: Mounting plugin EditableMesh
LogPluginManager: Mounting plugin ExampleDeviceProfileSelector
LogPluginManager: Mounting plugin GoogleCloudMessaging
LogPluginManager: Mounting plugin IOSDeviceProfileSelector
LogPluginManager: Mounting plugin LinuxDeviceProfileSelector
LogPluginManager: Mounting plugin LocationServicesBPLibrary
LogPluginManager: Mounting plugin MobilePatchingUtils
LogPluginManager: Mounting plugin OculusVR
LogPluginManager: Mounting plugin PhysXVehicles
LogPluginManager: Mounting plugin PostSplashScreen
LogPluginManager: Mounting plugin ProceduralMeshComponent
LogPluginManager: Mounting plugin RuntimePhysXCooking
LogPluginManager: Mounting plugin SignificanceManager
LogPluginManager: Mounting plugin SteamVR
LogPluginManager: Mounting plugin WebMMoviePlayer
LogPluginManager: Mounting plugin WindowsMoviePlayer
LogPluginManager: Mounting plugin ScreenshotTools
LogInit: Using libcurl 7.55.1-DEV
LogInit:  - built for x86_64-pc-win32
LogInit:  - supports SSL with OpenSSL/1.1.1
LogInit:  - supports HTTP deflate (compression) using libz 1.2.8
LogInit:  - other features:
LogInit:      CURL_VERSION_SSL
LogInit:      CURL_VERSION_LIBZ
LogInit:      CURL_VERSION_IPV6
LogInit:      CURL_VERSION_ASYNCHDNS
LogInit:      CURL_VERSION_LARGEFILE
LogInit:      CURL_VERSION_IDN
LogInit:  CurlRequestOptions (configurable via config and command line):
LogInit:  - bVerifyPeer = true  - Libcurl will verify peer certificate
LogInit:  - bUseHttpProxy = false  - Libcurl will NOT use HTTP proxy
LogInit:  - bDontReuseConnections = false  - Libcurl will reuse connections
LogInit:  - MaxHostConnections = 16  - Libcurl will limit the number of connections to a host
LogInit:  - LocalHostAddr = Default
LogInit:  - BufferSize = 65536
LogOnline: OSS: Creating online subsystem instance for: NULL
LogInit: WinSock: version 1.1 (2.2), MaxSocks=32767, MaxUdp=65467
LogOnline: OSS: TryLoadSubsystemAndSetDefault: Loaded subsystem for module [NULL]
LogInit: Build: ++UE4+Release-4.24-CL-11590370
LogInit: Engine Version: 4.24.3-11590370+++UE4+Release-4.24
LogInit: Compatible Engine Version: 4.24.0-10570792+++UE4+Release-4.24
LogInit: Net CL: 10570792
LogInit: OS: Windows 10 (Release 1909) (), CPU: Intel(R) Core(TM) i7-7700K CPU @ 4.20GHz, GPU: NVIDIA GeForce GTX 1060 6GB
LogInit: Compiled (64-bit): Feb 24 2020 15:39:18
LogInit: Compiled with Visual C++: 19.16.27032.01
LogInit: Build Configuration: Development
LogInit: Branch Name: ++UE4+Release-4.24
LogInit: Command Line: 
LogInit: Base Directory: D:/Epic Games/Epic Games/UE_4.24/Engine/Binaries/Win64/
LogInit: Installed Engine Build: 1
LogDevObjectVersion: Number of dev versions registered: 25
LogDevObjectVersion:   Dev-Blueprints (B0D832E4-1F89-4F0D-ACCF-7EB736FD4AA2): 10
LogDevObjectVersion:   Dev-Build (E1C64328-A22C-4D53-A36C-8E866417BD8C): 0
LogDevObjectVersion:   Dev-Core (375EC13C-06E4-48FB-B500-84F0262A717E): 3
LogDevObjectVersion:   Dev-Editor (E4B068ED-F494-42E9-A231-DA0B2E46BB41): 37
LogDevObjectVersion:   Dev-Framework (CFFC743F-43B0-4480-9391-14DF171D2073): 36
LogDevObjectVersion:   Dev-Mobile (B02B49B5-BB20-44E9-A304-32B752E40360): 2
LogDevObjectVersion:   Dev-Networking (A4E4105C-59A1-49B5-A7C5-40C4547EDFEE): 0
LogDevObjectVersion:   Dev-Online (39C831C9-5AE6-47DC-9A44-9C173E1C8E7C): 0
LogDevObjectVersion:   Dev-Physics (78F01B33-EBEA-4F98-B9B4-84EACCB95AA2): 2
LogDevObjectVersion:   Dev-Platform (6631380F-2D4D-43E0-8009-CF276956A95A): 0
LogDevObjectVersion:   Dev-Rendering (12F88B9F-8875-4AFC-A67C-D90C383ABD29): 36
LogDevObjectVersion:   Dev-Sequencer (7B5AE74C-D270-4C10-A958-57980B212A5A): 11
LogDevObjectVersion:   Dev-VR (D7296918-1DD6-4BDD-9DE2-64A83CC13884): 2
LogDevObjectVersion:   Dev-LoadTimes (C2A15278-BFE7-4AFE-6C17-90FF531DF755): 1
LogDevObjectVersion:   Private-Geometry (6EACA3D4-40EC-4CC1-B786-8BED09428FC5): 3
LogDevObjectVersion:   Dev-AnimPhys (29E575DD-E0A3-4627-9D10-D276232CDCEA): 17
LogDevObjectVersion:   Dev-Anim (AF43A65D-7FD3-4947-9873-3E8ED9C1BB05): 2
LogDevObjectVersion:   Dev-ReflectionCapture (6B266CEC-1EC7-4B8F-A30B-E4D90942FC07): 1
LogDevObjectVersion:   Dev-Automation (0DF73D61-A23F-47EA-B727-89E90C41499A): 1
LogDevObjectVersion:   FortniteMain (601D1886-AC64-4F84-AA16-D3DE0DEAC7D6): 31
LogDevObjectVersion:   Dev-Enterprise (9DFFBCD6-494F-0158-E221-12823C92A888): 8
LogDevObjectVersion:   Dev-Niagara (F2AED0AC-9AFE-416F-8664-AA7FFA26D6FC): 1
LogDevObjectVersion:   Dev-Destruction (174F1F0B-B4C6-45A5-B13F-2EE8D0FB917D): 9
LogDevObjectVersion:   Dev-Physics-Ext (35F94A83-E258-406C-A318-09F59610247C): 8
LogDevObjectVersion:   Dev-CineCamera (B2E18506-4273-CFC2-A54E-F4BB758BBA07): 1
LogInit: Presizing for max 25165824 objects, including 0 objects not considered by GC, pre-allocating 0 bytes for permanent pool.
LogInit: Object subsystem initialized
LogConfig: Setting CVar [[con.DebugEarlyDefault:1]]
LogConfig: Setting CVar [[r.setres:1280x720]]
[2021.01.31-14.59.37:949][  0]LogConfig: Setting CVar [[r.VSync:0]]
[2021.01.31-14.59.37:949][  0]LogConfig: Setting CVar [[r.RHICmdBypass:0]]
[2021.01.31-14.59.37:951][  0]LogConfig: Applying CVar settings from Section [/Script/Engine.RendererSettings] File [C:/Users/jose/Documents/Unreal Projects/Umbraculo/Saved/Config/Windows/Engine.ini]
[2021.01.31-14.59.37:951][  0]LogConfig: Setting CVar [[r.GPUCrashDebugging:0]]
[2021.01.31-14.59.37:951][  0]LogConfig: Applying CVar settings from Section [/Script/Engine.RendererOverrideSettings] File [C:/Users/jose/Documents/Unreal Projects/Umbraculo/Saved/Config/Windows/Engine.ini]
[2021.01.31-14.59.37:951][  0]LogConfig: Applying CVar settings from Section [/Script/Engine.StreamingSettings] File [C:/Users/jose/Documents/Unreal Projects/Umbraculo/Saved/Config/Windows/Engine.ini]
[2021.01.31-14.59.37:951][  0]LogConfig: Setting CVar [[s.MinBulkDataSizeForAsyncLoading:131072]]
[2021.01.31-14.59.37:951][  0]LogConfig: Setting CVar [[s.AsyncLoadingThreadEnabled:0]]
[2021.01.31-14.59.37:951][  0]LogConfig: Setting CVar [[s.EventDrivenLoaderEnabled:1]]
[2021.01.31-14.59.37:951][  0]LogConfig: Setting CVar [[s.WarnIfTimeLimitExceeded:0]]
[2021.01.31-14.59.37:951][  0]LogConfig: Setting CVar [[s.TimeLimitExceededMultiplier:1.5]]
[2021.01.31-14.59.37:951][  0]LogConfig: Setting CVar [[s.TimeLimitExceededMinTime:0.005]]
[2021.01.31-14.59.37:951][  0]LogConfig: Setting CVar [[s.UseBackgroundLevelStreaming:1]]
[2021.01.31-14.59.37:951][  0]LogConfig: Setting CVar [[s.PriorityAsyncLoadingExtraTime:15.0]]
[2021.01.31-14.59.37:951][  0]LogConfig: Setting CVar [[s.LevelStreamingActorsUpdateTimeLimit:5.0]]
[2021.01.31-14.59.37:951][  0]LogConfig: Setting CVar [[s.PriorityLevelStreamingActorsUpdateExtraTime:5.0]]
[2021.01.31-14.59.37:951][  0]LogConfig: Setting CVar [[s.LevelStreamingComponentsRegistrationGranularity:10]]
[2021.01.31-14.59.37:951][  0]LogConfig: Setting CVar [[s.UnregisterComponentsTimeLimit:1.0]]
[2021.01.31-14.59.37:951][  0]LogConfig: Setting CVar [[s.LevelStreamingComponentsUnregistrationGranularity:5]]
[2021.01.31-14.59.37:951][  0]LogConfig: Setting CVar [[s.FlushStreamingOnExit:1]]
[2021.01.31-14.59.37:951][  0]LogConfig: Applying CVar settings from Section [/Script/Engine.GarbageCollectionSettings] File [C:/Users/jose/Documents/Unreal Projects/Umbraculo/Saved/Config/Windows/Engine.ini]
[2021.01.31-14.59.37:951][  0]LogConfig: Setting CVar [[gc.MaxObjectsNotConsideredByGC:1]]
[2021.01.31-14.59.37:951][  0]LogConfig: Setting CVar [[gc.SizeOfPermanentObjectPool:0]]
[2021.01.31-14.59.37:951][  0]LogConfig: Setting CVar [[gc.FlushStreamingOnGC:0]]
[2021.01.31-14.59.37:951][  0]LogConfig: Setting CVar [[gc.NumRetriesBeforeForcingGC:10]]
[2021.01.31-14.59.37:951][  0]LogConfig: Setting CVar [[gc.AllowParallelGC:1]]
[2021.01.31-14.59.37:951][  0]LogConfig: Setting CVar [[gc.TimeBetweenPurgingPendingKillObjects:61.1]]
[2021.01.31-14.59.37:951][  0]LogConfig: Setting CVar [[gc.MaxObjectsInEditor:25165824]]
[2021.01.31-14.59.37:951][  0]LogConfig: Setting CVar [[gc.IncrementalBeginDestroyEnabled:1]]
[2021.01.31-14.59.37:951][  0]LogConfig: Setting CVar [[gc.CreateGCClusters:1]]
[2021.01.31-14.59.37:951][  0]LogConfig: Setting CVar [[gc.MinGCClusterSize:5]]
[2021.01.31-14.59.37:951][  0]LogConfig: Setting CVar [[gc.ActorClusteringEnabled:0]]
[2021.01.31-14.59.37:951][  0]LogConfig: Setting CVar [[gc.BlueprintClusteringEnabled:0]]
[2021.01.31-14.59.37:951][  0]LogConfig: Setting CVar [[gc.UseDisregardForGCOnDedicatedServers:0]]
[2021.01.31-14.59.37:951][  0]LogConfig: Applying CVar settings from Section [/Script/Engine.NetworkSettings] File [C:/Users/jose/Documents/Unreal Projects/Umbraculo/Saved/Config/Windows/Engine.ini]
[2021.01.31-14.59.37:951][  0]LogConfig: Applying CVar settings from Section [/Script/UnrealEd.CookerSettings] File [C:/Users/jose/Documents/Unreal Projects/Umbraculo/Saved/Config/Windows/Engine.ini]
[2021.01.31-14.59.37:978][  0]LogConfig: Applying CVar settings from Section [ViewDistanceQuality@3] File [C:/Users/jose/Documents/Unreal Projects/Umbraculo/Saved/Config/Windows/Scalability.ini]
[2021.01.31-14.59.37:978][  0]LogConfig: Setting CVar [[r.SkeletalMeshLODBias:0]]
[2021.01.31-14.59.37:978][  0]LogConfig: Setting CVar [[r.ViewDistanceScale:1.0]]
[2021.01.31-14.59.37:978][  0]LogConfig: Applying CVar settings from Section [AntiAliasingQuality@3] File [C:/Users/jose/Documents/Unreal Projects/Umbraculo/Saved/Config/Windows/Scalability.ini]
[2021.01.31-14.59.37:978][  0]LogConfig: Setting CVar [[r.PostProcessAAQuality:4]]
[2021.01.31-14.59.37:979][  0]LogConfig: Applying CVar settings from Section [ShadowQuality@3] File [C:/Users/jose/Documents/Unreal Projects/Umbraculo/Saved/Config/Windows/Scalability.ini]
[2021.01.31-14.59.37:979][  0]LogConfig: Setting CVar [[r.LightFunctionQuality:1]]
[2021.01.31-14.59.37:979][  0]LogConfig: Setting CVar [[r.ShadowQuality:5]]
[2021.01.31-14.59.37:979][  0]LogConfig: Setting CVar [[r.Shadow.CSM.MaxCascades:10]]
[2021.01.31-14.59.37:979][  0]LogConfig: Setting CVar [[r.Shadow.MaxResolution:2048]]
[2021.01.31-14.59.37:979][  0]LogConfig: Setting CVar [[r.Shadow.MaxCSMResolution:2048]]
[2021.01.31-14.59.37:979][  0]LogConfig: Setting CVar [[r.Shadow.RadiusThreshold:0.01]]
[2021.01.31-14.59.37:979][  0]LogConfig: Setting CVar [[r.Shadow.DistanceScale:1.0]]
[2021.01.31-14.59.37:979][  0]LogConfig: Setting CVar [[r.Shadow.CSM.TransitionScale:1.0]]
[2021.01.31-14.59.37:979][  0]LogConfig: Setting CVar [[r.Shadow.PreShadowResolutionFactor:1.0]]
[2021.01.31-14.59.37:979][  0]LogConfig: Setting CVar [[r.DistanceFieldShadowing:1]]
[2021.01.31-14.59.37:979][  0]LogConfig: Setting CVar [[r.DistanceFieldAO:1]]
[2021.01.31-14.59.37:979][  0]LogConfig: Setting CVar [[r.AOQuality:2]]
[2021.01.31-14.59.37:979][  0]LogConfig: Setting CVar [[r.VolumetricFog:1]]
[2021.01.31-14.59.37:979][  0]LogConfig: Setting CVar [[r.VolumetricFog.GridPixelSize:8]]
[2021.01.31-14.59.37:979][  0]LogConfig: Setting CVar [[r.VolumetricFog.GridSizeZ:128]]
[2021.01.31-14.59.37:979][  0]LogConfig: Setting CVar [[r.VolumetricFog.HistoryMissSupersampleCount:4]]
[2021.01.31-14.59.37:979][  0]LogConfig: Setting CVar [[r.LightMaxDrawDistanceScale:1]]
[2021.01.31-14.59.37:979][  0]LogConfig: Setting CVar [[r.CapsuleShadows:1]]
[2021.01.31-14.59.37:979][  0]LogConfig: Applying CVar settings from Section [PostProcessQuality@3] File [C:/Users/jose/Documents/Unreal Projects/Umbraculo/Saved/Config/Windows/Scalability.ini]
[2021.01.31-14.59.37:979][  0]LogConfig: Setting CVar [[r.MotionBlurQuality:4]]
[2021.01.31-14.59.37:979][  0]LogConfig: Setting CVar [[r.AmbientOcclusionMipLevelFactor:0.4]]
[2021.01.31-14.59.37:979][  0]LogConfig: Setting CVar [[r.AmbientOcclusionMaxQuality:100]]
[2021.01.31-14.59.37:979][  0]LogConfig: Setting CVar [[r.AmbientOcclusionLevels:-1]]
[2021.01.31-14.59.37:979][  0]LogConfig: Setting CVar [[r.AmbientOcclusionRadiusScale:1.0]]
[2021.01.31-14.59.37:979][  0]LogConfig: Setting CVar [[r.DepthOfFieldQuality:2]]
[2021.01.31-14.59.37:979][  0]LogConfig: Setting CVar [[r.RenderTargetPoolMin:400]]
[2021.01.31-14.59.37:979][  0]LogConfig: Setting CVar [[r.LensFlareQuality:2]]
[2021.01.31-14.59.37:979][  0]LogConfig: Setting CVar [[r.SceneColorFringeQuality:1]]
[2021.01.31-14.59.37:979][  0]LogConfig: Setting CVar [[r.EyeAdaptationQuality:2]]
[2021.01.31-14.59.37:979][  0]LogConfig: Setting CVar [[r.BloomQuality:5]]
[2021.01.31-14.59.37:979][  0]LogConfig: Setting CVar [[r.FastBlurThreshold:100]]
[2021.01.31-14.59.37:979][  0]LogConfig: Setting CVar [[r.Upscale.Quality:3]]
[2021.01.31-14.59.37:979][  0]LogConfig: Setting CVar [[r.Tonemapper.GrainQuantization:1]]
[2021.01.31-14.59.37:979][  0]LogConfig: Setting CVar [[r.LightShaftQuality:1]]
[2021.01.31-14.59.37:979][  0]LogConfig: Setting CVar [[r.Filter.SizeScale:1]]
[2021.01.31-14.59.37:979][  0]LogConfig: Setting CVar [[r.Tonemapper.Quality:5]]
[2021.01.31-14.59.37:979][  0]LogConfig: Setting CVar [[r.DOF.Gather.AccumulatorQuality:1        ; higher gathering accumulator quality]]
[2021.01.31-14.59.37:979][  0]LogConfig: Setting CVar [[r.DOF.Gather.PostfilterMethod:1          ; Median3x3 postfilering method]]
[2021.01.31-14.59.37:979][  0]LogConfig: Setting CVar [[r.DOF.Gather.EnableBokehSettings:0       ; no bokeh simulation when gathering]]
[2021.01.31-14.59.37:979][  0]LogConfig: Setting CVar [[r.DOF.Gather.RingCount:4                 ; medium number of samples when gathering]]
[2021.01.31-14.59.37:979][  0]LogConfig: Setting CVar [[r.DOF.Scatter.ForegroundCompositing:1    ; additive foreground scattering]]
[2021.01.31-14.59.37:979][  0]LogConfig: Setting CVar [[r.DOF.Scatter.BackgroundCompositing:2    ; additive background scattering]]
[2021.01.31-14.59.37:979][  0]LogConfig: Setting CVar [[r.DOF.Scatter.EnableBokehSettings:1      ; bokeh simulation when scattering]]
[2021.01.31-14.59.37:979][  0]LogConfig: Setting CVar [[r.DOF.Scatter.MaxSpriteRatio:0.1         ; only a maximum of 10% of scattered bokeh]]
[2021.01.31-14.59.37:979][  0]LogConfig: Setting CVar [[r.DOF.Recombine.Quality:1                ; cheap slight out of focus]]
[2021.01.31-14.59.37:979][  0]LogConfig: Setting CVar [[r.DOF.Recombine.EnableBokehSettings:0    ; no bokeh simulation on slight out of focus]]
[2021.01.31-14.59.37:979][  0]LogConfig: Setting CVar [[r.DOF.TemporalAAQuality:1                ; more stable temporal accumulation]]
[2021.01.31-14.59.37:979][  0]LogConfig: Setting CVar [[r.DOF.Kernel.MaxForegroundRadius:0.025]]
[2021.01.31-14.59.37:979][  0]LogConfig: Setting CVar [[r.DOF.Kernel.MaxBackgroundRadius:0.025]]
[2021.01.31-14.59.37:979][  0]LogConfig: Applying CVar settings from Section [TextureQuality@3] File [C:/Users/jose/Documents/Unreal Projects/Umbraculo/Saved/Config/Windows/Scalability.ini]
[2021.01.31-14.59.37:979][  0]LogConfig: Setting CVar [[r.Streaming.MipBias:0]]
[2021.01.31-14.59.37:979][  0]LogConfig: Setting CVar [[r.Streaming.AmortizeCPUToGPUCopy:0]]
[2021.01.31-14.59.37:979][  0]LogConfig: Setting CVar [[r.Streaming.MaxNumTexturesToStreamPerFrame:0]]
[2021.01.31-14.59.37:979][  0]LogConfig: Setting CVar [[r.Streaming.Boost:1]]
[2021.01.31-14.59.37:979][  0]LogConfig: Setting CVar [[r.MaxAnisotropy:8]]
[2021.01.31-14.59.37:979][  0]LogConfig: Setting CVar [[r.VT.MaxAnisotropy:8]]
[2021.01.31-14.59.37:979][  0]LogConfig: Setting CVar [[r.Streaming.LimitPoolSizeToVRAM:0]]
[2021.01.31-14.59.37:979][  0]LogConfig: Setting CVar [[r.Streaming.PoolSize:1000]]
[2021.01.31-14.59.37:979][  0]LogConfig: Setting CVar [[r.Streaming.MaxEffectiveScreenSize:0]]
[2021.01.31-14.59.37:979][  0]LogConfig: Applying CVar settings from Section [EffectsQuality@3] File [C:/Users/jose/Documents/Unreal Projects/Umbraculo/Saved/Config/Windows/Scalability.ini]
[2021.01.31-14.59.37:979][  0]LogConfig: Setting CVar [[r.TranslucencyLightingVolumeDim:64]]
[2021.01.31-14.59.37:979][  0]LogConfig: Setting CVar [[r.RefractionQuality:2]]
[2021.01.31-14.59.37:979][  0]LogConfig: Setting CVar [[r.SSR.Quality:3]]
[2021.01.31-14.59.37:979][  0]LogConfig: Setting CVar [[r.SSR.HalfResSceneColor:0]]
[2021.01.31-14.59.37:979][  0]LogConfig: Setting CVar [[r.SceneColorFormat:4]]
[2021.01.31-14.59.37:979][  0]LogConfig: Setting CVar [[r.DetailMode:2]]
[2021.01.31-14.59.37:979][  0]LogConfig: Setting CVar [[r.TranslucencyVolumeBlur:1]]
[2021.01.31-14.59.37:979][  0]LogConfig: Setting CVar [[r.MaterialQualityLevel:1 ; High quality]]
[2021.01.31-14.59.37:979][  0]LogConfig: Setting CVar [[r.SSS.Scale:1]]
[2021.01.31-14.59.37:979][  0]LogConfig: Setting CVar [[r.SSS.SampleSet:2]]
[2021.01.31-14.59.37:979][  0]LogConfig: Setting CVar [[r.SSS.Quality:1]]
[2021.01.31-14.59.37:979][  0]LogConfig: Setting CVar [[r.SSS.HalfRes:1]]
[2021.01.31-14.59.37:979][  0]LogConfig: Setting CVar [[r.SSGI.Quality:3]]
[2021.01.31-14.59.37:979][  0]LogConfig: Setting CVar [[r.EmitterSpawnRateScale:1.0]]
[2021.01.31-14.59.37:979][  0]LogConfig: Setting CVar [[r.ParticleLightQuality:2]]
[2021.01.31-14.59.37:979][  0]LogConfig: Setting CVar [[r.SkyAtmosphere.AerialPerspectiveLUT.FastApplyOnOpaque:1 ; Always have FastSkyLUT 1 in this case to avoid wrong sky]]
[2021.01.31-14.59.37:979][  0]LogConfig: Setting CVar [[r.SkyAtmosphere.AerialPerspectiveLUT.SampleCountPerSlice:1]]
[2021.01.31-14.59.37:979][  0]LogConfig: Setting CVar [[r.SkyAtmosphere.AerialPerspectiveLUT.DepthResolution:16.0]]
[2021.01.31-14.59.37:979][  0]LogConfig: Setting CVar [[r.SkyAtmosphere.FastSkyLUT:1]]
[2021.01.31-14.59.37:979][  0]LogConfig: Setting CVar [[r.SkyAtmosphere.FastSkyLUT.SampleCountMin:4.0]]
[2021.01.31-14.59.37:979][  0]LogConfig: Setting CVar [[r.SkyAtmosphere.FastSkyLUT.SampleCountMax:32.0]]
[2021.01.31-14.59.37:979][  0]LogConfig: Setting CVar [[r.SkyAtmosphere.SampleCountMin:4.0]]
[2021.01.31-14.59.37:979][  0]LogConfig: Setting CVar [[r.SkyAtmosphere.SampleCountMax:32.0]]
[2021.01.31-14.59.37:979][  0]LogConfig: Setting CVar [[r.SkyAtmosphere.TransmittanceLUT.UseSmallFormat:0]]
[2021.01.31-14.59.37:979][  0]LogConfig: Setting CVar [[r.SkyAtmosphere.TransmittanceLUT.SampleCount:10.0]]
[2021.01.31-14.59.37:979][  0]LogConfig: Setting CVar [[r.SkyAtmosphere.MultiScatteringLUT.SampleCount:15.0]]
[2021.01.31-14.59.37:979][  0]LogConfig: Applying CVar settings from Section [FoliageQuality@3] File [C:/Users/jose/Documents/Unreal Projects/Umbraculo/Saved/Config/Windows/Scalability.ini]
[2021.01.31-14.59.37:979][  0]LogConfig: Setting CVar [[foliage.DensityScale:1.0]]
[2021.01.31-14.59.37:979][  0]LogConfig: Setting CVar [[grass.DensityScale:1.0]]
[2021.01.31-14.59.37:979][  0]LogConfig: Applying CVar settings from Section [ShadingQuality@3] File [C:/Users/jose/Documents/Unreal Projects/Umbraculo/Saved/Config/Windows/Scalability.ini]
[2021.01.31-14.59.37:979][  0]LogConfig: Setting CVar [[r.HairStrands.SkyLighting.SampleCount:16]]
[2021.01.31-14.59.37:979][  0]LogConfig: Setting CVar [[r.HairStrands.SkyLighting.JitterIntegration:0]]
[2021.01.31-14.59.37:979][  0]LogConfig: Setting CVar [[r.HairStrands.SkyAO.SampleCount:16]]
[2021.01.31-14.59.37:988][  0]LogInit: Selected Device Profile: [Windows]
[2021.01.31-14.59.37:988][  0]LogInit: Applying CVar settings loaded from the selected device profile: [Windows]
[2021.01.31-14.59.38:031][  0]LogHAL: Display: Platform has ~ 16 GB [17111044096 / 17179869184 / 16], which maps to Larger [LargestMinGB=32, LargerMinGB=12, DefaultMinGB=8, SmallerMinGB=6, SmallestMinGB=0)
[2021.01.31-14.59.38:032][  0]LogInit: Going up to parent DeviceProfile []
[2021.01.31-14.59.38:032][  0]LogConfig: Applying CVar settings from Section [ViewDistanceQuality@3] File [C:/Users/jose/Documents/Unreal Projects/Umbraculo/Saved/Config/Windows/Scalability.ini]
[2021.01.31-14.59.38:032][  0]LogConfig: Setting CVar [[r.SkeletalMeshLODBias:0]]
[2021.01.31-14.59.38:032][  0]LogConfig: Setting CVar [[r.ViewDistanceScale:1.0]]
[2021.01.31-14.59.38:032][  0]LogConfig: Applying CVar settings from Section [AntiAliasingQuality@3] File [C:/Users/jose/Documents/Unreal Projects/Umbraculo/Saved/Config/Windows/Scalability.ini]
[2021.01.31-14.59.38:032][  0]LogConfig: Setting CVar [[r.PostProcessAAQuality:4]]
[2021.01.31-14.59.38:032][  0]LogConfig: Applying CVar settings from Section [ShadowQuality@3] File [C:/Users/jose/Documents/Unreal Projects/Umbraculo/Saved/Config/Windows/Scalability.ini]
[2021.01.31-14.59.38:032][  0]LogConfig: Setting CVar [[r.LightFunctionQuality:1]]
[2021.01.31-14.59.38:032][  0]LogConfig: Setting CVar [[r.ShadowQuality:5]]
[2021.01.31-14.59.38:032][  0]LogConfig: Setting CVar [[r.Shadow.CSM.MaxCascades:10]]
[2021.01.31-14.59.38:032][  0]LogConfig: Setting CVar [[r.Shadow.MaxResolution:2048]]
[2021.01.31-14.59.38:032][  0]LogConfig: Setting CVar [[r.Shadow.MaxCSMResolution:2048]]
[2021.01.31-14.59.38:032][  0]LogConfig: Setting CVar [[r.Shadow.RadiusThreshold:0.01]]
[2021.01.31-14.59.38:032][  0]LogConfig: Setting CVar [[r.Shadow.DistanceScale:1.0]]
[2021.01.31-14.59.38:032][  0]LogConfig: Setting CVar [[r.Shadow.CSM.TransitionScale:1.0]]
[2021.01.31-14.59.38:032][  0]LogConfig: Setting CVar [[r.Shadow.PreShadowResolutionFactor:1.0]]
[2021.01.31-14.59.38:032][  0]LogConfig: Setting CVar [[r.DistanceFieldShadowing:1]]
[2021.01.31-14.59.38:032][  0]LogConfig: Setting CVar [[r.DistanceFieldAO:1]]
[2021.01.31-14.59.38:032][  0]LogConfig: Setting CVar [[r.AOQuality:2]]
[2021.01.31-14.59.38:032][  0]LogConfig: Setting CVar [[r.VolumetricFog:1]]
[2021.01.31-14.59.38:032][  0]LogConfig: Setting CVar [[r.VolumetricFog.GridPixelSize:8]]
[2021.01.31-14.59.38:032][  0]LogConfig: Setting CVar [[r.VolumetricFog.GridSizeZ:128]]
[2021.01.31-14.59.38:032][  0]LogConfig: Setting CVar [[r.VolumetricFog.HistoryMissSupersampleCount:4]]
[2021.01.31-14.59.38:032][  0]LogConfig: Setting CVar [[r.LightMaxDrawDistanceScale:1]]
[2021.01.31-14.59.38:032][  0]LogConfig: Setting CVar [[r.CapsuleShadows:1]]
[2021.01.31-14.59.38:032][  0]LogConfig: Applying CVar settings from Section [PostProcessQuality@3] File [C:/Users/jose/Documents/Unreal Projects/Umbraculo/Saved/Config/Windows/Scalability.ini]
[2021.01.31-14.59.38:032][  0]LogConfig: Setting CVar [[r.MotionBlurQuality:4]]
[2021.01.31-14.59.38:032][  0]LogConfig: Setting CVar [[r.AmbientOcclusionMipLevelFactor:0.4]]
[2021.01.31-14.59.38:032][  0]LogConfig: Setting CVar [[r.AmbientOcclusionMaxQuality:100]]
[2021.01.31-14.59.38:032][  0]LogConfig: Setting CVar [[r.AmbientOcclusionLevels:-1]]
[2021.01.31-14.59.38:032][  0]LogConfig: Setting CVar [[r.AmbientOcclusionRadiusScale:1.0]]
[2021.01.31-14.59.38:032][  0]LogConfig: Setting CVar [[r.DepthOfFieldQuality:2]]
[2021.01.31-14.59.38:032][  0]LogConfig: Setting CVar [[r.RenderTargetPoolMin:400]]
[2021.01.31-14.59.38:032][  0]LogConfig: Setting CVar [[r.LensFlareQuality:2]]
[2021.01.31-14.59.38:032][  0]LogConfig: Setting CVar [[r.SceneColorFringeQuality:1]]
[2021.01.31-14.59.38:032][  0]LogConfig: Setting CVar [[r.EyeAdaptationQuality:2]]
[2021.01.31-14.59.38:032][  0]LogConfig: Setting CVar [[r.BloomQuality:5]]
[2021.01.31-14.59.38:032][  0]LogConfig: Setting CVar [[r.FastBlurThreshold:100]]
[2021.01.31-14.59.38:032][  0]LogConfig: Setting CVar [[r.Upscale.Quality:3]]
[2021.01.31-14.59.38:032][  0]LogConfig: Setting CVar [[r.Tonemapper.GrainQuantization:1]]
[2021.01.31-14.59.38:032][  0]LogConfig: Setting CVar [[r.LightShaftQuality:1]]
[2021.01.31-14.59.38:032][  0]LogConfig: Setting CVar [[r.Filter.SizeScale:1]]
[2021.01.31-14.59.38:032][  0]LogConfig: Setting CVar [[r.Tonemapper.Quality:5]]
[2021.01.31-14.59.38:032][  0]LogConfig: Setting CVar [[r.DOF.Gather.AccumulatorQuality:1        ; higher gathering accumulator quality]]
[2021.01.31-14.59.38:032][  0]LogConfig: Setting CVar [[r.DOF.Gather.PostfilterMethod:1          ; Median3x3 postfilering method]]
[2021.01.31-14.59.38:032][  0]LogConfig: Setting CVar [[r.DOF.Gather.EnableBokehSettings:0       ; no bokeh simulation when gathering]]
[2021.01.31-14.59.38:032][  0]LogConfig: Setting CVar [[r.DOF.Gather.RingCount:4                 ; medium number of samples when gathering]]
[2021.01.31-14.59.38:032][  0]LogConfig: Setting CVar [[r.DOF.Scatter.ForegroundCompositing:1    ; additive foreground scattering]]
[2021.01.31-14.59.38:032][  0]LogConfig: Setting CVar [[r.DOF.Scatter.BackgroundCompositing:2    ; additive background scattering]]
[2021.01.31-14.59.38:032][  0]LogConfig: Setting CVar [[r.DOF.Scatter.EnableBokehSettings:1      ; bokeh simulation when scattering]]
[2021.01.31-14.59.38:032][  0]LogConfig: Setting CVar [[r.DOF.Scatter.MaxSpriteRatio:0.1         ; only a maximum of 10% of scattered bokeh]]
[2021.01.31-14.59.38:032][  0]LogConfig: Setting CVar [[r.DOF.Recombine.Quality:1                ; cheap slight out of focus]]
[2021.01.31-14.59.38:032][  0]LogConfig: Setting CVar [[r.DOF.Recombine.EnableBokehSettings:0    ; no bokeh simulation on slight out of focus]]
[2021.01.31-14.59.38:032][  0]LogConfig: Setting CVar [[r.DOF.TemporalAAQuality:1                ; more stable temporal accumulation]]
[2021.01.31-14.59.38:032][  0]LogConfig: Setting CVar [[r.DOF.Kernel.MaxForegroundRadius:0.025]]
[2021.01.31-14.59.38:032][  0]LogConfig: Setting CVar [[r.DOF.Kernel.MaxBackgroundRadius:0.025]]
[2021.01.31-14.59.38:032][  0]LogConfig: Applying CVar settings from Section [TextureQuality@3] File [C:/Users/jose/Documents/Unreal Projects/Umbraculo/Saved/Config/Windows/Scalability.ini]
[2021.01.31-14.59.38:032][  0]LogConfig: Setting CVar [[r.Streaming.MipBias:0]]
[2021.01.31-14.59.38:032][  0]LogConfig: Setting CVar [[r.Streaming.AmortizeCPUToGPUCopy:0]]
[2021.01.31-14.59.38:032][  0]LogConfig: Setting CVar [[r.Streaming.MaxNumTexturesToStreamPerFrame:0]]
[2021.01.31-14.59.38:032][  0]LogConfig: Setting CVar [[r.Streaming.Boost:1]]
[2021.01.31-14.59.38:032][  0]LogConfig: Setting CVar [[r.MaxAnisotropy:8]]
[2021.01.31-14.59.38:032][  0]LogConfig: Setting CVar [[r.VT.MaxAnisotropy:8]]
[2021.01.31-14.59.38:032][  0]LogConfig: Setting CVar [[r.Streaming.LimitPoolSizeToVRAM:0]]
[2021.01.31-14.59.38:032][  0]LogConfig: Setting CVar [[r.Streaming.PoolSize:1000]]
[2021.01.31-14.59.38:032][  0]LogConfig: Setting CVar [[r.Streaming.MaxEffectiveScreenSize:0]]
[2021.01.31-14.59.38:032][  0]LogConfig: Applying CVar settings from Section [EffectsQuality@3] File [C:/Users/jose/Documents/Unreal Projects/Umbraculo/Saved/Config/Windows/Scalability.ini]
[2021.01.31-14.59.38:032][  0]LogConfig: Setting CVar [[r.TranslucencyLightingVolumeDim:64]]
[2021.01.31-14.59.38:032][  0]LogConfig: Setting CVar [[r.RefractionQuality:2]]
[2021.01.31-14.59.38:032][  0]LogConfig: Setting CVar [[r.SSR.Quality:3]]
[2021.01.31-14.59.38:032][  0]LogConfig: Setting CVar [[r.SSR.HalfResSceneColor:0]]
[2021.01.31-14.59.38:032][  0]LogConfig: Setting CVar [[r.SceneColorFormat:4]]
[2021.01.31-14.59.38:032][  0]LogConfig: Setting CVar [[r.DetailMode:2]]
[2021.01.31-14.59.38:032][  0]LogConfig: Setting CVar [[r.TranslucencyVolumeBlur:1]]
[2021.01.31-14.59.38:032][  0]LogConfig: Setting CVar [[r.MaterialQualityLevel:1 ; High quality]]
[2021.01.31-14.59.38:032][  0]LogConfig: Setting CVar [[r.SSS.Scale:1]]
[2021.01.31-14.59.38:032][  0]LogConfig: Setting CVar [[r.SSS.SampleSet:2]]
[2021.01.31-14.59.38:032][  0]LogConfig: Setting CVar [[r.SSS.Quality:1]]
[2021.01.31-14.59.38:032][  0]LogConfig: Setting CVar [[r.SSS.HalfRes:1]]
[2021.01.31-14.59.38:032][  0]LogConfig: Setting CVar [[r.SSGI.Quality:3]]
[2021.01.31-14.59.38:032][  0]LogConfig: Setting CVar [[r.EmitterSpawnRateScale:1.0]]
[2021.01.31-14.59.38:032][  0]LogConfig: Setting CVar [[r.ParticleLightQuality:2]]
[2021.01.31-14.59.38:032][  0]LogConfig: Setting CVar [[r.SkyAtmosphere.AerialPerspectiveLUT.FastApplyOnOpaque:1 ; Always have FastSkyLUT 1 in this case to avoid wrong sky]]
[2021.01.31-14.59.38:032][  0]LogConfig: Setting CVar [[r.SkyAtmosphere.AerialPerspectiveLUT.SampleCountPerSlice:1]]
[2021.01.31-14.59.38:032][  0]LogConfig: Setting CVar [[r.SkyAtmosphere.AerialPerspectiveLUT.DepthResolution:16.0]]
[2021.01.31-14.59.38:032][  0]LogConfig: Setting CVar [[r.SkyAtmosphere.FastSkyLUT:1]]
[2021.01.31-14.59.38:032][  0]LogConfig: Setting CVar [[r.SkyAtmosphere.FastSkyLUT.SampleCountMin:4.0]]
[2021.01.31-14.59.38:032][  0]LogConfig: Setting CVar [[r.SkyAtmosphere.FastSkyLUT.SampleCountMax:32.0]]
[2021.01.31-14.59.38:032][  0]LogConfig: Setting CVar [[r.SkyAtmosphere.SampleCountMin:4.0]]
[2021.01.31-14.59.38:032][  0]LogConfig: Setting CVar [[r.SkyAtmosphere.SampleCountMax:32.0]]
[2021.01.31-14.59.38:032][  0]LogConfig: Setting CVar [[r.SkyAtmosphere.TransmittanceLUT.UseSmallFormat:0]]
[2021.01.31-14.59.38:032][  0]LogConfig: Setting CVar [[r.SkyAtmosphere.TransmittanceLUT.SampleCount:10.0]]
[2021.01.31-14.59.38:032][  0]LogConfig: Setting CVar [[r.SkyAtmosphere.MultiScatteringLUT.SampleCount:15.0]]
[2021.01.31-14.59.38:032][  0]LogConfig: Applying CVar settings from Section [FoliageQuality@3] File [C:/Users/jose/Documents/Unreal Projects/Umbraculo/Saved/Config/Windows/Scalability.ini]
[2021.01.31-14.59.38:032][  0]LogConfig: Setting CVar [[foliage.DensityScale:1.0]]
[2021.01.31-14.59.38:032][  0]LogConfig: Setting CVar [[grass.DensityScale:1.0]]
[2021.01.31-14.59.38:032][  0]LogConfig: Applying CVar settings from Section [ShadingQuality@3] File [C:/Users/jose/Documents/Unreal Projects/Umbraculo/Saved/Config/Windows/Scalability.ini]
[2021.01.31-14.59.38:032][  0]LogConfig: Setting CVar [[r.HairStrands.SkyLighting.SampleCount:16]]
[2021.01.31-14.59.38:033][  0]LogConfig: Setting CVar [[r.HairStrands.SkyLighting.JitterIntegration:0]]
[2021.01.31-14.59.38:033][  0]LogConfig: Setting CVar [[r.HairStrands.SkyAO.SampleCount:16]]
[2021.01.31-14.59.38:033][  0]LogConfig: Applying CVar settings from Section [Startup] File [../../../Engine/Config/ConsoleVariables.ini]
[2021.01.31-14.59.38:038][  0]LogConfig: Setting CVar [[net.UseAdaptiveNetUpdateFrequency:0]]
[2021.01.31-14.59.38:038][  0]LogConfig: Setting CVar [[p.chaos.AllowCreatePhysxBodies:1]]
[2021.01.31-14.59.38:038][  0]LogConfig: Applying CVar settings from Section [ConsoleVariables] File [C:/Users/jose/Documents/Unreal Projects/Umbraculo/Saved/Config/Windows/Engine.ini]
[2021.01.31-14.59.38:048][  0]LogInit: Computer: DESKTOP-8FL2SNA
[2021.01.31-14.59.38:048][  0]LogInit: User: jose
[2021.01.31-14.59.38:048][  0]LogInit: CPU Page size=4096, Cores=4
[2021.01.31-14.59.38:048][  0]LogInit: High frequency timer resolution =10.000000 MHz
[2021.01.31-14.59.38:049][  0]LogMemory: Memory total: Physical=15.9GB (16GB approx)
[2021.01.31-14.59.38:049][  0]LogMemory: Platform Memory Stats for Windows
[2021.01.31-14.59.38:049][  0]LogMemory: Process Physical Memory: 109.48 MB used, 109.48 MB peak
[2021.01.31-14.59.38:049][  0]LogMemory: Process Virtual Memory: 101.13 MB used, 101.13 MB peak
[2021.01.31-14.59.38:049][  0]LogMemory: Physical Memory: 5953.12 MB used,  10365.25 MB free, 16318.36 MB total
[2021.01.31-14.59.38:049][  0]LogMemory: Virtual Memory: 5142.60 MB used,  134212584.00 MB free, 134217728.00 MB total
[2021.01.31-14.59.38:054][  0]LogWindows: WindowsPlatformFeatures enabled
[2021.01.31-14.59.39:001][  0]LogInit: Overriding language with editor language configuration option (en).
[2021.01.31-14.59.39:001][  0]LogInit: Overriding locale with editor culture configuration option ().
[2021.01.31-14.59.39:001][  0]LogInit: Using OS detected locale (es-ES).
[2021.01.31-14.59.39:780][  0]LogInit: Setting process to per monitor DPI aware
[2021.01.31-14.59.40:298][  0]LogSlate: New Slate User Created.  User Index 0, Is Virtual User: 0
[2021.01.31-14.59.40:298][  0]LogSlate: Slate User Registered.  User Index 0, Is Virtual User: 0
[2021.01.31-14.59.42:660][  0]LogHMD: Failed to initialize OpenVR with code 110
[2021.01.31-14.59.42:660][  0]LogD3D11RHI: D3D11 min allowed feature level: 11_0
[2021.01.31-14.59.42:661][  0]LogD3D11RHI: D3D11 max allowed feature level: 11_0
[2021.01.31-14.59.42:661][  0]LogD3D11RHI: D3D11 adapters:
[2021.01.31-14.59.42:768][  0]LogD3D11RHI:    0. 'NVIDIA GeForce GTX 1060 6GB' (Feature Level 11_0)
[2021.01.31-14.59.42:769][  0]LogD3D11RHI:       6052/0/8159 MB DedicatedVideo/DedicatedSystem/SharedSystem, Outputs:1, VendorId:0x10de
[2021.01.31-14.59.42:774][  0]LogD3D11RHI:    1. 'Microsoft Basic Render Driver' (Feature Level 11_0)
[2021.01.31-14.59.42:774][  0]LogD3D11RHI:       0/0/8159 MB DedicatedVideo/DedicatedSystem/SharedSystem, Outputs:0, VendorId:0x1414
[2021.01.31-14.59.42:774][  0]LogD3D11RHI: Chosen D3D11 Adapter: 0
[2021.01.31-14.59.42:790][  0]LogD3D11RHI: Creating new Direct3DDevice
[2021.01.31-14.59.42:790][  0]LogD3D11RHI:     GPU DeviceId: 0x1c03 (for the marketing name, search the web for "GPU Device Id")
[2021.01.31-14.59.42:790][  0]LogWindows: EnumDisplayDevices:
[2021.01.31-14.59.42:790][  0]LogWindows:    0. 'NVIDIA GeForce GTX 1060 6GB' (P:1 D:1)
[2021.01.31-14.59.42:790][  0]LogWindows:    1. 'NVIDIA GeForce GTX 1060 6GB' (P:0 D:0)
[2021.01.31-14.59.42:791][  0]LogWindows:    2. 'NVIDIA GeForce GTX 1060 6GB' (P:0 D:0)
[2021.01.31-14.59.42:791][  0]LogWindows:    3. 'NVIDIA GeForce GTX 1060 6GB' (P:0 D:0)
[2021.01.31-14.59.42:791][  0]LogWindows: DebugString: FoundDriverCount:4 
[2021.01.31-14.59.42:791][  0]LogD3D11RHI:     Adapter Name: NVIDIA GeForce GTX 1060 6GB
[2021.01.31-14.59.42:791][  0]LogD3D11RHI:   Driver Version: 461.40 (internal:27.21.14.6140, unified:461.40)
[2021.01.31-14.59.42:791][  0]LogD3D11RHI:      Driver Date: 1-22-2021
[2021.01.31-14.59.42:791][  0]LogRHI: Texture pool is 4236 MB (70% of 6052 MB)
[2021.01.31-14.59.42:840][  0]LogD3D11RHI: RHI has support for 64 bit atomics
[2021.01.31-14.59.42:841][  0]LogD3D11RHI: Async texture creation enabled
[2021.01.31-14.59.42:997][  0]LogD3D11RHI: GPU Timing Frequency: 1000.000000 (Debug: 2 1)
[2021.01.31-14.59.44:015][  0]LogTargetPlatformManager: Display: Loaded TargetPlatform 'AllDesktop'
[2021.01.31-14.59.44:148][  0]LogTargetPlatformManager: Display: Loaded TargetPlatform 'Android'
[2021.01.31-14.59.44:148][  0]LogTargetPlatformManager: Display: Loaded TargetPlatform 'Android_ASTC'
[2021.01.31-14.59.44:148][  0]LogTargetPlatformManager: Display: Loaded TargetPlatform 'Android_ATC'
[2021.01.31-14.59.44:148][  0]LogTargetPlatformManager: Display: Loaded TargetPlatform 'Android_DXT'
[2021.01.31-14.59.44:148][  0]LogTargetPlatformManager: Display: Loaded TargetPlatform 'Android_ETC1'
[2021.01.31-14.59.44:148][  0]LogTargetPlatformManager: Display: Loaded TargetPlatform 'Android_ETC1a'
[2021.01.31-14.59.44:148][  0]LogTargetPlatformManager: Display: Loaded TargetPlatform 'Android_ETC2'
[2021.01.31-14.59.44:148][  0]LogTargetPlatformManager: Display: Loaded TargetPlatform 'Android_PVRTC'
[2021.01.31-14.59.44:148][  0]LogTargetPlatformManager: Display: Loaded TargetPlatform 'AndroidClient'
[2021.01.31-14.59.44:148][  0]LogTargetPlatformManager: Display: Loaded TargetPlatform 'Android_ASTCClient'
[2021.01.31-14.59.44:148][  0]LogTargetPlatformManager: Display: Loaded TargetPlatform 'Android_ATCClient'
[2021.01.31-14.59.44:148][  0]LogTargetPlatformManager: Display: Loaded TargetPlatform 'Android_DXTClient'
[2021.01.31-14.59.44:148][  0]LogTargetPlatformManager: Display: Loaded TargetPlatform 'Android_ETC1Client'
[2021.01.31-14.59.44:148][  0]LogTargetPlatformManager: Display: Loaded TargetPlatform 'Android_ETC1aClient'
[2021.01.31-14.59.44:148][  0]LogTargetPlatformManager: Display: Loaded TargetPlatform 'Android_ETC2Client'
[2021.01.31-14.59.44:148][  0]LogTargetPlatformManager: Display: Loaded TargetPlatform 'Android_PVRTCClient'
[2021.01.31-14.59.44:148][  0]LogTargetPlatformManager: Display: Loaded TargetPlatform 'Android_Multi'
[2021.01.31-14.59.44:148][  0]LogTargetPlatformManager: Display: Loaded TargetPlatform 'Android_MultiClient'
[2021.01.31-14.59.44:299][  0]LogTargetPlatformManager: Display: Loaded TargetPlatform 'IOSClient'
[2021.01.31-14.59.44:299][  0]LogTargetPlatformManager: Display: Loaded TargetPlatform 'IOS'
[2021.01.31-14.59.44:324][  0]LogTargetPlatformManager: Display: Loaded TargetPlatform 'LinuxNoEditor'
[2021.01.31-14.59.44:355][  0]LogTargetPlatformManager: Display: Loaded TargetPlatform 'LinuxClient'
[2021.01.31-14.59.44:386][  0]LogTargetPlatformManager: Display: Loaded TargetPlatform 'LinuxServer'
[2021.01.31-14.59.44:416][  0]LogTargetPlatformManager: Display: Loaded TargetPlatform 'LinuxAArch64NoEditor'
[2021.01.31-14.59.44:444][  0]LogTargetPlatformManager: Display: Loaded TargetPlatform 'LinuxAArch64Client'
[2021.01.31-14.59.44:472][  0]LogTargetPlatformManager: Display: Loaded TargetPlatform 'LinuxAArch64Server'
[2021.01.31-14.59.44:518][  0]LogTargetPlatformManager: Display: Loaded TargetPlatform 'Lumin'
[2021.01.31-14.59.44:518][  0]LogTargetPlatformManager: Display: Loaded TargetPlatform 'LuminClient'
[2021.01.31-14.59.44:549][  0]LogTargetPlatformManager: Display: Loaded TargetPlatform 'TVOSClient'
[2021.01.31-14.59.44:549][  0]LogTargetPlatformManager: Display: Loaded TargetPlatform 'TVOS'
[2021.01.31-14.59.44:592][  0]LogTargetPlatformManager: Display: Loaded TargetPlatform 'WindowsNoEditor'
[2021.01.31-14.59.44:623][  0]LogTargetPlatformManager: Display: Loaded TargetPlatform 'Windows'
[2021.01.31-14.59.44:666][  0]LogTargetPlatformManager: Display: Loaded TargetPlatform 'WindowsClient'
[2021.01.31-14.59.44:705][  0]LogTargetPlatformManager: Display: Loaded TargetPlatform 'WindowsServer'
[2021.01.31-14.59.44:705][  0]LogTargetPlatformManager: Display: Building Assets For Windows
[2021.01.31-14.59.44:947][  0]LogAudioDebug: Display: Lib vorbis DLL was dynamically loaded.
[2021.01.31-14.59.45:642][  0]LogShaderCompilers: Guid format shader working directory is -5 characters bigger than the processId version (C:/Users/jose/Documents/Unreal Projects/Umbraculo/Intermediate/Shaders/WorkingDirectory/15948/).
[2021.01.31-14.59.45:642][  0]LogShaderCompilers: Cleaned the shader compiler working directory 'C:/Users/jose/AppData/Local/Temp/UnrealShaderWorkingDir/3859983A4BEA533EF536B3AEDD0893F1/'.
[2021.01.31-14.59.45:661][  0]LogXGEController: Cleaning working directory: C:/Users/jose/AppData/Local/Temp/UnrealXGEWorkingDir/
[2021.01.31-14.59.45:662][  0]LogXGEController: Cannot use XGE Controller as Incredibuild is not installed on this machine.
[2021.01.31-14.59.45:663][  0]LogShaderCompilers: Cannot use XGE Shader Compiler as Incredibuild is not installed on this machine.
[2021.01.31-14.59.45:663][  0]LogShaderCompilers: Display: Using Local Shader Compiler.
[2021.01.31-14.59.49:132][  0]LogDerivedDataCache: Display: Max Cache Size: 512 MB
[2021.01.31-14.59.49:437][  0]LogDerivedDataCache: Loaded boot cache 0.30s 78MB C:/Users/jose/AppData/Local/UnrealEngine/4.24/DerivedDataCache/Boot.ddc.
[2021.01.31-14.59.49:437][  0]LogDerivedDataCache: Display: Loaded Boot cache: C:/Users/jose/AppData/Local/UnrealEngine/4.24/DerivedDataCache/Boot.ddc
[2021.01.31-14.59.49:437][  0]LogDerivedDataCache: FDerivedDataBackendGraph:  Pak pak cache file C:/Users/jose/Documents/Unreal Projects/Umbraculo/DerivedDataCache/DDC.ddp not found, will not use a pak cache.
[2021.01.31-14.59.49:437][  0]LogDerivedDataCache: Unable to find inner node Pak for hierarchical cache Hierarchy.
[2021.01.31-14.59.49:437][  0]LogDerivedDataCache: FDerivedDataBackendGraph:  CompressedPak pak cache file C:/Users/jose/Documents/Unreal Projects/Umbraculo/DerivedDataCache/Compressed.ddp not found, will not use a pak cache.
[2021.01.31-14.59.49:437][  0]LogDerivedDataCache: Unable to find inner node CompressedPak for hierarchical cache Hierarchy.
[2021.01.31-14.59.49:524][  0]LogDerivedDataCache: Display: Pak cache opened for reading ../../../Engine/DerivedDataCache/Compressed.ddp.
[2021.01.31-14.59.49:524][  0]LogDerivedDataCache: FDerivedDataBackendGraph:  EnterprisePak pak cache file ../../../Enterprise/DerivedDataCache/Compressed.ddp not found, will not use a pak cache.
[2021.01.31-14.59.49:524][  0]LogDerivedDataCache: Unable to find inner node EnterprisePak for hierarchical cache Hierarchy.
[2021.01.31-14.59.49:527][  0]LogDerivedDataCache: Using Local data cache path C:/Users/jose/AppData/Local/UnrealEngine/Common/DerivedDataCache: Writable
[2021.01.31-14.59.49:527][  0]LogDerivedDataCache: Shared data cache path not found in *engine.ini, will not use an Shared cache.
[2021.01.31-14.59.49:527][  0]LogDerivedDataCache: Unable to find inner node Shared for hierarchical cache Hierarchy.
[2021.01.31-14.59.49:588][  0]LogMaterial: Verifying Global Shaders for PCD3D_SM5
[2021.01.31-14.59.49:679][  0]LogSlate: Using FreeType 2.10.0
[2021.01.31-14.59.49:814][  0]LogSlate: SlateFontServices - WITH_FREETYPE: 1, WITH_HARFBUZZ: 1
[2021.01.31-14.59.51:846][  0]LogAssetRegistry: FAssetRegistry took 0.0065 seconds to start up
[2021.01.31-14.59.55:661][  0]LogInit: Selected Device Profile: [Windows]
[2021.01.31-14.59.57:802][  0]LogMeshReduction: Using QuadricMeshReduction for automatic static mesh reduction
[2021.01.31-14.59.57:802][  0]LogMeshReduction: Using SimplygonMeshReduction for automatic skeletal mesh reduction
[2021.01.31-14.59.57:802][  0]LogMeshReduction: Using ProxyLODMeshReduction for automatic mesh merging
[2021.01.31-14.59.57:802][  0]LogMeshReduction: No distributed automatic mesh merging module available
[2021.01.31-14.59.57:802][  0]LogMeshMerging: No distributed automatic mesh merging module available
[2021.01.31-14.59.58:223][  0]LogNetVersion: Umbraculo 1.0.0, NetCL: 10570792, EngineNetVer: 13, GameNetVer: 0 (Checksum: 2149783940)
[2021.01.31-15.00.20:220][  0]LogPackageLocalizationCache: Processed 11 localized package path(s) for 1 prioritized culture(s) in 0.124785 seconds
[2021.01.31-15.00.20:249][  0]LogUObjectArray: 46750 objects as part of root set at end of initial load.
[2021.01.31-15.00.20:249][  0]LogUObjectAllocator: 8137160 out of 0 bytes used by permanent object pool.
[2021.01.31-15.00.20:249][  0]LogUObjectArray: CloseDisregardForGC: 0/0 objects in disregard for GC pool
[2021.01.31-15.00.25:294][  0]LogPython: Using Python 2.7.14
[2021.01.31-15.00.28:061][  0]LogTcpMessaging: Initializing TcpMessaging bridge
[2021.01.31-15.00.28:090][  0]LogUdpMessaging: Initializing bridge on interface 0.0.0.0:0 to multicast group 230.0.0.1:6666.
[2021.01.31-15.00.28:869][  0]SourceControl: Source control is disabled
[2021.01.31-15.00.28:878][  0]SourceControl: Source control is disabled
[2021.01.31-15.00.28:982][  0]SourceControl: Source control is disabled
[2021.01.31-15.00.29:024][  0]SourceControl: Source control is disabled
[2021.01.31-15.00.29:044][  0]SourceControl: Source control is disabled
[2021.01.31-15.00.30:277][  0]LogAndroidPermission: UAndroidPermissionCallbackProxy::GetInstance
[2021.01.31-15.00.30:411][  0]LogAudioCaptureCore: Display: No Audio Capture implementations found. Audio input will be silent.
[2021.01.31-15.00.30:411][  0]LogAudioCaptureCore: Display: No Audio Capture implementations found. Audio input will be silent.
[2021.01.31-15.00.31:031][  0]LogOcInput: OculusInput pre-init called
[2021.01.31-15.00.31:096][  0]LogWindows: Failed to load 'OVRPlugin.dll' (GetLastError=126)
[2021.01.31-15.00.31:096][  0]LogWindows: File 'OVRPlugin.dll' does not exist
[2021.01.31-15.00.31:987][  0]LogEngine: Initializing Engine...
[2021.01.31-15.00.32:001][  0]LogHMD: Failed to initialize OpenVR with code 110
[2021.01.31-15.00.32:050][  0]LogStats: UGameplayTagsManager::InitializeManager -  0.009 s
[2021.01.31-15.00.33:204][  0]LogInit: Initializing FReadOnlyCVARCache
[2021.01.31-15.00.33:533][  0]LogAIModule: Creating AISystem for world Untitled
[2021.01.31-15.00.33:765][  0]LogAudioMixer: Display: Audio Mixer Platform Settings:
[2021.01.31-15.00.33:765][  0]LogAudioMixer: Display: 	Sample Rate:						  48000
[2021.01.31-15.00.33:765][  0]LogAudioMixer: Display: 	Callback Buffer Frame Size Requested: 1024
[2021.01.31-15.00.33:765][  0]LogAudioMixer: Display: 	Callback Buffer Frame Size To Use:	  1024
[2021.01.31-15.00.33:765][  0]LogAudioMixer: Display: 	Number of buffers to queue:			  2
[2021.01.31-15.00.33:765][  0]LogAudioMixer: Display: 	Max Channels (voices):				  32
[2021.01.31-15.00.33:765][  0]LogAudioMixer: Display: 	Number of Async Source Workers:		  0
[2021.01.31-15.00.33:765][  0]LogAudio: Display: AudioDevice MaxSources: 32
[2021.01.31-15.00.33:768][  0]LogAudio: Display: Using built-in audio occlusion.
[2021.01.31-15.00.33:768][  0]LogAudioMixer: Display: Initializing audio mixer.
[2021.01.31-15.00.33:853][  0]LogAudioMixer: Display: Audio Device Output Speaker Info:
[2021.01.31-15.00.33:853][  0]LogAudioMixer: Display: Name: Altavoces (Realtek High Definition Audio)
[2021.01.31-15.00.33:853][  0]LogAudioMixer: Display: Is Default: Yes
[2021.01.31-15.00.33:853][  0]LogAudioMixer: Display: Sample Rate: 48000
[2021.01.31-15.00.33:853][  0]LogAudioMixer: Display: Channel Count Used: 2
[2021.01.31-15.00.33:853][  0]LogAudioMixer: Display: Device Channel Count: 2
[2021.01.31-15.00.33:853][  0]LogAudioMixer: Display: Channel Order:
[2021.01.31-15.00.33:853][  0]LogAudioMixer: Display: 0: FrontLeft
[2021.01.31-15.00.33:853][  0]LogAudioMixer: Display: 1: FrontRight
[2021.01.31-15.00.33:930][  0]LogAudioMixer: Display: Using Audio Device Altavoces (Realtek High Definition Audio)
[2021.01.31-15.00.33:947][  0]LogInit: FAudioDevice initialized.
[2021.01.31-15.00.33:947][  0]LogNetVersion: Set ProjectVersion to 1.0.0.0. Version Checksum will be recalculated on next use.
[2021.01.31-15.00.34:019][  0]LogDerivedDataCache: Saved boot cache 0.07s 78MB C:/Users/jose/AppData/Local/UnrealEngine/4.24/DerivedDataCache/Boot.ddc.
[2021.01.31-15.00.34:025][  0]LogInit: Texture streaming: Enabled
[2021.01.31-15.00.34:229][  0]LogEngineSessionManager: EngineSessionManager initialized
[2021.01.31-15.00.34:229][  0]LogEditorSessionSummary: Verbose: Initializing EditorSessionSummaryWriter for editor session tracking
[2021.01.31-15.00.34:231][  0]LogEditorSessionSummary: EditorSessionSummaryWriter initialized
[2021.01.31-15.00.34:477][  0]LogInit: Transaction tracking system initialized
[2021.01.31-15.00.34:796][  0]BlueprintLog: New page: Editor Load
[2021.01.31-15.00.36:148][  0]LocalizationService: Localization service is disabled
[2021.01.31-15.00.39:164][  0]LogFileCache: Scanning file cache for directory 'C:/Users/jose/Documents/Unreal Projects/Umbraculo/Content/' took 0.02s
[2021.01.31-15.00.39:164][  0]LogCook: Display: Max memory allowance for cook 16384mb min free memory 0mb
[2021.01.31-15.00.39:164][  0]LogCook: Display: Mobile HDR setting 1
[2021.01.31-15.00.42:077][  0]SourceControl: Source control is disabled
[2021.01.31-15.00.42:102][  0]Cmd: MAP LOAD FILE="C:/Users/jose/Documents/Unreal Projects/Umbraculo/Content/Maps/Map.umap" TEMPLATE=0 SHOWPROGRESS=1 FEATURELEVEL=3
[2021.01.31-15.00.42:118][  0]LightingResults: New page: Lighting Build
[2021.01.31-15.00.42:175][  0]LogWorld: UWorld::CleanupWorld for Untitled, bSessionEnded=true, bCleanupResources=true
[2021.01.31-15.00.42:188][  0]LogSlate: InvalidateAllWidgets triggered.  All widgets were invalidated
[2021.01.31-15.00.42:194][  0]MapCheck: New page: Map Check
[2021.01.31-15.00.42:194][  0]LightingResults: New page: Lighting Build
[2021.01.31-15.00.42:345][  0]LogUObjectHash: Compacting FUObjectHashTables data took   1.31ms
[2021.01.31-15.00.42:842][  0]LogAIModule: Creating AISystem for world Map
[2021.01.31-15.00.43:211][  0]LogEditorServer: Finished looking for orphan Actors (0.000 secs)
[2021.01.31-15.00.43:281][  0]LogUObjectHash: Compacting FUObjectHashTables data took   1.69ms
[2021.01.31-15.00.43:281][  0]Cmd: MAP CHECKDEP NOCLEARLOG
[2021.01.31-15.00.43:286][  0]MapCheck: Map check complete: 0 Error(s), 0 Warning(s), took 3,584ms to complete.
[2021.01.31-15.00.43:286][  0]LogFileHelpers: Loading map 'Map' took 1.190
[2021.01.31-15.00.44:464][  0]LogSlate: Updating window title bar state: overlay mode, drag disabled, window buttons hidden, title bar hidden
[2021.01.31-15.00.44:488][  0]LogSlate: Updating window title bar state: overlay mode, drag disabled, window buttons hidden, title bar hidden
[2021.01.31-15.00.44:503][  0]LogSlate: Updating window title bar state: overlay mode, drag disabled, window buttons hidden, title bar hidden
[2021.01.31-15.00.44:513][  0]LogSlate: Updating window title bar state: overlay mode, drag disabled, window buttons hidden, title bar hidden
[2021.01.31-15.00.44:638][  0]LogCollectionManager: Loaded 0 collections in 0.001727 seconds
[2021.01.31-15.00.44:768][  0]LogFileCache: Scanning file cache for directory 'C:/Users/jose/Documents/Unreal Projects/Umbraculo/Saved/Collections/' took 0.00s
[2021.01.31-15.00.44:769][  0]LogFileCache: Scanning file cache for directory 'C:/Users/jose/Documents/Unreal Projects/Umbraculo/Content/Developers/jose/Collections/' took 0.00s
[2021.01.31-15.00.44:769][  0]LogFileCache: Scanning file cache for directory 'C:/Users/jose/Documents/Unreal Projects/Umbraculo/Content/Collections/' took 0.00s
[2021.01.31-15.00.44:769][  0]LogContentBrowser: Native class hierarchy populated in 0.0305 seconds. Added 3033 classes and 723 folders.
[2021.01.31-15.00.44:815][  0]LogContentBrowser: Native class hierarchy updated for 'WidgetCarousel' in 0.0008 seconds. Added 0 classes and 0 folders.
[2021.01.31-15.00.45:853][  0]LogContentBrowser: Native class hierarchy updated for 'AddContentDialog' in 0.0002 seconds. Added 0 classes and 0 folders.
[2021.01.31-15.00.45:918][  0]LogContentBrowser: Native class hierarchy updated for 'SceneOutliner' in 0.0005 seconds. Added 2 classes and 3 folders.
[2021.01.31-15.00.46:703][  0]LogSlate: Took 0.034043 seconds to synchronously load lazily loaded font '../../../Engine/Content/Slate/Fonts/Roboto-Regular.ttf' (155K)
[2021.01.31-15.00.46:757][  0]LogSlate: Took 0.035512 seconds to synchronously load lazily loaded font '../../../Engine/Content/Slate/Fonts/Roboto-Bold.ttf' (160K)
[2021.01.31-15.00.46:812][  0]LogSlate: Took 0.022384 seconds to synchronously load lazily loaded font '../../../Engine/Content/Editor/Slate/Fonts/FontAwesome.ttf' (139K)
[2021.01.31-15.00.47:163][  0]LogRenderer: Reallocating scene render targets to support 1004x564 Format 10 NumSamples 1 (Frame:1).
[2021.01.31-15.00.47:610][  0]LogContentBrowser: Native class hierarchy updated for 'HierarchicalLODOutliner' in 0.0004 seconds. Added 0 classes and 0 folders.
[2021.01.31-15.00.47:610][  0]LogLoad: (Engine Initialization) Total time: 88.19 seconds
[2021.01.31-15.00.47:610][  0]LogLoad: (Engine Initialization) Total Blueprint compile time: 0.00 seconds
[2021.01.31-15.00.47:753][  0]LogContentStreaming: Texture pool size now 1000 MB
[2021.01.31-15.00.47:854][  0]LogSlate: Took 0.013187 seconds to synchronously load lazily loaded font '../../../Engine/Content/Slate/Fonts/Roboto-Light.ttf' (167K)
[2021.01.31-15.00.49:509][ 26]LogAssetRegistry: Asset discovery search completed in 57.6648 seconds
[2021.01.31-15.00.49:527][ 26]LogCollectionManager: Fixed up redirectors for 0 collections in 0.000020 seconds (updated 0 objects)
[2021.01.31-15.00.58:945][346]LogUObjectHash: Compacting FUObjectHashTables data took   0.50ms
[2021.01.31-15.00.59:054][346]LogSlate: Window 'Umbraculo - Unreal Editor' being destroyed
[2021.01.31-15.00.59:062][346]LogWindowsTextInputMethodSystem: Display: IME system now deactivated.
[2021.01.31-15.00.59:329][347]Cmd: QUIT_EDITOR
[2021.01.31-15.00.59:329][347]LogCore: Engine exit requested (reason: UUnrealEdEngine::CloseEditor())
[2021.01.31-15.00.59:358][347]LogCore: Engine exit requested (reason: EngineExit() was called; note: exit was already requested)
[2021.01.31-15.00.59:375][347]LogAudioMixer: Display: No commands were queued while flushing the source manager.
[2021.01.31-15.00.59:507][347]LogExit: Preparing to exit.
[2021.01.31-15.01.00:130][347]LogUObjectHash: Compacting FUObjectHashTables data took   1.74ms
[2021.01.31-15.01.00:241][347]LogWorld: UWorld::CleanupWorld for World_0, bSessionEnded=true, bCleanupResources=true
[2021.01.31-15.01.00:241][347]LogWorld: UWorld::CleanupWorld for World_1, bSessionEnded=true, bCleanupResources=true
[2021.01.31-15.01.00:440][347]LogWorld: UWorld::CleanupWorld for None, bSessionEnded=true, bCleanupResources=true
[2021.01.31-15.01.00:440][347]LogExit: Editor shut down
[2021.01.31-15.01.00:441][347]LogExit: Transaction tracking system shut down
[2021.01.31-15.01.00:444][347]LogDemo: Cleaned up 0 splitscreen connections with owner deletion
[2021.01.31-15.01.01:171][347]LogExit: Object subsystem successfully closed.
[2021.01.31-15.01.01:230][347]LogShaderCompilers: Display: Shaders left to compile 0
[2021.01.31-15.01.01:613][347]LogModuleManager: Shutting down and abandoning module HierarchicalLODOutliner (702)
[2021.01.31-15.01.01:613][347]LogModuleManager: Shutting down and abandoning module SceneOutliner (700)
[2021.01.31-15.01.01:613][347]LogModuleManager: Shutting down and abandoning module AddContentDialog (698)
[2021.01.31-15.01.01:614][347]LogModuleManager: Shutting down and abandoning module WidgetCarousel (697)
[2021.01.31-15.01.01:614][347]LogModuleManager: Shutting down and abandoning module EditorWidgets (694)
[2021.01.31-15.01.01:614][347]LogModuleManager: Shutting down and abandoning module CollectionManager (692)
[2021.01.31-15.01.01:614][347]LogModuleManager: Shutting down and abandoning module StatsViewer (690)
[2021.01.31-15.01.01:625][347]LogModuleManager: Shutting down and abandoning module VirtualTexturingEditor (688)
[2021.01.31-15.01.01:625][347]LogModuleManager: Shutting down and abandoning module FoliageEdit (686)
[2021.01.31-15.01.01:625][347]LogModuleManager: Shutting down and abandoning module LandscapeEditor (684)
[2021.01.31-15.01.01:657][347]LogModuleManager: Shutting down and abandoning module MeshPaintMode (682)
[2021.01.31-15.01.01:657][347]LogModuleManager: Shutting down and abandoning module SceneDepthPickerMode (680)
[2021.01.31-15.01.01:657][347]LogModuleManager: Shutting down and abandoning module ActorPickerMode (678)
[2021.01.31-15.01.01:657][347]LogModuleManager: Shutting down and abandoning module GeometryMode (676)
[2021.01.31-15.01.01:657][347]LogModuleManager: Shutting down and abandoning module TextureAlignMode (674)
[2021.01.31-15.01.01:657][347]LogModuleManager: Shutting down and abandoning module BspMode (672)
[2021.01.31-15.01.01:657][347]LogModuleManager: Shutting down and abandoning module PIEPreviewDeviceProfileSelector (670)
[2021.01.31-15.01.01:662][347]LogModuleManager: Shutting down and abandoning module SequenceRecorderSections (668)
[2021.01.31-15.01.01:662][347]LogModuleManager: Shutting down and abandoning module AutomationWorker (666)
[2021.01.31-15.01.01:662][347]LogModuleManager: Shutting down and abandoning module SteamVREditor (664)
[2021.01.31-15.01.01:662][347]LogModuleManager: Shutting down and abandoning module OculusMR (662)
[2021.01.31-15.01.01:662][347]LogModuleManager: Shutting down and abandoning module AudioCaptureEditor (660)
[2021.01.31-15.01.01:662][347]LogModuleManager: Shutting down and abandoning module MatineeToLevelSequence (658)
[2021.01.31-15.01.01:662][347]LogModuleManager: Shutting down and abandoning module LevelSequenceEditor (656)
[2021.01.31-15.01.01:678][347]LogModuleManager: Shutting down and abandoning module PlacementMode (655)
[2021.01.31-15.01.01:678][347]LogModuleManager: Shutting down and abandoning module MaterialEditor (654)
[2021.01.31-15.01.01:690][347]LogModuleManager: Shutting down and abandoning module ActorSequenceEditor (650)
[2021.01.31-15.01.01:700][347]LogModuleManager: Shutting down and abandoning module WmfMediaFactory (648)
[2021.01.31-15.01.01:700][347]LogModuleManager: Shutting down and abandoning module WmfMediaEditor (646)
[2021.01.31-15.01.01:700][347]LogModuleManager: Shutting down and abandoning module WebMMediaFactory (644)
[2021.01.31-15.01.01:700][347]LogModuleManager: Shutting down and abandoning module WebMMediaEditor (642)
[2021.01.31-15.01.01:700][347]LogModuleManager: Shutting down and abandoning module WebMMedia (640)
[2021.01.31-15.01.01:700][347]LogModuleManager: Shutting down and abandoning module MediaPlayerEditor (638)
[2021.01.31-15.01.01:701][347]LogModuleManager: Shutting down and abandoning module MediaCompositingEditor (636)
[2021.01.31-15.01.01:709][347]LogModuleManager: Shutting down and abandoning module SequenceRecorder (635)
[2021.01.31-15.01.01:709][347]LogModuleManager: Shutting down and abandoning module OpenExrWrapper (632)
[2021.01.31-15.01.01:709][347]LogModuleManager: Shutting down and abandoning module ImgMediaFactory (630)
[2021.01.31-15.01.01:710][347]LogModuleManager: Shutting down and abandoning module ImgMediaEditor (628)
[2021.01.31-15.01.01:710][347]LogModuleManager: Shutting down and abandoning module AvfMediaFactory (626)
[2021.01.31-15.01.01:710][347]LogModuleManager: Shutting down and abandoning module AvfMediaEditor (624)
[2021.01.31-15.01.01:710][347]LogModuleManager: Shutting down and abandoning module AndroidMediaFactory (622)
[2021.01.31-15.01.01:710][347]LogModuleManager: Shutting down and abandoning module AndroidMediaEditor (620)
[2021.01.31-15.01.01:710][347]LogModuleManager: Shutting down and abandoning module MagicLeapMediaCodecFactory (618)
[2021.01.31-15.01.01:710][347]LogModuleManager: Shutting down and abandoning module MagicLeapMediaFactory (616)
[2021.01.31-15.01.01:710][347]LogModuleManager: Shutting down and abandoning module MagicLeapMediaEditor (614)
[2021.01.31-15.01.01:710][347]LogModuleManager: Shutting down and abandoning module CharacterAI (612)
[2021.01.31-15.01.01:710][347]LogModuleManager: Shutting down and abandoning module SmartSnapping (610)
[2021.01.31-15.01.01:710][347]LogModuleManager: Shutting down and abandoning module SessionServices (608)
[2021.01.31-15.01.01:710][347]LogModuleManager: Shutting down and abandoning module MeshPaint (606)
[2021.01.31-15.01.01:721][347]LogModuleManager: Shutting down and abandoning module ViewportSnapping (604)
[2021.01.31-15.01.01:721][347]LogModuleManager: Shutting down and abandoning module ViewportInteraction (602)
[2021.01.31-15.01.01:721][347]LogModuleManager: Shutting down and abandoning module ClothPainter (600)
[2021.01.31-15.01.01:721][347]LogModuleManager: Shutting down and abandoning module SkeletalMeshEditor (599)
[2021.01.31-15.01.01:738][347]LogModuleManager: Shutting down and abandoning module LogVisualizer (596)
[2021.01.31-15.01.01:743][347]LogModuleManager: Shutting down and abandoning module IntroTutorials (594)
[2021.01.31-15.01.01:753][347]LogModuleManager: Shutting down and abandoning module GameProjectGeneration (593)
[2021.01.31-15.01.01:762][347]LogModuleManager: Shutting down and abandoning module LuminPlatformEditor (590)
[2021.01.31-15.01.01:762][347]LogModuleManager: Shutting down and abandoning module IOSPlatformEditor (588)
[2021.01.31-15.01.01:763][347]LogModuleManager: Shutting down and abandoning module AndroidPlatformEditor (586)
[2021.01.31-15.01.01:763][347]LogModuleManager: Shutting down and abandoning module AndroidDeviceDetection (585)
[2021.01.31-15.01.02:538][347]LogModuleManager: Shutting down and abandoning module WindowsPlatformEditor (582)
[2021.01.31-15.01.02:538][347]LogModuleManager: Shutting down and abandoning module LuminRuntimeSettings (580)
[2021.01.31-15.01.02:538][347]LogModuleManager: Shutting down and abandoning module IOSRuntimeSettings (578)
[2021.01.31-15.01.02:539][347]LogModuleManager: Shutting down and abandoning module AndroidRuntimeSettings (576)
[2021.01.31-15.01.02:539][347]LogModuleManager: Shutting down and abandoning module EditorInteractiveToolsFramework (574)
[2021.01.31-15.01.02:539][347]LogModuleManager: Shutting down and abandoning module TimeManagementEditor (572)
[2021.01.31-15.01.02:539][347]LogModuleManager: Shutting down and abandoning module InputBindingEditor (570)
[2021.01.31-15.01.02:539][347]LogModuleManager: Shutting down and abandoning module MergeActors (568)
[2021.01.31-15.01.02:553][347]LogModuleManager: Shutting down and abandoning module LocalizationDashboard (566)
[2021.01.31-15.01.02:553][347]LogModuleManager: Shutting down and abandoning module LocalizationService (565)
[2021.01.31-15.01.02:560][347]LogModuleManager: Shutting down and abandoning module HardwareTargeting (562)
[2021.01.31-15.01.02:560][347]LogModuleManager: Shutting down and abandoning module DeviceProfileEditor (560)
[2021.01.31-15.01.02:560][347]LogModuleManager: Shutting down and abandoning module UndoHistory (558)
[2021.01.31-15.01.02:560][347]LogModuleManager: Shutting down and abandoning module XmlParser (556)
[2021.01.31-15.01.02:560][347]LogModuleManager: Shutting down and abandoning module Blutility (554)
[2021.01.31-15.01.02:560][347]LogModuleManager: Shutting down and abandoning module ProjectSettingsViewer (552)
[2021.01.31-15.01.02:561][347]LogModuleManager: Shutting down and abandoning module ProjectTargetPlatformEditor (551)
[2021.01.31-15.01.02:561][347]LogModuleManager: Shutting down and abandoning module EditorSettingsViewer (548)
[2021.01.31-15.01.02:561][347]LogModuleManager: Shutting down and abandoning module SettingsEditor (546)
[2021.01.31-15.01.02:561][347]LogModuleManager: Shutting down and abandoning module ProjectLauncher (544)
[2021.01.31-15.01.02:577][347]LogModuleManager: Shutting down and abandoning module SessionFrontend (542)
[2021.01.31-15.01.02:577][347]LogModuleManager: Shutting down and abandoning module ProfilerClient (540)
[2021.01.31-15.01.02:586][347]LogModuleManager: Shutting down and abandoning module DeviceManager (538)
[2021.01.31-15.01.02:586][347]LogModuleManager: Shutting down and abandoning module TargetDeviceServices (537)
[2021.01.31-15.01.02:618][347]LogModuleManager: Shutting down and abandoning module AutomationController (534)
[2021.01.31-15.01.02:618][347]LogModuleManager: Shutting down and abandoning module AutomationWindow (532)
[2021.01.31-15.01.02:632][347]LogModuleManager: Shutting down and abandoning module Layers (530)
[2021.01.31-15.01.02:645][347]LogModuleManager: Shutting down and abandoning module ComponentVisualizers (528)
[2021.01.31-15.01.02:645][347]LogModuleManager: Shutting down and abandoning module DetailCustomizations (526)
[2021.01.31-15.01.02:645][347]LogModuleManager: Shutting down and abandoning module PackagesDialog (524)
[2021.01.31-15.01.02:661][347]LogModuleManager: Shutting down and abandoning module AnimationBlueprintEditor (522)
[2021.01.31-15.01.02:680][347]LogModuleManager: Shutting down and abandoning module Persona (520)
[2021.01.31-15.01.02:680][347]LogModuleManager: Shutting down and abandoning module AdvancedPreviewScene (519)
[2021.01.31-15.01.02:680][347]LogModuleManager: Shutting down and abandoning module AnimGraph (517)
[2021.01.31-15.01.02:680][347]LogModuleManager: Shutting down and abandoning module Kismet (514)
[2021.01.31-15.01.02:689][347]LogModuleManager: Shutting down and abandoning module KismetWidgets (513)
[2021.01.31-15.01.02:698][347]LogModuleManager: Shutting down and abandoning module GraphEditor (510)
[2021.01.31-15.01.02:722][347]LogModuleManager: Shutting down and abandoning module StructViewer (508)
[2021.01.31-15.01.02:722][347]LogModuleManager: Shutting down and abandoning module ClassViewer (506)
[2021.01.31-15.01.02:722][347]LogModuleManager: Shutting down and abandoning module Toolbox (504)
[2021.01.31-15.01.02:722][347]LogModuleManager: Shutting down and abandoning module ModuleUI (502)
[2021.01.31-15.01.02:728][347]LogModuleManager: Shutting down and abandoning module OutputLog (500)
[2021.01.31-15.01.02:736][347]LogModuleManager: Shutting down and abandoning module GammaUI (498)
[2021.01.31-15.01.02:746][347]LogModuleManager: Shutting down and abandoning module Documentation (496)
[2021.01.31-15.01.02:746][347]LogModuleManager: Shutting down and abandoning module ToolMenus (494)
[2021.01.31-15.01.02:746][347]LogModuleManager: Shutting down and abandoning module LiveCoding (492)
[2021.01.31-15.01.02:746][347]LogModuleManager: Shutting down and abandoning module LevelSequence (490)
[2021.01.31-15.01.02:746][347]LogModuleManager: Shutting down and abandoning module MovieSceneTracks (488)
[2021.01.31-15.01.02:746][347]LogModuleManager: Shutting down and abandoning module MovieScene (486)
[2021.01.31-15.01.02:746][347]LogModuleManager: Shutting down and abandoning module StreamingPauseRendering (484)
[2021.01.31-15.01.02:746][347]LogModuleManager: Shutting down and abandoning module LauncherPlatform (482)
[2021.01.31-15.01.02:746][347]LogModuleManager: Shutting down and abandoning module AnalyticsET (480)
[2021.01.31-15.01.02:747][347]LogModuleManager: Shutting down and abandoning module PortalServices (478)
[2021.01.31-15.01.02:747][347]LogModuleManager: Shutting down and abandoning module PortalRpc (476)
[2021.01.31-15.01.02:747][347]LogModuleManager: Shutting down and abandoning module MessagingRpc (474)
[2021.01.31-15.01.02:747][347]LogModuleManager: Shutting down and abandoning module AudioMixerXAudio2 (472)
[2021.01.31-15.01.02:747][347]LogModuleManager: Shutting down and abandoning module AIModule (470)
[2021.01.31-15.01.02:747][347]LogModuleManager: Shutting down and abandoning module GameplayDebugger (469)
[2021.01.31-15.01.02:747][347]LogModuleManager: Shutting down and abandoning module AITestSuite (467)
[2021.01.31-15.01.02:747][347]LogModuleManager: Shutting down and abandoning module NavigationSystem (465)
[2021.01.31-15.01.02:747][347]LogModuleManager: Shutting down and abandoning module ImageWriteQueue (462)
[2021.01.31-15.01.02:755][347]LogModuleManager: Shutting down and abandoning module ProfilerService (460)
[2021.01.31-15.01.02:848][347]LogModuleManager: Shutting down and abandoning module TaskGraph (458)
[2021.01.31-15.01.02:855][347]LogModuleManager: Shutting down and abandoning module ScreenshotTools (456)
[2021.01.31-15.01.02:855][347]LogModuleManager: Shutting down and abandoning module ProceduralMeshComponentEditor (454)
[2021.01.31-15.01.02:855][347]LogModuleManager: Shutting down and abandoning module ProceduralMeshComponent (452)
[2021.01.31-15.01.02:855][347]LogModuleManager: Shutting down and abandoning module OculusEditor (450)
[2021.01.31-15.01.02:855][347]LogModuleManager: Shutting down and abandoning module OculusInput (448)
[2021.01.31-15.01.02:855][347]LogModuleManager: Shutting down and abandoning module MobilePatchingUtils (446)
[2021.01.31-15.01.02:855][347]LogModuleManager: Shutting down and abandoning module EditableMesh (444)
[2021.01.31-15.01.02:868][347]LogModuleManager: Shutting down and abandoning module CustomMeshComponent (442)
[2021.01.31-15.01.02:868][347]LogModuleManager: Shutting down and abandoning module CableComponent (440)
[2021.01.31-15.01.02:868][347]LogModuleManager: Shutting down and abandoning module AudioCapture (438)
[2021.01.31-15.01.02:868][347]LogModuleManager: Shutting down and abandoning module AudioCaptureRtAudio (437)
[2021.01.31-15.01.02:868][347]LogModuleManager: Shutting down and abandoning module AssetTags (434)
[2021.01.31-15.01.02:868][347]LogModuleManager: Shutting down and abandoning module ArchVisCharacter (432)
[2021.01.31-15.01.02:868][347]LogModuleManager: Shutting down and abandoning module AppleImageUtilsBlueprintSupport (430)
[2021.01.31-15.01.02:868][347]LogModuleManager: Shutting down and abandoning module AppleImageUtils (428)
[2021.01.31-15.01.02:868][347]LogModuleManager: Shutting down and abandoning module AndroidPermission (426)
[2021.01.31-15.01.02:868][347]LogModuleManager: Shutting down and abandoning module NUTUnrealEngine4 (424)
[2021.01.31-15.01.02:868][347]LogModuleManager: Shutting down and abandoning module NetcodeUnitTest (422)
[2021.01.31-15.01.02:868][347]LogModuleManager: Shutting down and abandoning module MediaCompositing (420)
[2021.01.31-15.01.02:868][347]LogModuleManager: Shutting down and abandoning module ImgMedia (418)
[2021.01.31-15.01.02:874][347]LogModuleManager: Shutting down and abandoning module MagicLeapHelperVulkan (416)
[2021.01.31-15.01.02:874][347]LogModuleManager: Shutting down and abandoning module MagicLeapHelperOpenGL (414)
[2021.01.31-15.01.02:875][347]LogModuleManager: Shutting down and abandoning module MagicLeapAudio (412)
[2021.01.31-15.01.02:875][347]LogModuleManager: Shutting down and abandoning module GeometryCacheTracks (410)
[2021.01.31-15.01.02:875][347]LogModuleManager: Shutting down and abandoning module GeometryCacheSequencer (408)
[2021.01.31-15.01.02:875][347]LogModuleManager: Shutting down and abandoning module BackChannel (406)
[2021.01.31-15.01.02:875][347]LogModuleManager: Shutting down and abandoning module AutomationUtilsEditor (404)
[2021.01.31-15.01.02:875][347]LogModuleManager: Shutting down and abandoning module AutomationUtils (402)
[2021.01.31-15.01.02:875][347]LogModuleManager: Shutting down and abandoning module AlembicImporter (400)
[2021.01.31-15.01.02:882][347]LogModuleManager: Shutting down and abandoning module AlembicLibrary (399)
[2021.01.31-15.01.02:882][347]LogModuleManager: Shutting down and abandoning module GeometryCache (398)
[2021.01.31-15.01.02:882][347]LogModuleManager: Shutting down and abandoning module GeometryCacheEd (397)
[2021.01.31-15.01.02:882][347]LogModuleManager: Shutting down and abandoning module VariantManagerContentEditor (392)
[2021.01.31-15.01.02:882][347]LogModuleManager: Shutting down and abandoning module DatasmithContentEditor (390)
[2021.01.31-15.01.02:882][347]LogModuleManager: Shutting down and abandoning module SpeedTreeImporter (388)
[2021.01.31-15.01.02:882][347]LogModuleManager: Shutting down and abandoning module PluginBrowser (386)
[2021.01.31-15.01.02:882][347]LogModuleManager: Shutting down and abandoning module MobileLauncherProfileWizard (384)
[2021.01.31-15.01.02:890][347]LogModuleManager: Shutting down and abandoning module MaterialAnalyzer (382)
[2021.01.31-15.01.02:890][347]LogModuleManager: Shutting down and abandoning module EditorScriptingUtilities (380)
[2021.01.31-15.01.02:890][347]LogModuleManager: Shutting down and abandoning module CurveEditorTools (378)
[2021.01.31-15.01.02:898][347]LogModuleManager: Shutting down and abandoning module CryptoKeysOpenSSL (376)
[2021.01.31-15.01.02:898][347]LogModuleManager: Shutting down and abandoning module CryptoKeys (374)
[2021.01.31-15.01.02:898][347]LogModuleManager: Shutting down and abandoning module VisualStudioSourceCodeAccess (372)
[2021.01.31-15.01.02:898][347]LogModuleManager: Shutting down and abandoning module VisualStudioCodeSourceCodeAccess (370)
[2021.01.31-15.01.02:898][347]LogModuleManager: Shutting down and abandoning module UObjectPlugin (368)
[2021.01.31-15.01.02:898][347]LogModuleManager: Shutting down and abandoning module SubversionSourceControl (366)
[2021.01.31-15.01.02:898][347]LogModuleManager: Shutting down and abandoning module PlasticSourceControl (364)
[2021.01.31-15.01.02:909][347]LogModuleManager: Shutting down and abandoning module PerforceSourceControl (362)
[2021.01.31-15.01.02:914][347]LogModuleManager: Shutting down and abandoning module GitSourceControl (360)
[2021.01.31-15.01.02:915][347]LogModuleManager: Shutting down and abandoning module SourceControl (359)
[2021.01.31-15.01.02:921][347]LogModuleManager: Shutting down and abandoning module CLionSourceCodeAccess (356)
[2021.01.31-15.01.02:921][347]LogModuleManager: Shutting down and abandoning module AnimationSharingEd (354)
[2021.01.31-15.01.02:921][347]LogModuleManager: Shutting down and abandoning module ActorLayerUtilitiesEditor (352)
[2021.01.31-15.01.02:921][347]LogModuleManager: Shutting down and abandoning module ActorLayerUtilities (350)
[2021.01.31-15.01.02:921][347]LogModuleManager: Shutting down and abandoning module LightPropagationVolumeEditor (348)
[2021.01.31-15.01.02:921][347]LogModuleManager: Shutting down and abandoning module PaperTiledImporter (346)
[2021.01.31-15.01.02:921][347]LogModuleManager: Shutting down and abandoning module PaperSpriteSheetImporter (344)
[2021.01.31-15.01.02:921][347]LogModuleManager: Shutting down and abandoning module Paper2DEditor (342)
[2021.01.31-15.01.02:930][347]LogModuleManager: Shutting down and abandoning module SignificanceManager (340)
[2021.01.31-15.01.02:930][347]LogModuleManager: Shutting down and abandoning module RuntimePhysXCooking (338)
[2021.01.31-15.01.02:930][347]LogModuleManager: Shutting down and abandoning module PhysXVehiclesEditor (336)
[2021.01.31-15.01.02:930][347]LogModuleManager: Shutting down and abandoning module LocationServicesBPLibrary (332)
[2021.01.31-15.01.02:930][347]LogModuleManager: Shutting down and abandoning module ActorSequence (330)
[2021.01.31-15.01.02:930][347]LogModuleManager: Shutting down and abandoning module UdpMessaging (328)
[2021.01.31-15.01.03:031][347]LogModuleManager: Shutting down and abandoning module TcpMessaging (326)
[2021.01.31-15.01.03:132][347]LogModuleManager: Shutting down and abandoning module MagicLeapPrivileges (324)
[2021.01.31-15.01.03:132][347]LogModuleManager: Shutting down and abandoning module MagicLeapPlanes (322)
[2021.01.31-15.01.03:132][347]LogMagicLeapPlanes: Planes tracker already destroyed.
[2021.01.31-15.01.03:132][347]LogModuleManager: Shutting down and abandoning module MagicLeapIdentity (320)
[2021.01.31-15.01.03:132][347]LogModuleManager: Shutting down and abandoning module MagicLeapSecureStorage (318)
[2021.01.31-15.01.03:132][347]LogModuleManager: Shutting down and abandoning module MagicLeapImageTracker (316)
[2021.01.31-15.01.03:132][347]LogModuleManager: Shutting down and abandoning module MagicLeapHandTracking (314)
[2021.01.31-15.01.03:132][347]LogModuleManager: Shutting down and abandoning module MagicLeapHandMeshing (312)
[2021.01.31-15.01.03:132][347]LogModuleManager: Shutting down and abandoning module MagicLeapEyeTracker (310)
[2021.01.31-15.01.03:132][347]LogModuleManager: Shutting down and abandoning module MagicLeapController (308)
[2021.01.31-15.01.03:133][347]LogSlate: Slate User Destroyed.  User Index 0, Is Virtual User: 0
[2021.01.31-15.01.03:133][347]LogModuleManager: Shutting down and abandoning module MagicLeapARPin (306)
[2021.01.31-15.01.03:133][347]LogModuleManager: Shutting down and abandoning module MagicLeapAR (304)
[2021.01.31-15.01.03:133][347]LogModuleManager: Shutting down and abandoning module AugmentedReality (303)
[2021.01.31-15.01.03:133][347]LogModuleManager: Shutting down and abandoning module PythonScriptPlugin (300)
[2021.01.31-15.01.03:134][347]LogModuleManager: Shutting down and abandoning module GameplayTagsEditor (298)
[2021.01.31-15.01.03:143][347]LogModuleManager: Shutting down and abandoning module FacialAnimationEditor (296)
[2021.01.31-15.01.03:143][347]LogModuleManager: Shutting down and abandoning module FacialAnimation (294)
[2021.01.31-15.01.03:143][347]LogModuleManager: Shutting down and abandoning module DataValidation (292)
[2021.01.31-15.01.03:143][347]LogModuleManager: Shutting down and abandoning module AssetManagerEditor (290)
[2021.01.31-15.01.03:153][347]LogModuleManager: Shutting down and abandoning module LevelEditor (289)
[2021.01.31-15.01.03:154][347]LogModuleManager: Shutting down and abandoning module PixelInspectorModule (288)
[2021.01.31-15.01.03:154][347]LogModuleManager: Shutting down and abandoning module CommonMenuExtensions (286)
[2021.01.31-15.01.03:154][347]LogModuleManager: Shutting down and abandoning module MainFrame (284)
[2021.01.31-15.01.03:154][347]LogModuleManager: Shutting down and abandoning module HotReload (283)
[2021.01.31-15.01.03:154][347]LogModuleManager: Shutting down and abandoning module ContentBrowser (279)
[2021.01.31-15.01.03:155][347]LogModuleManager: Shutting down and abandoning module TreeMap (277)
[2021.01.31-15.01.03:155][347]LogModuleManager: Shutting down and abandoning module AnimationSharing (274)
[2021.01.31-15.01.03:155][347]LogModuleManager: Shutting down and abandoning module LightPropagationVolumeRuntime (272)
[2021.01.31-15.01.03:155][347]LogModuleManager: Shutting down and abandoning module Paper2D (270)
[2021.01.31-15.01.03:155][347]LogModuleManager: Shutting down and abandoning module WindowsMoviePlayer (268)
[2021.01.31-15.01.03:155][347]LogModuleManager: Shutting down and abandoning module WebMMoviePlayer (266)
[2021.01.31-15.01.03:155][347]LogModuleManager: Shutting down and abandoning module NetworkReplayStreaming (264)
[2021.01.31-15.01.03:155][347]LogModuleManager: Shutting down and abandoning module PacketHandler (262)
[2021.01.31-15.01.03:162][347]LogModuleManager: Shutting down and abandoning module ClothingSystemEditor (260)
[2021.01.31-15.01.03:162][347]LogModuleManager: Shutting down and abandoning module ClothingSystemRuntimeNv (258)
[2021.01.31-15.01.03:169][347]LogModuleManager: Shutting down and abandoning module MediaAssets (256)
[2021.01.31-15.01.03:169][347]LogModuleManager: Shutting down and abandoning module Overlay (254)
[2021.01.31-15.01.03:169][347]LogModuleManager: Shutting down and abandoning module OverlayEditor (253)
[2021.01.31-15.01.03:169][347]LogModuleManager: Shutting down and abandoning module VREditor (250)
[2021.01.31-15.01.03:173][347]LogModuleManager: Shutting down and abandoning module StringTableEditor (248)
[2021.01.31-15.01.03:177][347]LogModuleManager: Shutting down and abandoning module GameplayTasksEditor (246)
[2021.01.31-15.01.03:177][347]LogModuleManager: Shutting down and abandoning module BehaviorTreeEditor (244)
[2021.01.31-15.01.03:191][347]LogModuleManager: Shutting down and abandoning module FunctionalTesting (242)
[2021.01.31-15.01.03:191][347]LogModuleManager: Shutting down and abandoning module CollisionAnalyzer (240)
[2021.01.31-15.01.03:191][347]LogModuleManager: Shutting down and abandoning module WorkspaceMenuStructure (239)
[2021.01.31-15.01.03:191][347]LogModuleManager: Shutting down and abandoning module UMG (236)
[2021.01.31-15.01.03:191][347]LogModuleManager: Shutting down and abandoning module UMGEditor (235)
[2021.01.31-15.01.03:191][347]LogModuleManager: Shutting down and abandoning module MessageLog (233)
[2021.01.31-15.01.03:191][347]LogModuleManager: Shutting down and abandoning module SlateReflector (228)
[2021.01.31-15.01.03:211][347]LogModuleManager: Shutting down and abandoning module Slate (226)
[2021.01.31-15.01.03:211][347]LogModuleManager: Shutting down and abandoning module SlateCore (224)
[2021.01.31-15.01.03:211][347]LogModuleManager: Shutting down and abandoning module LandscapeEditorUtilities (222)
[2021.01.31-15.01.03:211][347]LogModuleManager: Shutting down and abandoning module UnrealEd (220)
[2021.01.31-15.01.03:211][347]LogModuleManager: Shutting down and abandoning module MRMesh (218)
[2021.01.31-15.01.03:211][347]LogModuleManager: Shutting down and abandoning module SourceCodeAccess (216)
[2021.01.31-15.01.03:211][347]LogModuleManager: Shutting down and abandoning module HeadMountedDisplay (214)
[2021.01.31-15.01.03:211][347]LogModuleManager: Shutting down and abandoning module XAudio2 (212)
[2021.01.31-15.01.03:211][347]LogModuleManager: Shutting down and abandoning module Networking (210)
[2021.01.31-15.01.03:211][347]LogModuleManager: Shutting down and abandoning module Core (208)
[2021.01.31-15.01.03:211][347]LogModuleManager: Shutting down and abandoning module MovieSceneTools (206)
[2021.01.31-15.01.03:211][347]LogModuleManager: Shutting down and abandoning module CurveEditor (205)
[2021.01.31-15.01.03:213][347]LogModuleManager: Shutting down and abandoning module Sequencer (203)
[2021.01.31-15.01.03:226][347]LogModuleManager: Shutting down and abandoning module EditorStyle (202)
[2021.01.31-15.01.03:226][347]LogModuleManager: Shutting down and abandoning module KismetCompiler (198)
[2021.01.31-15.01.03:226][347]LogModuleManager: Shutting down and abandoning module MeshUtilities (196)
[2021.01.31-15.01.03:236][347]LogModuleManager: Shutting down and abandoning module MeshMergeUtilities (195)
[2021.01.31-15.01.03:236][347]LogModuleManager: Shutting down and abandoning module MeshReductionInterface (194)
[2021.01.31-15.01.03:236][347]LogModuleManager: Shutting down and abandoning module MeshBoneReduction (193)
[2021.01.31-15.01.03:236][347]LogModuleManager: Shutting down and abandoning module SkeletalMeshReduction (191)
[2021.01.31-15.01.03:244][347]LogModuleManager: Shutting down and abandoning module ProxyLODMeshReduction (189)
[2021.01.31-15.01.03:249][347]LogModuleManager: Shutting down and abandoning module QuadricMeshReduction (187)
[2021.01.31-15.01.03:249][347]LogModuleManager: Shutting down and abandoning module MaterialBaking (183)
[2021.01.31-15.01.03:255][347]LogModuleManager: Shutting down and abandoning module NullInstallBundleManager (178)
[2021.01.31-15.01.03:255][347]LogModuleManager: Shutting down and abandoning module DerivedDataCache (176)
[2021.01.31-15.01.03:255][347]LogDerivedDataCache: Shutdown
[2021.01.31-15.01.03:255][347]LogModuleManager: Shutting down and abandoning module XGEController (174)
[2021.01.31-15.01.03:255][347]LogXGEController: Cleaning working directory: C:/Users/jose/AppData/Local/Temp/UnrealXGEWorkingDir/
[2021.01.31-15.01.03:255][347]LogModuleManager: Shutting down and abandoning module TargetPlatform (172)
[2021.01.31-15.01.03:255][347]LogModuleManager: Shutting down and abandoning module VulkanShaderFormat (171)
[2021.01.31-15.01.03:255][347]LogModuleManager: Shutting down and abandoning module ShaderFormatVectorVM (169)
[2021.01.31-15.01.03:255][347]LogModuleManager: Shutting down and abandoning module ShaderFormatOpenGL (167)
[2021.01.31-15.01.03:267][347]LogModuleManager: Shutting down and abandoning module ShaderFormatD3D (165)
[2021.01.31-15.01.03:267][347]LogModuleManager: Shutting down and abandoning module MetalShaderFormat (163)
[2021.01.31-15.01.03:287][347]LogModuleManager: Shutting down and abandoning module TextureFormatUncompressed (161)
[2021.01.31-15.01.03:287][347]LogModuleManager: Shutting down and abandoning module TextureFormatPVR (159)
[2021.01.31-15.01.03:287][347]LogModuleManager: Shutting down and abandoning module TextureFormatDXT (157)
[2021.01.31-15.01.03:287][347]LogModuleManager: Shutting down and abandoning module TextureFormatIntelISPCTexComp (155)
[2021.01.31-15.01.03:287][347]LogModuleManager: Shutting down and abandoning module TextureFormatASTC (153)
[2021.01.31-15.01.03:287][347]LogModuleManager: Shutting down and abandoning module ImageWrapper (152)
[2021.01.31-15.01.03:287][347]LogModuleManager: Shutting down and abandoning module TextureFormatAndroid (149)
[2021.01.31-15.01.03:287][347]LogModuleManager: Shutting down and abandoning module AudioFormatOpus (147)
[2021.01.31-15.01.03:287][347]LogModuleManager: Shutting down and abandoning module AudioFormatOgg (145)
[2021.01.31-15.01.03:287][347]LogModuleManager: Shutting down and abandoning module AudioFormatADPCM (143)
[2021.01.31-15.01.03:287][347]LogModuleManager: Shutting down and abandoning module WindowsServerTargetPlatform (141)
[2021.01.31-15.01.03:287][347]LogModuleManager: Shutting down and abandoning module WindowsClientTargetPlatform (139)
[2021.01.31-15.01.03:287][347]LogModuleManager: Shutting down and abandoning module WindowsTargetPlatform (137)
[2021.01.31-15.01.03:287][347]LogModuleManager: Shutting down and abandoning module WindowsNoEditorTargetPlatform (135)
[2021.01.31-15.01.03:287][347]LogModuleManager: Shutting down and abandoning module TVOSTargetPlatform (133)
[2021.01.31-15.01.03:289][347]LogModuleManager: Shutting down and abandoning module LuminTargetPlatform (131)
[2021.01.31-15.01.03:290][347]LogModuleManager: Shutting down and abandoning module LinuxAArch64ServerTargetPlatform (129)
[2021.01.31-15.01.03:290][347]LogModuleManager: Shutting down and abandoning module LinuxAArch64ClientTargetPlatform (127)
[2021.01.31-15.01.03:290][347]LogModuleManager: Shutting down and abandoning module LinuxAArch64NoEditorTargetPlatform (125)
[2021.01.31-15.01.03:291][347]LogModuleManager: Shutting down and abandoning module LinuxServerTargetPlatform (123)
[2021.01.31-15.01.03:291][347]LogModuleManager: Shutting down and abandoning module LinuxClientTargetPlatform (121)
[2021.01.31-15.01.03:291][347]LogModuleManager: Shutting down and abandoning module LinuxNoEditorTargetPlatform (119)
[2021.01.31-15.01.03:291][347]LogModuleManager: Shutting down and abandoning module Messaging (117)
[2021.01.31-15.01.03:291][347]LogModuleManager: Shutting down and abandoning module IOSTargetPlatform (115)
[2021.01.31-15.01.03:292][347]LogModuleManager: Shutting down and abandoning module AndroidTargetPlatform (113)
[2021.01.31-15.01.03:308][347]LogModuleManager: Shutting down and abandoning module AllDesktopTargetPlatform (111)
[2021.01.31-15.01.03:308][347]LogModuleManager: Shutting down and abandoning module InputCore (108)
[2021.01.31-15.01.03:308][347]LogModuleManager: Shutting down and abandoning module Settings (106)
[2021.01.31-15.01.03:308][347]LogModuleManager: Shutting down and abandoning module DirectoryWatcher (104)
[2021.01.31-15.01.03:308][347]LogModuleManager: Shutting down and abandoning module PhysXCooking (102)
[2021.01.31-15.01.03:308][347]LogModuleManager: Shutting down and abandoning module ChaosSolvers (100)
[2021.01.31-15.01.03:308][347]LogModuleManager: Shutting down and abandoning module FieldSystemEngine (99)
[2021.01.31-15.01.03:309][347]LogModuleManager: Shutting down and abandoning module Chaos (96)
[2021.01.31-15.01.03:309][347]LogModuleManager: Shutting down and abandoning module WindowsPlatformFeatures (94)
[2021.01.31-15.01.03:309][347]LogModuleManager: Shutting down and abandoning module GameplayMediaEncoder (93)
[2021.01.31-15.01.03:315][347]LogModuleManager: Shutting down and abandoning module SteamVRInputDevice (90)
[2021.01.31-15.01.03:315][347]LogModuleManager: Shutting down and abandoning module SteamVRInput (88)
[2021.01.31-15.01.03:315][347]LogModuleManager: Shutting down and abandoning module SteamVR (86)
[2021.01.31-15.01.03:315][347]LogHMD: Freeing OpenVRDLLHandle.
[2021.01.31-15.01.03:315][347]LogModuleManager: Shutting down and abandoning module OculusHMD (84)
[2021.01.31-15.01.03:315][347]LogModuleManager: Shutting down and abandoning module ExampleDeviceProfileSelector (82)
[2021.01.31-15.01.03:315][347]LogModuleManager: Shutting down and abandoning module LauncherChunkInstaller (80)
[2021.01.31-15.01.03:315][347]LogModuleManager: Shutting down and abandoning module OnlineBlueprintSupport (78)
[2021.01.31-15.01.03:315][347]LogModuleManager: Shutting down and abandoning module OnlineSubsystem (74)
[2021.01.31-15.01.03:344][347]LogModuleManager: Shutting down and abandoning module XMPP (69)
[2021.01.31-15.01.03:350][347]LogModuleManager: Shutting down and abandoning module WebSockets (68)
[2021.01.31-15.01.03:396][347]LogModuleManager: Shutting down and abandoning module HTTP (65)
[2021.01.31-15.01.03:397][347]LogHttp: Display: Http module shutting down, but needs to wait on 1 outstanding Http requests:
[2021.01.31-15.01.03:397][347]LogHttp: Display: 	verb=[POST] url=[https://datarouter.ol.epicgames.com/datarouter/api/v1/public/data?SessionID=%7B04D8E07E-4B3D-3473-EB80-0F8EE7B85E85%7D&AppID=UEEditor.Rocket.Release&AppVersion=4.24.3-11590370%2B%2B%2BUE4%2BRelease-4.24&UserID=c68fc968422899e28f3687bf3e52677c%7C762c7ada8f0c4fb6ab212a8495a6c2f0%7Ccdfaeb55-4bfa-4936-a996-cd16c900bd9d&AppEnvironment=datacollector-binary&UploadType=eteventstream] refs=[1] status=Processing
[2021.01.31-15.01.03:412][347]LogModuleManager: Shutting down and abandoning module SSL (64)
[2021.01.31-15.01.03:415][347]LogModuleManager: Shutting down and abandoning module WmfMedia (60)
[2021.01.31-15.01.03:433][347]LogModuleManager: Shutting down and abandoning module Media (59)
[2021.01.31-15.01.03:435][347]LogModuleManager: Shutting down and abandoning module MagicLeap (56)
[2021.01.31-15.01.03:435][347]LogModuleManager: Shutting down and abandoning module VariantManagerContent (54)
[2021.01.31-15.01.03:435][347]LogModuleManager: Shutting down and abandoning module DatasmithContent (52)
[2021.01.31-15.01.03:435][347]LogModuleManager: Shutting down and abandoning module AISupportModule (50)
[2021.01.31-15.01.03:436][347]LogModuleManager: Shutting down and abandoning module DesktopPlatform (48)
[2021.01.31-15.01.03:436][347]LogModuleManager: Shutting down and abandoning module PythonScriptPluginPreload (46)
[2021.01.31-15.01.03:436][347]LogModuleManager: Shutting down and abandoning module PlatformCryptoOpenSSL (44)
[2021.01.31-15.01.03:436][347]LogModuleManager: Shutting down and abandoning module PlatformCryptoTypes (42)
[2021.01.31-15.01.03:436][347]LogModuleManager: Shutting down and abandoning module PlatformCrypto (40)
[2021.01.31-15.01.03:436][347]LogModuleManager: Shutting down and abandoning module AnimationModifiers (38)
[2021.01.31-15.01.03:441][347]LogModuleManager: Shutting down and abandoning module PropertyEditor (37)
[2021.01.31-15.01.03:448][347]LogModuleManager: Shutting down and abandoning module AudioEditor (34)
[2021.01.31-15.01.03:453][347]LogModuleManager: Shutting down and abandoning module TextureCompressor (32)
[2021.01.31-15.01.03:453][347]LogModuleManager: Shutting down and abandoning module RenderCore (30)
[2021.01.31-15.01.03:453][347]LogModuleManager: Shutting down and abandoning module Landscape (28)
[2021.01.31-15.01.03:453][347]LogModuleManager: Shutting down and abandoning module SlateRHIRenderer (26)
[2021.01.31-15.01.03:453][347]LogModuleManager: Shutting down and abandoning module OpenGLDrv (24)
[2021.01.31-15.01.03:463][347]LogModuleManager: Shutting down and abandoning module D3D11RHI (22)
[2021.01.31-15.01.03:463][347]LogModuleManager: Shutting down and abandoning module AnimGraphRuntime (20)
[2021.01.31-15.01.03:463][347]LogModuleManager: Shutting down and abandoning module Renderer (18)
[2021.01.31-15.01.03:463][347]LogModuleManager: Shutting down and abandoning module Engine (16)
[2021.01.31-15.01.03:463][347]LogModuleManager: Shutting down and abandoning module CoreUObject (14)
[2021.01.31-15.01.03:463][347]LogModuleManager: Shutting down and abandoning module NetworkFile (12)
[2021.01.31-15.01.03:463][347]LogModuleManager: Shutting down and abandoning module CookedIterativeFile (10)
[2021.01.31-15.01.03:463][347]LogModuleManager: Shutting down and abandoning module StreamingFile (8)
[2021.01.31-15.01.03:463][347]LogModuleManager: Shutting down and abandoning module SandboxFile (6)
[2021.01.31-15.01.03:463][347]LogModuleManager: Shutting down and abandoning module PakFile (4)
[2021.01.31-15.01.03:463][347]LogModuleManager: Shutting down and abandoning module RSA (3)
[2021.01.31-15.01.03:464][347]LogD3D11RHI: Shutdown
[2021.01.31-15.01.03:464][347]LogD3D11RHI: CleanupD3DDevice
[2021.01.31-15.01.03:481][347]LogExit: Exiting.
[2021.01.31-15.01.03:624][347]Log file closed, 01/31/21 16:01:03
